<?xml version="1.0" encoding="UTF-8"?>
<testsuites name="GUI - New budget" time="80.073" tests="9" failures="0" errors="0">
   <testsuite name="GUI - New budget" tests="9" failures="0" errors="0" time="80.073" skipped="0" timestamp="09-01-2024T00:54:04" hostname="pt071 - DESKTOP-BERKFUC" id="Test Suites/GUI - New budget">
      <properties>
         <property name="deviceName" value=""/>
         <property name="devicePlatform" value=""/>
         <property name="logFolder" value="C:\\Users\\pt071\\Katalon Studio\\My First API Project\\Reports\\20240109_005353\\GUI - New budget\\20240109_005353"/>
         <property name="logFiles" value="C:\\Users\\pt071\\Katalon Studio\\My First API Project\\Reports\\20240109_005353\\GUI - New budget\\20240109_005353\\execution0.log"/>
         <property name="attachments" value=""/>
         <property name="hostName" value="pt071 - DESKTOP-BERKFUC"/>
         <property name="os" value="Windows 10 64bit"/>
         <property name="katalonVersion" value="9.2.0.212"/>
         <property name="browser" value="Edge Chromium 120"/>
         <property name="hostAddress" value="192.168.1.4"/>
         <property name="sessionId" value="d89d12862061b58e69d0b89a92dddbe8"/>
         <property name="seleniumVersion" value="3.141.59"/>
         <property name="proxyInformation" value="ProxyInformation { proxyOption=NO_PROXY, proxyServerType=HTTP, username=, password=********, proxyServerAddress=, proxyServerPort=0, executionList=&quot;&quot;, isApplyToDesiredCapabilities=true }"/>
         <property name="platform" value="Windows 10"/>
      </properties>
      <testcase name="Test Cases/GUI - New Budget/TC1 - Check button to access new budget page" time="10.583" classname="Test Cases/GUI - New Budget/TC1 - Check button to access new budget page" status="PASSED">
         <system-out><![CDATA[09-01-2024T00:54:04 - [TEST_CASE][PASSED] - Test Cases/GUI - New Budget/TC1 - Check button to access new budget page: Test Cases/GUI - New Budget/TC1 - Check button to access new budget page

09-01-2024T00:54:05 - [TEST_STEP][PASSED] - openBrowser(""): Browser is opened with url: ''

09-01-2024T00:54:05 - [MESSAGE][INFO] - Starting 'Edge Chromium' driver

09-01-2024T00:54:06 - [MESSAGE][INFO] - Action delay is set to 0 milliseconds

09-01-2024T00:54:08 - [MESSAGE][PASSED] - Browser is opened with url: ''

09-01-2024T00:54:08 - [TEST_STEP][PASSED] - navigateToUrl("https://demo.firefly-iii.org/login"): Navigate to 'https://demo.firefly-iii.org/login' successfully

09-01-2024T00:54:09 - [MESSAGE][PASSED] - Navigate to 'https://demo.firefly-iii.org/login' successfully

09-01-2024T00:54:09 - [TEST_STEP][PASSED] - click(findTestObject("Object Repository/Page_Login to Firefly III/button_Sign in")): Object: 'Object Repository/Page_Login to Firefly III/button_Sign in' is clicked on

09-01-2024T00:54:11 - [MESSAGE][PASSED] - Object: 'Object Repository/Page_Login to Firefly III/button_Sign in' is clicked on

09-01-2024T00:54:11 - [TEST_STEP][PASSED] - click(findTestObject("Object Repository/Page_Whats playing  Firefly III/span_demofirefly_fa fa-plus-circle")): Object: 'Object Repository/Page_Whats playing  Firefly III/span_demofirefly_fa fa-plus-circle' is clicked on

09-01-2024T00:54:13 - [MESSAGE][PASSED] - Object: 'Object Repository/Page_Whats playing  Firefly III/span_demofirefly_fa fa-plus-circle' is clicked on

09-01-2024T00:54:13 - [TEST_STEP][PASSED] - click(findTestObject("Object Repository/Page_Whats playing  Firefly III/a_New budget")): Object: 'Object Repository/Page_Whats playing  Firefly III/a_New budget' is clicked on

09-01-2024T00:54:14 - [MESSAGE][PASSED] - Object: 'Object Repository/Page_Whats playing  Firefly III/a_New budget' is clicked on

09-01-2024T00:54:14 - [TEST_STEP][PASSED] - verifyElementPresent(findTestObject("Object Repository/Page Create new budget/auto_budget_input new budget"), 10): Object 'Object Repository/Page Create new budget/auto_budget_input new budget' is present

09-01-2024T00:54:15 - [MESSAGE][PASSED] - Object 'Object Repository/Page Create new budget/auto_budget_input new budget' is present

09-01-2024T00:54:15 - [TEST_STEP][PASSED] - closeBrowser(): Browser is closed

09-01-2024T00:54:15 - [MESSAGE][PASSED] - Browser is closed]]></system-out>
         <system-err><![CDATA[]]></system-err>
      </testcase>
      <testcase name="Test Cases/GUI - New Budget/TC2 - Check field Name input" time="8.813" classname="Test Cases/GUI - New Budget/TC2 - Check field Name input" status="PASSED">
         <system-out><![CDATA[09-01-2024T00:54:15 - [TEST_CASE][PASSED] - Test Cases/GUI - New Budget/TC2 - Check field Name input: Test Cases/GUI - New Budget/TC2 - Check field Name input

09-01-2024T00:54:15 - [TEST_STEP][PASSED] - openBrowser(""): Browser is opened with url: ''

09-01-2024T00:54:15 - [MESSAGE][INFO] - Starting 'Edge Chromium' driver

09-01-2024T00:54:15 - [MESSAGE][INFO] - Action delay is set to 0 milliseconds

09-01-2024T00:54:16 - [MESSAGE][PASSED] - Browser is opened with url: ''

09-01-2024T00:54:16 - [TEST_STEP][PASSED] - navigateToUrl("https://demo.firefly-iii.org/login"): Navigate to 'https://demo.firefly-iii.org/login' successfully

09-01-2024T00:54:17 - [MESSAGE][PASSED] - Navigate to 'https://demo.firefly-iii.org/login' successfully

09-01-2024T00:54:17 - [TEST_STEP][PASSED] - click(findTestObject("Object Repository/Page_Login to Firefly III/button_Sign in")): Object: 'Object Repository/Page_Login to Firefly III/button_Sign in' is clicked on

09-01-2024T00:54:19 - [MESSAGE][PASSED] - Object: 'Object Repository/Page_Login to Firefly III/button_Sign in' is clicked on

09-01-2024T00:54:19 - [TEST_STEP][PASSED] - click(findTestObject("Object Repository/Page_Whats playing  Firefly III/span_demofirefly_fa fa-plus-circle")): Object: 'Object Repository/Page_Whats playing  Firefly III/span_demofirefly_fa fa-plus-circle' is clicked on

09-01-2024T00:54:21 - [MESSAGE][PASSED] - Object: 'Object Repository/Page_Whats playing  Firefly III/span_demofirefly_fa fa-plus-circle' is clicked on

09-01-2024T00:54:21 - [TEST_STEP][PASSED] - click(findTestObject("Object Repository/Page_Whats playing  Firefly III/a_New budget")): Object: 'Object Repository/Page_Whats playing  Firefly III/a_New budget' is clicked on

09-01-2024T00:54:22 - [MESSAGE][PASSED] - Object: 'Object Repository/Page_Whats playing  Firefly III/a_New budget' is clicked on

09-01-2024T00:54:22 - [TEST_STEP][PASSED] - setText(findTestObject("Object Repository/Page Create new budget/input_Name_name"), "test"): Text 'test' is set on object 'Object Repository/Page Create new budget/input_Name_name'

09-01-2024T00:54:23 - [MESSAGE][PASSED] - Text 'test' is set on object 'Object Repository/Page Create new budget/input_Name_name'

09-01-2024T00:54:23 - [TEST_STEP][PASSED] - inputFieldTo = findTestObject("Object Repository/Page Create new budget/input_Name_name"): null

09-01-2024T00:54:23 - [TEST_STEP][PASSED] - expectedValue = "test": null

09-01-2024T00:54:23 - [TEST_STEP][PASSED] - verifyInputFieldValue(inputFieldTo, expectedValue): null

09-01-2024T00:54:23 - [TEST_STEP][PASSED] - actualValue = getAttribute(to, "value"): Attribute 'value' of object 'Object Repository/Page Create new budget/input_Name_name' is: 'test'

09-01-2024T00:54:23 - [MESSAGE][PASSED] - Attribute 'value' of object 'Object Repository/Page Create new budget/input_Name_name' is: 'test'

09-01-2024T00:54:23 - [TEST_STEP][PASSED] - if (actualValue != expectedValue): null

09-01-2024T00:54:23 - [TEST_STEP][PASSED] - closeBrowser(): Browser is closed

09-01-2024T00:54:24 - [MESSAGE][PASSED] - Browser is closed]]></system-out>
         <system-err><![CDATA[]]></system-err>
      </testcase>
      <testcase name="Test Cases/GUI - New Budget/TC3 - Check field Auto-budget input" time="9.735" classname="Test Cases/GUI - New Budget/TC3 - Check field Auto-budget input" status="PASSED">
         <system-out><![CDATA[09-01-2024T00:54:24 - [TEST_CASE][PASSED] - Test Cases/GUI - New Budget/TC3 - Check field Auto-budget input: Test Cases/GUI - New Budget/TC3 - Check field Auto-budget input

09-01-2024T00:54:24 - [TEST_STEP][PASSED] - openBrowser(""): Browser is opened with url: ''

09-01-2024T00:54:24 - [MESSAGE][INFO] - Starting 'Edge Chromium' driver

09-01-2024T00:54:24 - [MESSAGE][INFO] - Action delay is set to 0 milliseconds

09-01-2024T00:54:25 - [MESSAGE][PASSED] - Browser is opened with url: ''

09-01-2024T00:54:25 - [TEST_STEP][PASSED] - navigateToUrl("https://demo.firefly-iii.org/login"): Navigate to 'https://demo.firefly-iii.org/login' successfully

09-01-2024T00:54:26 - [MESSAGE][PASSED] - Navigate to 'https://demo.firefly-iii.org/login' successfully

09-01-2024T00:54:26 - [TEST_STEP][PASSED] - click(findTestObject("Object Repository/Page_Login to Firefly III/button_Sign in")): Object: 'Object Repository/Page_Login to Firefly III/button_Sign in' is clicked on

09-01-2024T00:54:28 - [MESSAGE][PASSED] - Object: 'Object Repository/Page_Login to Firefly III/button_Sign in' is clicked on

09-01-2024T00:54:28 - [TEST_STEP][PASSED] - click(findTestObject("Object Repository/Page_Whats playing  Firefly III/span_demofirefly_fa fa-plus-circle")): Object: 'Object Repository/Page_Whats playing  Firefly III/span_demofirefly_fa fa-plus-circle' is clicked on

09-01-2024T00:54:30 - [MESSAGE][PASSED] - Object: 'Object Repository/Page_Whats playing  Firefly III/span_demofirefly_fa fa-plus-circle' is clicked on

09-01-2024T00:54:30 - [TEST_STEP][PASSED] - click(findTestObject("Object Repository/Page_Whats playing  Firefly III/a_New budget")): Object: 'Object Repository/Page_Whats playing  Firefly III/a_New budget' is clicked on

09-01-2024T00:54:31 - [MESSAGE][PASSED] - Object: 'Object Repository/Page_Whats playing  Firefly III/a_New budget' is clicked on

09-01-2024T00:54:31 - [TEST_STEP][PASSED] - selectOptionByValue(findTestObject("Object Repository/Page Create new budget/auto_budget_input new budget"), "1", true): All options with value '1' are selected in object 'Object Repository/Page Create new budget/auto_budget_input new budget'  using regular expression

09-01-2024T00:54:32 - [MESSAGE][PASSED] - All options with value '1' are selected in object 'Object Repository/Page Create new budget/auto_budget_input new budget'  using regular expression

09-01-2024T00:54:32 - [TEST_STEP][PASSED] - actual_repeats = getAttribute(findTestObject("Object Repository/Page Create new budget/auto_budget_input new budget"), "value", STOP_ON_FAILURE): Attribute 'value' of object 'Object Repository/Page Create new budget/auto_budget_input new budget' is: '1'

09-01-2024T00:54:33 - [MESSAGE][PASSED] - Attribute 'value' of object 'Object Repository/Page Create new budget/auto_budget_input new budget' is: '1'

09-01-2024T00:54:33 - [TEST_STEP][PASSED] - verifyEqual(actual_repeats, "1"): Actual object '1' and expected object '1' are equal

09-01-2024T00:54:33 - [MESSAGE][PASSED] - Actual object '1' and expected object '1' are equal

09-01-2024T00:54:33 - [TEST_STEP][PASSED] - closeBrowser(): Browser is closed

09-01-2024T00:54:34 - [MESSAGE][PASSED] - Browser is closed]]></system-out>
         <system-err><![CDATA[]]></system-err>
      </testcase>
      <testcase name="Test Cases/GUI - New Budget/TC4 - Check field Currency input" time="8.157" classname="Test Cases/GUI - New Budget/TC4 - Check field Currency input" status="PASSED">
         <system-out><![CDATA[09-01-2024T00:54:34 - [TEST_CASE][PASSED] - Test Cases/GUI - New Budget/TC4 - Check field Currency input: Test Cases/GUI - New Budget/TC4 - Check field Currency input

09-01-2024T00:54:34 - [TEST_STEP][PASSED] - openBrowser(""): Browser is opened with url: ''

09-01-2024T00:54:34 - [MESSAGE][INFO] - Starting 'Edge Chromium' driver

09-01-2024T00:54:34 - [MESSAGE][INFO] - Action delay is set to 0 milliseconds

09-01-2024T00:54:35 - [MESSAGE][PASSED] - Browser is opened with url: ''

09-01-2024T00:54:35 - [TEST_STEP][PASSED] - navigateToUrl("https://demo.firefly-iii.org/login"): Navigate to 'https://demo.firefly-iii.org/login' successfully

09-01-2024T00:54:36 - [MESSAGE][PASSED] - Navigate to 'https://demo.firefly-iii.org/login' successfully

09-01-2024T00:54:36 - [TEST_STEP][PASSED] - click(findTestObject("Object Repository/Page_Login to Firefly III/button_Sign in")): Object: 'Object Repository/Page_Login to Firefly III/button_Sign in' is clicked on

09-01-2024T00:54:38 - [MESSAGE][PASSED] - Object: 'Object Repository/Page_Login to Firefly III/button_Sign in' is clicked on

09-01-2024T00:54:38 - [TEST_STEP][PASSED] - click(findTestObject("Object Repository/Page_Whats playing  Firefly III/span_demofirefly_fa fa-plus-circle")): Object: 'Object Repository/Page_Whats playing  Firefly III/span_demofirefly_fa fa-plus-circle' is clicked on

09-01-2024T00:54:39 - [MESSAGE][PASSED] - Object: 'Object Repository/Page_Whats playing  Firefly III/span_demofirefly_fa fa-plus-circle' is clicked on

09-01-2024T00:54:39 - [TEST_STEP][PASSED] - click(findTestObject("Object Repository/Page_Whats playing  Firefly III/a_New budget")): Object: 'Object Repository/Page_Whats playing  Firefly III/a_New budget' is clicked on

09-01-2024T00:54:41 - [MESSAGE][PASSED] - Object: 'Object Repository/Page_Whats playing  Firefly III/a_New budget' is clicked on

09-01-2024T00:54:41 - [TEST_STEP][PASSED] - verifyElementNotClickable(findTestObject("Object Repository/Page Create new budget/Currency_input new budget")): Object 'Object Repository/Page Create new budget/Currency_input new budget' is NOT clickable

09-01-2024T00:54:41 - [MESSAGE][PASSED] - Object 'Object Repository/Page Create new budget/Currency_input new budget' is NOT clickable

09-01-2024T00:54:41 - [TEST_STEP][PASSED] - closeBrowser(): Browser is closed

09-01-2024T00:54:42 - [MESSAGE][PASSED] - Browser is closed]]></system-out>
         <system-err><![CDATA[]]></system-err>
      </testcase>
      <testcase name="Test Cases/GUI - New Budget/TC5 - Check field Auto-budget amount" time="8.168" classname="Test Cases/GUI - New Budget/TC5 - Check field Auto-budget amount" status="PASSED">
         <system-out><![CDATA[09-01-2024T00:54:42 - [TEST_CASE][PASSED] - Test Cases/GUI - New Budget/TC5 - Check field Auto-budget amount: Test Cases/GUI - New Budget/TC5 - Check field Auto-budget amount

09-01-2024T00:54:42 - [TEST_STEP][PASSED] - openBrowser(""): Browser is opened with url: ''

09-01-2024T00:54:42 - [MESSAGE][INFO] - Starting 'Edge Chromium' driver

09-01-2024T00:54:42 - [MESSAGE][INFO] - Action delay is set to 0 milliseconds

09-01-2024T00:54:43 - [MESSAGE][PASSED] - Browser is opened with url: ''

09-01-2024T00:54:43 - [TEST_STEP][PASSED] - navigateToUrl("https://demo.firefly-iii.org/login"): Navigate to 'https://demo.firefly-iii.org/login' successfully

09-01-2024T00:54:44 - [MESSAGE][PASSED] - Navigate to 'https://demo.firefly-iii.org/login' successfully

09-01-2024T00:54:44 - [TEST_STEP][PASSED] - click(findTestObject("Object Repository/Page_Login to Firefly III/button_Sign in")): Object: 'Object Repository/Page_Login to Firefly III/button_Sign in' is clicked on

09-01-2024T00:54:46 - [MESSAGE][PASSED] - Object: 'Object Repository/Page_Login to Firefly III/button_Sign in' is clicked on

09-01-2024T00:54:46 - [TEST_STEP][PASSED] - click(findTestObject("Object Repository/Page_Whats playing  Firefly III/span_demofirefly_fa fa-plus-circle")): Object: 'Object Repository/Page_Whats playing  Firefly III/span_demofirefly_fa fa-plus-circle' is clicked on

09-01-2024T00:54:48 - [MESSAGE][PASSED] - Object: 'Object Repository/Page_Whats playing  Firefly III/span_demofirefly_fa fa-plus-circle' is clicked on

09-01-2024T00:54:48 - [TEST_STEP][PASSED] - click(findTestObject("Object Repository/Page_Whats playing  Firefly III/a_New budget")): Object: 'Object Repository/Page_Whats playing  Firefly III/a_New budget' is clicked on

09-01-2024T00:54:49 - [MESSAGE][PASSED] - Object: 'Object Repository/Page_Whats playing  Firefly III/a_New budget' is clicked on

09-01-2024T00:54:49 - [TEST_STEP][PASSED] - verifyElementNotClickable(findTestObject("Object Repository/Page Create new budget/auto_budget_amount_input new budget")): Object 'Object Repository/Page Create new budget/auto_budget_amount_input new budget' is NOT clickable

09-01-2024T00:54:49 - [MESSAGE][PASSED] - Object 'Object Repository/Page Create new budget/auto_budget_amount_input new budget' is NOT clickable

09-01-2024T00:54:49 - [TEST_STEP][PASSED] - closeBrowser(): Browser is closed

09-01-2024T00:54:50 - [MESSAGE][PASSED] - Browser is closed]]></system-out>
         <system-err><![CDATA[]]></system-err>
      </testcase>
      <testcase name="Test Cases/GUI - New Budget/TC6 - Check field Auto-budget period input" time="8.165" classname="Test Cases/GUI - New Budget/TC6 - Check field Auto-budget period input" status="PASSED">
         <system-out><![CDATA[09-01-2024T00:54:50 - [TEST_CASE][PASSED] - Test Cases/GUI - New Budget/TC6 - Check field Auto-budget period input: Test Cases/GUI - New Budget/TC6 - Check field Auto-budget period input

09-01-2024T00:54:50 - [TEST_STEP][PASSED] - openBrowser(""): Browser is opened with url: ''

09-01-2024T00:54:50 - [MESSAGE][INFO] - Starting 'Edge Chromium' driver

09-01-2024T00:54:50 - [MESSAGE][INFO] - Action delay is set to 0 milliseconds

09-01-2024T00:54:51 - [MESSAGE][PASSED] - Browser is opened with url: ''

09-01-2024T00:54:51 - [TEST_STEP][PASSED] - navigateToUrl("https://demo.firefly-iii.org/login"): Navigate to 'https://demo.firefly-iii.org/login' successfully

09-01-2024T00:54:52 - [MESSAGE][PASSED] - Navigate to 'https://demo.firefly-iii.org/login' successfully

09-01-2024T00:54:52 - [TEST_STEP][PASSED] - click(findTestObject("Object Repository/Page_Login to Firefly III/button_Sign in")): Object: 'Object Repository/Page_Login to Firefly III/button_Sign in' is clicked on

09-01-2024T00:54:54 - [MESSAGE][PASSED] - Object: 'Object Repository/Page_Login to Firefly III/button_Sign in' is clicked on

09-01-2024T00:54:54 - [TEST_STEP][PASSED] - click(findTestObject("Object Repository/Page_Whats playing  Firefly III/span_demofirefly_fa fa-plus-circle")): Object: 'Object Repository/Page_Whats playing  Firefly III/span_demofirefly_fa fa-plus-circle' is clicked on

09-01-2024T00:54:56 - [MESSAGE][PASSED] - Object: 'Object Repository/Page_Whats playing  Firefly III/span_demofirefly_fa fa-plus-circle' is clicked on

09-01-2024T00:54:56 - [TEST_STEP][PASSED] - click(findTestObject("Object Repository/Page_Whats playing  Firefly III/a_New budget")): Object: 'Object Repository/Page_Whats playing  Firefly III/a_New budget' is clicked on

09-01-2024T00:54:57 - [MESSAGE][PASSED] - Object: 'Object Repository/Page_Whats playing  Firefly III/a_New budget' is clicked on

09-01-2024T00:54:57 - [TEST_STEP][PASSED] - verifyElementNotClickable(findTestObject("Object Repository/Page Create new budget/auto_budget_period_input new budget")): Object 'Object Repository/Page Create new budget/auto_budget_period_input new budget' is NOT clickable

09-01-2024T00:54:58 - [MESSAGE][PASSED] - Object 'Object Repository/Page Create new budget/auto_budget_period_input new budget' is NOT clickable

09-01-2024T00:54:58 - [TEST_STEP][PASSED] - closeBrowser(): Browser is closed

09-01-2024T00:54:58 - [MESSAGE][PASSED] - Browser is closed]]></system-out>
         <system-err><![CDATA[]]></system-err>
      </testcase>
      <testcase name="Test Cases/GUI - New Budget/TC7 - Check file attachments input" time="7.957" classname="Test Cases/GUI - New Budget/TC7 - Check file attachments input" status="PASSED">
         <system-out><![CDATA[09-01-2024T00:54:58 - [TEST_CASE][PASSED] - Test Cases/GUI - New Budget/TC7 - Check file attachments input: Test Cases/GUI - New Budget/TC7 - Check file attachments input

09-01-2024T00:54:58 - [TEST_STEP][PASSED] - openBrowser(""): Browser is opened with url: ''

09-01-2024T00:54:58 - [MESSAGE][INFO] - Starting 'Edge Chromium' driver

09-01-2024T00:54:58 - [MESSAGE][INFO] - Action delay is set to 0 milliseconds

09-01-2024T00:54:59 - [MESSAGE][PASSED] - Browser is opened with url: ''

09-01-2024T00:54:59 - [TEST_STEP][PASSED] - navigateToUrl("https://demo.firefly-iii.org/login"): Navigate to 'https://demo.firefly-iii.org/login' successfully

09-01-2024T00:55:00 - [MESSAGE][PASSED] - Navigate to 'https://demo.firefly-iii.org/login' successfully

09-01-2024T00:55:00 - [TEST_STEP][PASSED] - click(findTestObject("Object Repository/Page_Login to Firefly III/button_Sign in")): Object: 'Object Repository/Page_Login to Firefly III/button_Sign in' is clicked on

09-01-2024T00:55:02 - [MESSAGE][PASSED] - Object: 'Object Repository/Page_Login to Firefly III/button_Sign in' is clicked on

09-01-2024T00:55:02 - [TEST_STEP][PASSED] - click(findTestObject("Object Repository/Page_Whats playing  Firefly III/span_demofirefly_fa fa-plus-circle")): Object: 'Object Repository/Page_Whats playing  Firefly III/span_demofirefly_fa fa-plus-circle' is clicked on

09-01-2024T00:55:03 - [MESSAGE][PASSED] - Object: 'Object Repository/Page_Whats playing  Firefly III/span_demofirefly_fa fa-plus-circle' is clicked on

09-01-2024T00:55:03 - [TEST_STEP][PASSED] - click(findTestObject("Object Repository/Page_Whats playing  Firefly III/a_New budget")): Object: 'Object Repository/Page_Whats playing  Firefly III/a_New budget' is clicked on

09-01-2024T00:55:05 - [MESSAGE][PASSED] - Object: 'Object Repository/Page_Whats playing  Firefly III/a_New budget' is clicked on

09-01-2024T00:55:05 - [TEST_STEP][PASSED] - fileInput = findTestObject("Object Repository/Page Create new budget/file_attachments_input new budget"): null

09-01-2024T00:55:05 - [TEST_STEP][PASSED] - filePath = "C:/Users/pt071/abc.txt": null

09-01-2024T00:55:05 - [TEST_STEP][PASSED] - uploadFile(fileInput, filePath): File 'C:/Users/pt071/abc.txt' sent to object: 'Object Repository/Page Create new budget/file_attachments_input new budget'

09-01-2024T00:55:05 - [MESSAGE][PASSED] - File 'C:/Users/pt071/abc.txt' sent to object: 'Object Repository/Page Create new budget/file_attachments_input new budget'

09-01-2024T00:55:05 - [TEST_STEP][PASSED] - actual_file = getAttribute(findTestObject("Object Repository/Page Create new budget/file_attachments_input new budget"), "value"): Attribute 'value' of object 'Object Repository/Page Create new budget/file_attachments_input new budget' is: 'C:\fakepath\abc.txt'

09-01-2024T00:55:06 - [MESSAGE][PASSED] - Attribute 'value' of object 'Object Repository/Page Create new budget/file_attachments_input new budget' is: 'C:\fakepath\abc.txt'

09-01-2024T00:55:06 - [TEST_STEP][PASSED] - expectedValue = "C:\fakepath\abc.txt": null

09-01-2024T00:55:06 - [TEST_STEP][PASSED] - verifyEqual(actual_file, expectedValue): Actual object 'C:\fakepath\abc.txt' and expected object 'C:\fakepath\abc.txt' are equal

09-01-2024T00:55:06 - [MESSAGE][PASSED] - Actual object 'C:\fakepath\abc.txt' and expected object 'C:\fakepath\abc.txt' are equal

09-01-2024T00:55:06 - [TEST_STEP][PASSED] - closeBrowser(): Browser is closed

09-01-2024T00:55:06 - [MESSAGE][PASSED] - Browser is closed]]></system-out>
         <system-err><![CDATA[]]></system-err>
      </testcase>
      <testcase name="Test Cases/GUI - New Budget/TC8 - Check box return here" time="8.884" classname="Test Cases/GUI - New Budget/TC8 - Check box return here" status="PASSED">
         <system-out><![CDATA[09-01-2024T00:55:06 - [TEST_CASE][PASSED] - Test Cases/GUI - New Budget/TC8 - Check box return here: Test Cases/GUI - New Budget/TC8 - Check box return here

09-01-2024T00:55:06 - [TEST_STEP][PASSED] - openBrowser(""): Browser is opened with url: ''

09-01-2024T00:55:06 - [MESSAGE][INFO] - Starting 'Edge Chromium' driver

09-01-2024T00:55:06 - [MESSAGE][INFO] - Action delay is set to 0 milliseconds

09-01-2024T00:55:07 - [MESSAGE][PASSED] - Browser is opened with url: ''

09-01-2024T00:55:07 - [TEST_STEP][PASSED] - navigateToUrl("https://demo.firefly-iii.org/login"): Navigate to 'https://demo.firefly-iii.org/login' successfully

09-01-2024T00:55:09 - [MESSAGE][PASSED] - Navigate to 'https://demo.firefly-iii.org/login' successfully

09-01-2024T00:55:09 - [TEST_STEP][PASSED] - click(findTestObject("Object Repository/Page_Login to Firefly III/button_Sign in")): Object: 'Object Repository/Page_Login to Firefly III/button_Sign in' is clicked on

09-01-2024T00:55:11 - [MESSAGE][PASSED] - Object: 'Object Repository/Page_Login to Firefly III/button_Sign in' is clicked on

09-01-2024T00:55:11 - [TEST_STEP][PASSED] - click(findTestObject("Object Repository/Page_Whats playing  Firefly III/span_demofirefly_fa fa-plus-circle")): Object: 'Object Repository/Page_Whats playing  Firefly III/span_demofirefly_fa fa-plus-circle' is clicked on

09-01-2024T00:55:12 - [MESSAGE][PASSED] - Object: 'Object Repository/Page_Whats playing  Firefly III/span_demofirefly_fa fa-plus-circle' is clicked on

09-01-2024T00:55:12 - [TEST_STEP][PASSED] - click(findTestObject("Object Repository/Page_Whats playing  Firefly III/h4_New budget")): Object: 'Object Repository/Page_Whats playing  Firefly III/h4_New budget' is clicked on

09-01-2024T00:55:13 - [MESSAGE][PASSED] - Object: 'Object Repository/Page_Whats playing  Firefly III/h4_New budget' is clicked on

09-01-2024T00:55:13 - [TEST_STEP][PASSED] - click(findTestObject("Object Repository/Page Create new budget/input_After storing, return here new budget")): Object: 'Object Repository/Page Create new budget/input_After storing, return here new budget' is clicked on

09-01-2024T00:55:14 - [MESSAGE][PASSED] - Object: 'Object Repository/Page Create new budget/input_After storing, return here new budget' is clicked on

09-01-2024T00:55:14 - [TEST_STEP][PASSED] - actual_return_here = getAttribute(findTestObject("Object Repository/Page Create new budget/input_After storing, return here new budget"), "value"): Attribute 'value' of object 'Object Repository/Page Create new budget/input_After storing, return here new budget' is: '1'

09-01-2024T00:55:15 - [MESSAGE][PASSED] - Attribute 'value' of object 'Object Repository/Page Create new budget/input_After storing, return here new budget' is: '1'

09-01-2024T00:55:15 - [TEST_STEP][PASSED] - verifyEqual(actual_return_here, "1"): Actual object '1' and expected object '1' are equal

09-01-2024T00:55:15 - [MESSAGE][PASSED] - Actual object '1' and expected object '1' are equal

09-01-2024T00:55:15 - [TEST_STEP][PASSED] - closeBrowser(): Browser is closed

09-01-2024T00:55:15 - [MESSAGE][PASSED] - Browser is closed]]></system-out>
         <system-err><![CDATA[]]></system-err>
      </testcase>
      <testcase name="Test Cases/GUI - New Budget/TC9 - Check new budget button" time="9.191" classname="Test Cases/GUI - New Budget/TC9 - Check new budget button" status="PASSED">
         <system-out><![CDATA[09-01-2024T00:55:15 - [TEST_CASE][PASSED] - Test Cases/GUI - New Budget/TC9 - Check new budget button: Test Cases/GUI - New Budget/TC9 - Check new budget button

09-01-2024T00:55:15 - [TEST_STEP][PASSED] - openBrowser(""): Browser is opened with url: ''

09-01-2024T00:55:15 - [MESSAGE][INFO] - Starting 'Edge Chromium' driver

09-01-2024T00:55:15 - [MESSAGE][INFO] - Action delay is set to 0 milliseconds

09-01-2024T00:55:16 - [MESSAGE][PASSED] - Browser is opened with url: ''

09-01-2024T00:55:16 - [TEST_STEP][PASSED] - navigateToUrl("https://demo.firefly-iii.org/login"): Navigate to 'https://demo.firefly-iii.org/login' successfully

09-01-2024T00:55:17 - [MESSAGE][PASSED] - Navigate to 'https://demo.firefly-iii.org/login' successfully

09-01-2024T00:55:17 - [TEST_STEP][PASSED] - click(findTestObject("Object Repository/Page_Login to Firefly III/button_Sign in")): Object: 'Object Repository/Page_Login to Firefly III/button_Sign in' is clicked on

09-01-2024T00:55:19 - [MESSAGE][PASSED] - Object: 'Object Repository/Page_Login to Firefly III/button_Sign in' is clicked on

09-01-2024T00:55:19 - [TEST_STEP][PASSED] - click(findTestObject("Object Repository/Page_Whats playing  Firefly III/span_demofirefly_fa fa-plus-circle")): Object: 'Object Repository/Page_Whats playing  Firefly III/span_demofirefly_fa fa-plus-circle' is clicked on

09-01-2024T00:55:20 - [MESSAGE][PASSED] - Object: 'Object Repository/Page_Whats playing  Firefly III/span_demofirefly_fa fa-plus-circle' is clicked on

09-01-2024T00:55:20 - [TEST_STEP][PASSED] - click(findTestObject("Object Repository/Page_Whats playing  Firefly III/a_New budget")): Object: 'Object Repository/Page_Whats playing  Firefly III/a_New budget' is clicked on

09-01-2024T00:55:22 - [MESSAGE][PASSED] - Object: 'Object Repository/Page_Whats playing  Firefly III/a_New budget' is clicked on

09-01-2024T00:55:22 - [TEST_STEP][PASSED] - click(findTestObject("Object Repository/Page Create new budget/button_Store new budget")): Object: 'Object Repository/Page Create new budget/button_Store new budget' is clicked on

09-01-2024T00:55:23 - [MESSAGE][PASSED] - Object: 'Object Repository/Page Create new budget/button_Store new budget' is clicked on

09-01-2024T00:55:23 - [TEST_STEP][PASSED] - errorMessageTo = findTestObject("Object Repository/Page Create new budget/p_The name field is required"): null

09-01-2024T00:55:23 - [TEST_STEP][PASSED] - verifyElementVisible(errorMessageTo): Object 'Object Repository/Page Create new budget/p_The name field is required' is visible

09-01-2024T00:55:24 - [MESSAGE][PASSED] - Object 'Object Repository/Page Create new budget/p_The name field is required' is visible

09-01-2024T00:55:24 - [TEST_STEP][PASSED] - closeBrowser(): Browser is closed

09-01-2024T00:55:24 - [MESSAGE][PASSED] - Browser is closed]]></system-out>
         <system-err><![CDATA[]]></system-err>
      </testcase>
      <system-out><![CDATA[09-01-2024T00:54:04 - [TEST_SUITE][PASSED] - GUI - New budget: Test Cases/GUI - New Budget/TC9 - Check new budget button]]></system-out>
      <system-err><![CDATA[]]></system-err>
   </testsuite>
</testsuites>
