<?xml version="1.0" encoding="UTF-8"?>
<testsuites name="new expense account" time="80.888" tests="9" failures="0" errors="0">
   <testsuite name="new expense account" tests="9" failures="0" errors="0" time="80.888" skipped="0" timestamp="2024-01-07 21:54:45" hostname="Thuan - Revision-PC.mshome.net" id="Test Suites/GUI/new expense account">
      <properties>
         <property name="deviceName" value=""/>
         <property name="devicePlatform" value=""/>
         <property name="logFolder" value="C:\\Users\\Thuan\\Desktop\\Workspace\\software_testing_katalon\\Reports\\20240107_215434\\GUI\\new expense account\\20240107_215435"/>
         <property name="logFiles" value="C:\\Users\\Thuan\\Desktop\\Workspace\\software_testing_katalon\\Reports\\20240107_215434\\GUI\\new expense account\\20240107_215435\\execution0.log"/>
         <property name="attachments" value=""/>
         <property name="hostName" value="Thuan - Revision-PC.mshome.net"/>
         <property name="os" value="Windows 10 64bit"/>
         <property name="katalonVersion" value="8.6.8.208"/>
         <property name="browser" value="Chrome 120.0.0.0"/>
         <property name="hostAddress" value="172.31.80.1"/>
         <property name="sessionId" value="f3f3dcd0f3c905aa9bacc132871ed376"/>
         <property name="seleniumVersion" value="3.141.59"/>
         <property name="proxyInformation" value="ProxyInformation { proxyOption=NO_PROXY, proxyServerType=HTTP, username=, password=********, proxyServerAddress=, proxyServerPort=0, executionList=&quot;&quot;, isApplyToDesiredCapabilities=true }"/>
         <property name="platform" value="Windows 10"/>
      </properties>
      <testcase name="Test Cases/GUI/new expense account/TC1" time="10.807" classname="Test Cases/GUI/new expense account/TC1" status="PASSED">
         <system-out><![CDATA[2024-01-07 21:54:45 - [TEST_CASE][PASSED] - Test Cases/GUI/new expense account/TC1: Test Cases/GUI/new expense account/TC1

2024-01-07 21:54:46 - [TEST_STEP][PASSED] - openBrowser(""): Browser is opened with url: ''

2024-01-07 21:54:46 - [MESSAGE][INFO] - Starting 'Chrome' driver

2024-01-07 21:54:46 - [MESSAGE][INFO] - Action delay is set to 0 milliseconds

2024-01-07 21:54:49 - [MESSAGE][PASSED] - Browser is opened with url: ''

2024-01-07 21:54:49 - [TEST_STEP][PASSED] - navigateToUrl("https://demo.firefly-iii.org/"): Navigate to 'https://demo.firefly-iii.org/' successfully

2024-01-07 21:54:50 - [MESSAGE][PASSED] - Navigate to 'https://demo.firefly-iii.org/' successfully

2024-01-07 21:54:50 - [TEST_STEP][PASSED] - maximizeWindow(): Current window maximized

2024-01-07 21:54:50 - [MESSAGE][PASSED] - Current window maximized

2024-01-07 21:54:50 - [TEST_STEP][PASSED] - click(findTestObject("Object Repository/login/button_login")): Object: 'Object Repository/login/button_login' is clicked on

2024-01-07 21:54:52 - [MESSAGE][PASSED] - Object: 'Object Repository/login/button_login' is clicked on

2024-01-07 21:54:52 - [TEST_STEP][PASSED] - click(findTestObject("Object Repository/sidebar/button_sidebar")): Object: 'Object Repository/sidebar/button_sidebar' is clicked on

2024-01-07 21:54:53 - [MESSAGE][PASSED] - Object: 'Object Repository/sidebar/button_sidebar' is clicked on

2024-01-07 21:54:53 - [TEST_STEP][PASSED] - click(findTestObject("sidebar/button_new_expense_account")): Object: 'Object Repository/sidebar/button_new_expense_account' is clicked on

2024-01-07 21:54:54 - [MESSAGE][PASSED] - Object: 'Object Repository/sidebar/button_new_expense_account' is clicked on

2024-01-07 21:54:54 - [TEST_STEP][PASSED] - sendKeys(findTestObject("create_new_expense_account/input_name"), "this is test value"): Keys 'this is test value' sent to object: 'Object Repository/create_new_expense_account/input_name'

2024-01-07 21:54:55 - [MESSAGE][PASSED] - Keys 'this is test value' sent to object: 'Object Repository/create_new_expense_account/input_name'

2024-01-07 21:54:55 - [TEST_STEP][PASSED] - actual_value = getAttribute(findTestObject("create_new_expense_account/input_name"), "value"): Attribute 'value' of object 'Object Repository/create_new_expense_account/input_name' is: 'this is test value'

2024-01-07 21:54:55 - [MESSAGE][PASSED] - Attribute 'value' of object 'Object Repository/create_new_expense_account/input_name' is: 'this is test value'

2024-01-07 21:54:55 - [TEST_STEP][PASSED] - verifyEqual(actual_value, expected_value): Actual object 'this is test value' and expected object 'this is test value' are equal

2024-01-07 21:54:55 - [MESSAGE][PASSED] - Actual object 'this is test value' and expected object 'this is test value' are equal

2024-01-07 21:54:55 - [TEST_STEP][PASSED] - closeBrowser(): Browser is closed

2024-01-07 21:54:56 - [MESSAGE][PASSED] - Browser is closed]]></system-out>
         <system-err><![CDATA[]]></system-err>
      </testcase>
      <testcase name="Test Cases/GUI/new expense account/TC4" time="8.778" classname="Test Cases/GUI/new expense account/TC4" status="PASSED">
         <system-out><![CDATA[2024-01-07 21:54:56 - [TEST_CASE][PASSED] - Test Cases/GUI/new expense account/TC4: Test Cases/GUI/new expense account/TC4

2024-01-07 21:54:57 - [TEST_STEP][PASSED] - openBrowser(""): Browser is opened with url: ''

2024-01-07 21:54:57 - [MESSAGE][INFO] - Starting 'Chrome' driver

2024-01-07 21:54:57 - [MESSAGE][INFO] - Action delay is set to 0 milliseconds

2024-01-07 21:54:58 - [MESSAGE][PASSED] - Browser is opened with url: ''

2024-01-07 21:54:58 - [TEST_STEP][PASSED] - navigateToUrl("https://demo.firefly-iii.org/"): Navigate to 'https://demo.firefly-iii.org/' successfully

2024-01-07 21:54:59 - [MESSAGE][PASSED] - Navigate to 'https://demo.firefly-iii.org/' successfully

2024-01-07 21:54:59 - [TEST_STEP][PASSED] - maximizeWindow(): Current window maximized

2024-01-07 21:54:59 - [MESSAGE][PASSED] - Current window maximized

2024-01-07 21:54:59 - [TEST_STEP][PASSED] - click(findTestObject("Object Repository/login/button_login")): Object: 'Object Repository/login/button_login' is clicked on

2024-01-07 21:55:01 - [MESSAGE][PASSED] - Object: 'Object Repository/login/button_login' is clicked on

2024-01-07 21:55:01 - [TEST_STEP][PASSED] - click(findTestObject("Object Repository/sidebar/button_sidebar")): Object: 'Object Repository/sidebar/button_sidebar' is clicked on

2024-01-07 21:55:02 - [MESSAGE][PASSED] - Object: 'Object Repository/sidebar/button_sidebar' is clicked on

2024-01-07 21:55:02 - [TEST_STEP][PASSED] - click(findTestObject("sidebar/button_new_expense_account")): Object: 'Object Repository/sidebar/button_new_expense_account' is clicked on

2024-01-07 21:55:03 - [MESSAGE][PASSED] - Object: 'Object Repository/sidebar/button_new_expense_account' is clicked on

2024-01-07 21:55:03 - [TEST_STEP][PASSED] - sendKeys(findTestObject("create_new_expense_account/input_BIC"), "this is test value"): Keys 'this is test value' sent to object: 'Object Repository/create_new_expense_account/input_BIC'

2024-01-07 21:55:04 - [MESSAGE][PASSED] - Keys 'this is test value' sent to object: 'Object Repository/create_new_expense_account/input_BIC'

2024-01-07 21:55:04 - [TEST_STEP][PASSED] - actual_value = getAttribute(findTestObject("create_new_expense_account/input_BIC"), "value"): Attribute 'value' of object 'Object Repository/create_new_expense_account/input_BIC' is: 'this is test value'

2024-01-07 21:55:04 - [MESSAGE][PASSED] - Attribute 'value' of object 'Object Repository/create_new_expense_account/input_BIC' is: 'this is test value'

2024-01-07 21:55:04 - [TEST_STEP][PASSED] - verifyEqual(actual_value, expected_value): Actual object 'this is test value' and expected object 'this is test value' are equal

2024-01-07 21:55:04 - [MESSAGE][PASSED] - Actual object 'this is test value' and expected object 'this is test value' are equal

2024-01-07 21:55:04 - [TEST_STEP][PASSED] - closeBrowser(): Browser is closed

2024-01-07 21:55:05 - [MESSAGE][PASSED] - Browser is closed]]></system-out>
         <system-err><![CDATA[]]></system-err>
      </testcase>
      <testcase name="Test Cases/GUI/new expense account/TC5" time="9.513" classname="Test Cases/GUI/new expense account/TC5" status="PASSED">
         <system-out><![CDATA[2024-01-07 21:55:05 - [TEST_CASE][PASSED] - Test Cases/GUI/new expense account/TC5: Test Cases/GUI/new expense account/TC5

2024-01-07 21:55:05 - [TEST_STEP][PASSED] - openBrowser(""): Browser is opened with url: ''

2024-01-07 21:55:05 - [MESSAGE][INFO] - Starting 'Chrome' driver

2024-01-07 21:55:05 - [MESSAGE][INFO] - Action delay is set to 0 milliseconds

2024-01-07 21:55:07 - [MESSAGE][PASSED] - Browser is opened with url: ''

2024-01-07 21:55:07 - [TEST_STEP][PASSED] - navigateToUrl("https://demo.firefly-iii.org/"): Navigate to 'https://demo.firefly-iii.org/' successfully

2024-01-07 21:55:08 - [MESSAGE][PASSED] - Navigate to 'https://demo.firefly-iii.org/' successfully

2024-01-07 21:55:08 - [TEST_STEP][PASSED] - maximizeWindow(): Current window maximized

2024-01-07 21:55:08 - [MESSAGE][PASSED] - Current window maximized

2024-01-07 21:55:08 - [TEST_STEP][PASSED] - click(findTestObject("Object Repository/login/button_login")): Object: 'Object Repository/login/button_login' is clicked on

2024-01-07 21:55:10 - [MESSAGE][PASSED] - Object: 'Object Repository/login/button_login' is clicked on

2024-01-07 21:55:10 - [TEST_STEP][PASSED] - click(findTestObject("Object Repository/sidebar/button_sidebar")): Object: 'Object Repository/sidebar/button_sidebar' is clicked on

2024-01-07 21:55:11 - [MESSAGE][PASSED] - Object: 'Object Repository/sidebar/button_sidebar' is clicked on

2024-01-07 21:55:11 - [TEST_STEP][PASSED] - click(findTestObject("sidebar/button_new_expense_account")): Object: 'Object Repository/sidebar/button_new_expense_account' is clicked on

2024-01-07 21:55:13 - [MESSAGE][PASSED] - Object: 'Object Repository/sidebar/button_new_expense_account' is clicked on

2024-01-07 21:55:13 - [TEST_STEP][PASSED] - sendKeys(findTestObject("create_new_expense_account/input_iban"), "this is test value"): Keys 'this is test value' sent to object: 'Object Repository/create_new_expense_account/input_iban'

2024-01-07 21:55:13 - [MESSAGE][PASSED] - Keys 'this is test value' sent to object: 'Object Repository/create_new_expense_account/input_iban'

2024-01-07 21:55:13 - [TEST_STEP][PASSED] - actual_value = getAttribute(findTestObject("create_new_expense_account/input_iban"), "value"): Attribute 'value' of object 'Object Repository/create_new_expense_account/input_iban' is: 'this is test value'

2024-01-07 21:55:14 - [MESSAGE][PASSED] - Attribute 'value' of object 'Object Repository/create_new_expense_account/input_iban' is: 'this is test value'

2024-01-07 21:55:14 - [TEST_STEP][PASSED] - verifyEqual(actual_value, expected_value): Actual object 'this is test value' and expected object 'this is test value' are equal

2024-01-07 21:55:14 - [MESSAGE][PASSED] - Actual object 'this is test value' and expected object 'this is test value' are equal

2024-01-07 21:55:14 - [TEST_STEP][PASSED] - closeBrowser(): Browser is closed

2024-01-07 21:55:15 - [MESSAGE][PASSED] - Browser is closed]]></system-out>
         <system-err><![CDATA[]]></system-err>
      </testcase>
      <testcase name="Test Cases/GUI/new expense account/TC7" time="8.629" classname="Test Cases/GUI/new expense account/TC7" status="PASSED">
         <system-out><![CDATA[2024-01-07 21:55:15 - [TEST_CASE][PASSED] - Test Cases/GUI/new expense account/TC7: Test Cases/GUI/new expense account/TC7

2024-01-07 21:55:15 - [TEST_STEP][PASSED] - openBrowser(""): Browser is opened with url: ''

2024-01-07 21:55:15 - [MESSAGE][INFO] - Starting 'Chrome' driver

2024-01-07 21:55:15 - [MESSAGE][INFO] - Action delay is set to 0 milliseconds

2024-01-07 21:55:16 - [MESSAGE][PASSED] - Browser is opened with url: ''

2024-01-07 21:55:16 - [TEST_STEP][PASSED] - navigateToUrl("https://demo.firefly-iii.org/"): Navigate to 'https://demo.firefly-iii.org/' successfully

2024-01-07 21:55:17 - [MESSAGE][PASSED] - Navigate to 'https://demo.firefly-iii.org/' successfully

2024-01-07 21:55:17 - [TEST_STEP][PASSED] - maximizeWindow(): Current window maximized

2024-01-07 21:55:18 - [MESSAGE][PASSED] - Current window maximized

2024-01-07 21:55:18 - [TEST_STEP][PASSED] - click(findTestObject("Object Repository/login/button_login")): Object: 'Object Repository/login/button_login' is clicked on

2024-01-07 21:55:19 - [MESSAGE][PASSED] - Object: 'Object Repository/login/button_login' is clicked on

2024-01-07 21:55:19 - [TEST_STEP][PASSED] - click(findTestObject("Object Repository/sidebar/button_sidebar")): Object: 'Object Repository/sidebar/button_sidebar' is clicked on

2024-01-07 21:55:20 - [MESSAGE][PASSED] - Object: 'Object Repository/sidebar/button_sidebar' is clicked on

2024-01-07 21:55:20 - [TEST_STEP][PASSED] - click(findTestObject("sidebar/button_new_expense_account")): Object: 'Object Repository/sidebar/button_new_expense_account' is clicked on

2024-01-07 21:55:22 - [MESSAGE][PASSED] - Object: 'Object Repository/sidebar/button_new_expense_account' is clicked on

2024-01-07 21:55:22 - [TEST_STEP][PASSED] - sendKeys(findTestObject("create_new_expense_account/input_account_number"), "this is test value"): Keys 'this is test value' sent to object: 'Object Repository/create_new_expense_account/input_account_number'

2024-01-07 21:55:22 - [MESSAGE][PASSED] - Keys 'this is test value' sent to object: 'Object Repository/create_new_expense_account/input_account_number'

2024-01-07 21:55:22 - [TEST_STEP][PASSED] - actual_value = getAttribute(findTestObject("create_new_expense_account/input_account_number"), "value"): Attribute 'value' of object 'Object Repository/create_new_expense_account/input_account_number' is: 'this is test value'

2024-01-07 21:55:22 - [MESSAGE][PASSED] - Attribute 'value' of object 'Object Repository/create_new_expense_account/input_account_number' is: 'this is test value'

2024-01-07 21:55:22 - [TEST_STEP][PASSED] - verifyEqual(actual_value, expected_value): Actual object 'this is test value' and expected object 'this is test value' are equal

2024-01-07 21:55:22 - [MESSAGE][PASSED] - Actual object 'this is test value' and expected object 'this is test value' are equal

2024-01-07 21:55:22 - [TEST_STEP][PASSED] - closeBrowser(): Browser is closed

2024-01-07 21:55:23 - [MESSAGE][PASSED] - Browser is closed]]></system-out>
         <system-err><![CDATA[]]></system-err>
      </testcase>
      <testcase name="Test Cases/GUI/new expense account/TC10" time="9.037" classname="Test Cases/GUI/new expense account/TC10" status="PASSED">
         <system-out><![CDATA[2024-01-07 21:55:23 - [TEST_CASE][PASSED] - Test Cases/GUI/new expense account/TC10: Test Cases/GUI/new expense account/TC10

2024-01-07 21:55:24 - [TEST_STEP][PASSED] - openBrowser(""): Browser is opened with url: ''

2024-01-07 21:55:24 - [MESSAGE][INFO] - Starting 'Chrome' driver

2024-01-07 21:55:24 - [MESSAGE][INFO] - Action delay is set to 0 milliseconds

2024-01-07 21:55:25 - [MESSAGE][PASSED] - Browser is opened with url: ''

2024-01-07 21:55:25 - [TEST_STEP][PASSED] - navigateToUrl("https://demo.firefly-iii.org/"): Navigate to 'https://demo.firefly-iii.org/' successfully

2024-01-07 21:55:26 - [MESSAGE][PASSED] - Navigate to 'https://demo.firefly-iii.org/' successfully

2024-01-07 21:55:26 - [TEST_STEP][PASSED] - maximizeWindow(): Current window maximized

2024-01-07 21:55:26 - [MESSAGE][PASSED] - Current window maximized

2024-01-07 21:55:26 - [TEST_STEP][PASSED] - click(findTestObject("Object Repository/login/button_login")): Object: 'Object Repository/login/button_login' is clicked on

2024-01-07 21:55:29 - [MESSAGE][PASSED] - Object: 'Object Repository/login/button_login' is clicked on

2024-01-07 21:55:29 - [TEST_STEP][PASSED] - click(findTestObject("Object Repository/sidebar/button_sidebar")): Object: 'Object Repository/sidebar/button_sidebar' is clicked on

2024-01-07 21:55:30 - [MESSAGE][PASSED] - Object: 'Object Repository/sidebar/button_sidebar' is clicked on

2024-01-07 21:55:30 - [TEST_STEP][PASSED] - click(findTestObject("sidebar/button_new_expense_account")): Object: 'Object Repository/sidebar/button_new_expense_account' is clicked on

2024-01-07 21:55:31 - [MESSAGE][PASSED] - Object: 'Object Repository/sidebar/button_new_expense_account' is clicked on

2024-01-07 21:55:31 - [TEST_STEP][PASSED] - sendKeys(findTestObject("create_new_expense_account/input_note"), test_value): Keys 'this is test sentence' sent to object: 'Object Repository/create_new_expense_account/input_note'

2024-01-07 21:55:31 - [MESSAGE][PASSED] - Keys 'this is test sentence' sent to object: 'Object Repository/create_new_expense_account/input_note'

2024-01-07 21:55:31 - [TEST_STEP][PASSED] - actual_value = getAttribute(findTestObject("create_new_expense_account/input_note"), "value"): Attribute 'value' of object 'Object Repository/create_new_expense_account/input_note' is: 'this is test sentence'

2024-01-07 21:55:32 - [MESSAGE][PASSED] - Attribute 'value' of object 'Object Repository/create_new_expense_account/input_note' is: 'this is test sentence'

2024-01-07 21:55:32 - [TEST_STEP][PASSED] - verifyEqual(actual_value, expected_value): Actual object 'this is test sentence' and expected object 'this is test sentence' are equal

2024-01-07 21:55:32 - [MESSAGE][PASSED] - Actual object 'this is test sentence' and expected object 'this is test sentence' are equal

2024-01-07 21:55:32 - [TEST_STEP][PASSED] - closeBrowser(): Browser is closed

2024-01-07 21:55:32 - [MESSAGE][PASSED] - Browser is closed]]></system-out>
         <system-err><![CDATA[]]></system-err>
      </testcase>
      <testcase name="Test Cases/GUI/new expense account/TC10" time="8.313" classname="Test Cases/GUI/new expense account/TC10" status="PASSED">
         <system-out><![CDATA[2024-01-07 21:55:32 - [TEST_CASE][PASSED] - Test Cases/GUI/new expense account/TC10: Test Cases/GUI/new expense account/TC10

2024-01-07 21:55:32 - [TEST_STEP][PASSED] - openBrowser(""): Browser is opened with url: ''

2024-01-07 21:55:32 - [MESSAGE][INFO] - Starting 'Chrome' driver

2024-01-07 21:55:32 - [MESSAGE][INFO] - Action delay is set to 0 milliseconds

2024-01-07 21:55:33 - [MESSAGE][PASSED] - Browser is opened with url: ''

2024-01-07 21:55:33 - [TEST_STEP][PASSED] - navigateToUrl("https://demo.firefly-iii.org/"): Navigate to 'https://demo.firefly-iii.org/' successfully

2024-01-07 21:55:35 - [MESSAGE][PASSED] - Navigate to 'https://demo.firefly-iii.org/' successfully

2024-01-07 21:55:35 - [TEST_STEP][PASSED] - maximizeWindow(): Current window maximized

2024-01-07 21:55:35 - [MESSAGE][PASSED] - Current window maximized

2024-01-07 21:55:35 - [TEST_STEP][PASSED] - click(findTestObject("Object Repository/login/button_login")): Object: 'Object Repository/login/button_login' is clicked on

2024-01-07 21:55:37 - [MESSAGE][PASSED] - Object: 'Object Repository/login/button_login' is clicked on

2024-01-07 21:55:37 - [TEST_STEP][PASSED] - click(findTestObject("Object Repository/sidebar/button_sidebar")): Object: 'Object Repository/sidebar/button_sidebar' is clicked on

2024-01-07 21:55:38 - [MESSAGE][PASSED] - Object: 'Object Repository/sidebar/button_sidebar' is clicked on

2024-01-07 21:55:38 - [TEST_STEP][PASSED] - click(findTestObject("sidebar/button_new_expense_account")): Object: 'Object Repository/sidebar/button_new_expense_account' is clicked on

2024-01-07 21:55:39 - [MESSAGE][PASSED] - Object: 'Object Repository/sidebar/button_new_expense_account' is clicked on

2024-01-07 21:55:39 - [TEST_STEP][PASSED] - sendKeys(findTestObject("create_new_expense_account/input_note"), test_value): Keys 'this is test paragraph.
This is test paragraph.' sent to object: 'Object Repository/create_new_expense_account/input_note'

2024-01-07 21:55:40 - [MESSAGE][PASSED] - Keys 'this is test paragraph.
This is test paragraph.' sent to object: 'Object Repository/create_new_expense_account/input_note'

2024-01-07 21:55:40 - [TEST_STEP][PASSED] - actual_value = getAttribute(findTestObject("create_new_expense_account/input_note"), "value"): Attribute 'value' of object 'Object Repository/create_new_expense_account/input_note' is: 'this is test paragraph.
This is test paragraph.'

2024-01-07 21:55:40 - [MESSAGE][PASSED] - Attribute 'value' of object 'Object Repository/create_new_expense_account/input_note' is: 'this is test paragraph.
This is test paragraph.'

2024-01-07 21:55:40 - [TEST_STEP][PASSED] - verifyEqual(actual_value, expected_value): Actual object 'this is test paragraph.
This is test paragraph.' and expected object 'this is test paragraph.
This is test paragraph.' are equal

2024-01-07 21:55:40 - [MESSAGE][PASSED] - Actual object 'this is test paragraph.
This is test paragraph.' and expected object 'this is test paragraph.
This is test paragraph.' are equal

2024-01-07 21:55:40 - [TEST_STEP][PASSED] - closeBrowser(): Browser is closed

2024-01-07 21:55:41 - [MESSAGE][PASSED] - Browser is closed]]></system-out>
         <system-err><![CDATA[]]></system-err>
      </testcase>
      <testcase name="Test Cases/GUI/new expense account/TC10" time="8.365" classname="Test Cases/GUI/new expense account/TC10" status="PASSED">
         <system-out><![CDATA[2024-01-07 21:55:41 - [TEST_CASE][PASSED] - Test Cases/GUI/new expense account/TC10: Test Cases/GUI/new expense account/TC10

2024-01-07 21:55:41 - [TEST_STEP][PASSED] - openBrowser(""): Browser is opened with url: ''

2024-01-07 21:55:41 - [MESSAGE][INFO] - Starting 'Chrome' driver

2024-01-07 21:55:41 - [MESSAGE][INFO] - Action delay is set to 0 milliseconds

2024-01-07 21:55:42 - [MESSAGE][PASSED] - Browser is opened with url: ''

2024-01-07 21:55:42 - [TEST_STEP][PASSED] - navigateToUrl("https://demo.firefly-iii.org/"): Navigate to 'https://demo.firefly-iii.org/' successfully

2024-01-07 21:55:43 - [MESSAGE][PASSED] - Navigate to 'https://demo.firefly-iii.org/' successfully

2024-01-07 21:55:43 - [TEST_STEP][PASSED] - maximizeWindow(): Current window maximized

2024-01-07 21:55:43 - [MESSAGE][PASSED] - Current window maximized

2024-01-07 21:55:43 - [TEST_STEP][PASSED] - click(findTestObject("Object Repository/login/button_login")): Object: 'Object Repository/login/button_login' is clicked on

2024-01-07 21:55:45 - [MESSAGE][PASSED] - Object: 'Object Repository/login/button_login' is clicked on

2024-01-07 21:55:45 - [TEST_STEP][PASSED] - click(findTestObject("Object Repository/sidebar/button_sidebar")): Object: 'Object Repository/sidebar/button_sidebar' is clicked on

2024-01-07 21:55:46 - [MESSAGE][PASSED] - Object: 'Object Repository/sidebar/button_sidebar' is clicked on

2024-01-07 21:55:46 - [TEST_STEP][PASSED] - click(findTestObject("sidebar/button_new_expense_account")): Object: 'Object Repository/sidebar/button_new_expense_account' is clicked on

2024-01-07 21:55:47 - [MESSAGE][PASSED] - Object: 'Object Repository/sidebar/button_new_expense_account' is clicked on

2024-01-07 21:55:47 - [TEST_STEP][PASSED] - sendKeys(findTestObject("create_new_expense_account/input_note"), test_value): Keys '' sent to object: 'Object Repository/create_new_expense_account/input_note'

2024-01-07 21:55:48 - [MESSAGE][PASSED] - Keys '' sent to object: 'Object Repository/create_new_expense_account/input_note'

2024-01-07 21:55:48 - [TEST_STEP][PASSED] - actual_value = getAttribute(findTestObject("create_new_expense_account/input_note"), "value"): Attribute 'value' of object 'Object Repository/create_new_expense_account/input_note' is: ''

2024-01-07 21:55:48 - [MESSAGE][PASSED] - Attribute 'value' of object 'Object Repository/create_new_expense_account/input_note' is: ''

2024-01-07 21:55:48 - [TEST_STEP][PASSED] - verifyEqual(actual_value, expected_value): Actual object '' and expected object '' are equal

2024-01-07 21:55:48 - [MESSAGE][PASSED] - Actual object '' and expected object '' are equal

2024-01-07 21:55:48 - [TEST_STEP][PASSED] - closeBrowser(): Browser is closed

2024-01-07 21:55:49 - [MESSAGE][PASSED] - Browser is closed]]></system-out>
         <system-err><![CDATA[]]></system-err>
      </testcase>
      <testcase name="Test Cases/GUI/new expense account/TC11" time="8.79" classname="Test Cases/GUI/new expense account/TC11" status="PASSED">
         <system-out><![CDATA[2024-01-07 21:55:49 - [TEST_CASE][PASSED] - Test Cases/GUI/new expense account/TC11: Test Cases/GUI/new expense account/TC11

2024-01-07 21:55:49 - [TEST_STEP][PASSED] - openBrowser(""): Browser is opened with url: ''

2024-01-07 21:55:49 - [MESSAGE][INFO] - Starting 'Chrome' driver

2024-01-07 21:55:49 - [MESSAGE][INFO] - Action delay is set to 0 milliseconds

2024-01-07 21:55:51 - [MESSAGE][PASSED] - Browser is opened with url: ''

2024-01-07 21:55:51 - [TEST_STEP][PASSED] - navigateToUrl("https://demo.firefly-iii.org/"): Navigate to 'https://demo.firefly-iii.org/' successfully

2024-01-07 21:55:52 - [MESSAGE][PASSED] - Navigate to 'https://demo.firefly-iii.org/' successfully

2024-01-07 21:55:52 - [TEST_STEP][PASSED] - maximizeWindow(): Current window maximized

2024-01-07 21:55:52 - [MESSAGE][PASSED] - Current window maximized

2024-01-07 21:55:52 - [TEST_STEP][PASSED] - click(findTestObject("Object Repository/login/button_login")): Object: 'Object Repository/login/button_login' is clicked on

2024-01-07 21:55:54 - [MESSAGE][PASSED] - Object: 'Object Repository/login/button_login' is clicked on

2024-01-07 21:55:54 - [TEST_STEP][PASSED] - click(findTestObject("Object Repository/sidebar/button_sidebar")): Object: 'Object Repository/sidebar/button_sidebar' is clicked on

2024-01-07 21:55:55 - [MESSAGE][PASSED] - Object: 'Object Repository/sidebar/button_sidebar' is clicked on

2024-01-07 21:55:55 - [TEST_STEP][PASSED] - click(findTestObject("sidebar/button_new_expense_account")): Object: 'Object Repository/sidebar/button_new_expense_account' is clicked on

2024-01-07 21:55:56 - [MESSAGE][PASSED] - Object: 'Object Repository/sidebar/button_new_expense_account' is clicked on

2024-01-07 21:55:56 - [TEST_STEP][PASSED] - uploadFile(findTestObject("create_new_expense_account/input_attachment"), "C:\Users\Thuan\Desktop\Workspace\software_testing_katalon\Data Sources\attachment_file_gt2mb.pdf"): File 'C:\Users\Thuan\Desktop\Workspace\software_testing_katalon\Data Sources\attachment_file_gt2mb.pdf' sent to object: 'Object Repository/create_new_expense_account/input_attachment'

2024-01-07 21:55:57 - [MESSAGE][PASSED] - File 'C:\Users\Thuan\Desktop\Workspace\software_testing_katalon\Data Sources\attachment_file_gt2mb.pdf' sent to object: 'Object Repository/create_new_expense_account/input_attachment'

2024-01-07 21:55:57 - [TEST_STEP][PASSED] - verifyElementAttributeValue(findTestObject("create_new_expense_account/input_attachment"), "value", "C:\fakepath\attachment_file_gt2mb.pdf", 0): Object 'Object Repository/create_new_expense_account/input_attachment' has attribute 'value' with value 'C:\fakepath\attachment_file_gt2mb.pdf'

2024-01-07 21:55:57 - [MESSAGE][WARNING] - Timeout '0' is invalid. Using default page load timeout: '30'

2024-01-07 21:55:57 - [MESSAGE][PASSED] - Object 'Object Repository/create_new_expense_account/input_attachment' has attribute 'value' with value 'C:\fakepath\attachment_file_gt2mb.pdf'

2024-01-07 21:55:57 - [TEST_STEP][PASSED] - closeBrowser(): Browser is closed

2024-01-07 21:55:58 - [MESSAGE][PASSED] - Browser is closed]]></system-out>
         <system-err><![CDATA[]]></system-err>
      </testcase>
      <testcase name="Test Cases/GUI/new expense account/TC13" time="8.154" classname="Test Cases/GUI/new expense account/TC13" status="PASSED">
         <system-out><![CDATA[2024-01-07 21:55:58 - [TEST_CASE][PASSED] - Test Cases/GUI/new expense account/TC13: Test Cases/GUI/new expense account/TC13

2024-01-07 21:55:58 - [TEST_STEP][PASSED] - openBrowser(""): Browser is opened with url: ''

2024-01-07 21:55:58 - [MESSAGE][INFO] - Starting 'Chrome' driver

2024-01-07 21:55:58 - [MESSAGE][INFO] - Action delay is set to 0 milliseconds

2024-01-07 21:55:59 - [MESSAGE][PASSED] - Browser is opened with url: ''

2024-01-07 21:55:59 - [TEST_STEP][PASSED] - navigateToUrl("https://demo.firefly-iii.org/"): Navigate to 'https://demo.firefly-iii.org/' successfully

2024-01-07 21:56:01 - [MESSAGE][PASSED] - Navigate to 'https://demo.firefly-iii.org/' successfully

2024-01-07 21:56:01 - [TEST_STEP][PASSED] - maximizeWindow(): Current window maximized

2024-01-07 21:56:01 - [MESSAGE][PASSED] - Current window maximized

2024-01-07 21:56:01 - [TEST_STEP][PASSED] - click(findTestObject("Object Repository/login/button_login")): Object: 'Object Repository/login/button_login' is clicked on

2024-01-07 21:56:03 - [MESSAGE][PASSED] - Object: 'Object Repository/login/button_login' is clicked on

2024-01-07 21:56:03 - [TEST_STEP][PASSED] - click(findTestObject("Object Repository/sidebar/button_sidebar")): Object: 'Object Repository/sidebar/button_sidebar' is clicked on

2024-01-07 21:56:04 - [MESSAGE][PASSED] - Object: 'Object Repository/sidebar/button_sidebar' is clicked on

2024-01-07 21:56:04 - [TEST_STEP][PASSED] - click(findTestObject("sidebar/button_new_expense_account")): Object: 'Object Repository/sidebar/button_new_expense_account' is clicked on

2024-01-07 21:56:05 - [MESSAGE][PASSED] - Object: 'Object Repository/sidebar/button_new_expense_account' is clicked on

2024-01-07 21:56:05 - [TEST_STEP][PASSED] - verifyElementClickable(findTestObject("create_new_expense_account/button_store")): Object 'Object Repository/create_new_expense_account/button_store' is clickable

2024-01-07 21:56:05 - [MESSAGE][PASSED] - Object 'Object Repository/create_new_expense_account/button_store' is clickable

2024-01-07 21:56:05 - [TEST_STEP][PASSED] - closeBrowser(): Browser is closed

2024-01-07 21:56:06 - [MESSAGE][PASSED] - Browser is closed]]></system-out>
         <system-err><![CDATA[]]></system-err>
      </testcase>
      <system-out><![CDATA[2024-01-07 21:54:45 - [TEST_SUITE][PASSED] - new expense account: Test Cases/GUI/new expense account/TC13]]></system-out>
      <system-err><![CDATA[]]></system-err>
   </testsuite>
</testsuites>
