<?xml version="1.0" encoding="UTF-8"?>
<testsuites name="new expense account" time="190.093" tests="15" failures="0" errors="0">
   <testsuite name="new expense account" tests="15" failures="0" errors="0" time="190.093" skipped="0" timestamp="2024-01-07 16:23:41" hostname="Thuan - Revision-PC" id="Test Suites/Functional/new expense account">
      <properties>
         <property name="deviceName" value=""/>
         <property name="devicePlatform" value=""/>
         <property name="logFolder" value="C:\\Users\\Thuan\\Desktop\\Workspace\\software_testing_katalon\\Reports\\20240107_162331\\Functional\\new expense account\\20240107_162331"/>
         <property name="logFiles" value="C:\\Users\\Thuan\\Desktop\\Workspace\\software_testing_katalon\\Reports\\20240107_162331\\Functional\\new expense account\\20240107_162331\\execution0.log"/>
         <property name="attachments" value=""/>
         <property name="hostName" value="Thuan - Revision-PC"/>
         <property name="os" value="Windows 10 64bit"/>
         <property name="katalonVersion" value="8.6.8.208"/>
         <property name="browser" value="Chrome 120.0.0.0"/>
         <property name="hostAddress" value="172.28.16.1"/>
         <property name="sessionId" value="1df13debaf9487db20d0144d3c0920e0"/>
         <property name="seleniumVersion" value="3.141.59"/>
         <property name="proxyInformation" value="ProxyInformation { proxyOption=NO_PROXY, proxyServerType=HTTP, username=, password=********, proxyServerAddress=, proxyServerPort=0, executionList=&quot;&quot;, isApplyToDesiredCapabilities=true }"/>
         <property name="platform" value="Windows 10"/>
      </properties>
      <testcase name="Test Cases/Functional/new expense account/TC1" time="10.964" classname="Test Cases/Functional/new expense account/TC1" status="PASSED">
         <system-out><![CDATA[2024-01-07 16:23:41 - [TEST_CASE][PASSED] - Test Cases/Functional/new expense account/TC1: Test Cases/Functional/new expense account/TC1

2024-01-07 16:23:42 - [TEST_STEP][PASSED] - openBrowser(""): Browser is opened with url: ''

2024-01-07 16:23:42 - [MESSAGE][INFO] - Starting 'Chrome' driver

2024-01-07 16:23:42 - [MESSAGE][INFO] - Action delay is set to 0 milliseconds

2024-01-07 16:23:44 - [MESSAGE][PASSED] - Browser is opened with url: ''

2024-01-07 16:23:44 - [TEST_STEP][PASSED] - navigateToUrl("https://demo.firefly-iii.org/"): Navigate to 'https://demo.firefly-iii.org/' successfully

2024-01-07 16:23:46 - [MESSAGE][PASSED] - Navigate to 'https://demo.firefly-iii.org/' successfully

2024-01-07 16:23:46 - [TEST_STEP][PASSED] - maximizeWindow(): Current window maximized

2024-01-07 16:23:46 - [MESSAGE][PASSED] - Current window maximized

2024-01-07 16:23:46 - [TEST_STEP][PASSED] - click(findTestObject("Object Repository/login/button_login")): Object: 'Object Repository/login/button_login' is clicked on

2024-01-07 16:23:48 - [MESSAGE][PASSED] - Object: 'Object Repository/login/button_login' is clicked on

2024-01-07 16:23:48 - [TEST_STEP][PASSED] - click(findTestObject("Object Repository/sidebar/button_sidebar")): Object: 'Object Repository/sidebar/button_sidebar' is clicked on

2024-01-07 16:23:49 - [MESSAGE][PASSED] - Object: 'Object Repository/sidebar/button_sidebar' is clicked on

2024-01-07 16:23:49 - [TEST_STEP][PASSED] - click(findTestObject("sidebar/button_new_expense_account")): Object: 'Object Repository/sidebar/button_new_expense_account' is clicked on

2024-01-07 16:23:50 - [MESSAGE][PASSED] - Object: 'Object Repository/sidebar/button_new_expense_account' is clicked on

2024-01-07 16:23:50 - [TEST_STEP][PASSED] - setText(findTestObject("create_new_expense_account/input_name"), "test"): Text 'test' is set on object 'Object Repository/create_new_expense_account/input_name'

2024-01-07 16:23:51 - [MESSAGE][PASSED] - Text 'test' is set on object 'Object Repository/create_new_expense_account/input_name'

2024-01-07 16:23:51 - [TEST_STEP][PASSED] - actual_text = getAttribute(findTestObject("create_new_expense_account/input_name"), "value"): Attribute 'value' of object 'Object Repository/create_new_expense_account/input_name' is: 'test'

2024-01-07 16:23:51 - [MESSAGE][PASSED] - Attribute 'value' of object 'Object Repository/create_new_expense_account/input_name' is: 'test'

2024-01-07 16:23:51 - [TEST_STEP][PASSED] - verifyEqual(actual_text, expected_text): Actual object 'test' and expected object 'test' are equal

2024-01-07 16:23:51 - [MESSAGE][PASSED] - Actual object 'test' and expected object 'test' are equal

2024-01-07 16:23:51 - [TEST_STEP][PASSED] - closeBrowser(): Browser is closed

2024-01-07 16:23:52 - [MESSAGE][PASSED] - Browser is closed]]></system-out>
         <system-err><![CDATA[]]></system-err>
      </testcase>
      <testcase name="Test Cases/Functional/new expense account/TC2_TC3_TC4" time="12.209" classname="Test Cases/Functional/new expense account/TC2_TC3_TC4" status="PASSED">
         <system-out><![CDATA[2024-01-07 16:23:52 - [TEST_CASE][PASSED] - Test Cases/Functional/new expense account/TC2_TC3_TC4: Test Cases/Functional/new expense account/TC2_TC3_TC4

2024-01-07 16:23:52 - [TEST_STEP][PASSED] - openBrowser(""): Browser is opened with url: ''

2024-01-07 16:23:52 - [MESSAGE][INFO] - Starting 'Chrome' driver

2024-01-07 16:23:52 - [MESSAGE][INFO] - Action delay is set to 0 milliseconds

2024-01-07 16:23:54 - [MESSAGE][PASSED] - Browser is opened with url: ''

2024-01-07 16:23:54 - [TEST_STEP][PASSED] - navigateToUrl("https://demo.firefly-iii.org/"): Navigate to 'https://demo.firefly-iii.org/' successfully

2024-01-07 16:23:55 - [MESSAGE][PASSED] - Navigate to 'https://demo.firefly-iii.org/' successfully

2024-01-07 16:23:55 - [TEST_STEP][PASSED] - maximizeWindow(): Current window maximized

2024-01-07 16:23:55 - [MESSAGE][PASSED] - Current window maximized

2024-01-07 16:23:55 - [TEST_STEP][PASSED] - click(findTestObject("Object Repository/login/button_login")): Object: 'Object Repository/login/button_login' is clicked on

2024-01-07 16:23:58 - [MESSAGE][PASSED] - Object: 'Object Repository/login/button_login' is clicked on

2024-01-07 16:23:58 - [TEST_STEP][PASSED] - click(findTestObject("Object Repository/sidebar/button_sidebar")): Object: 'Object Repository/sidebar/button_sidebar' is clicked on

2024-01-07 16:23:59 - [MESSAGE][PASSED] - Object: 'Object Repository/sidebar/button_sidebar' is clicked on

2024-01-07 16:23:59 - [TEST_STEP][PASSED] - click(findTestObject("sidebar/button_new_expense_account")): Object: 'Object Repository/sidebar/button_new_expense_account' is clicked on

2024-01-07 16:24:00 - [MESSAGE][PASSED] - Object: 'Object Repository/sidebar/button_new_expense_account' is clicked on

2024-01-07 16:24:00 - [TEST_STEP][PASSED] - setText(findTestObject("create_new_expense_account/input_name"), Name): Text 'test desc' is set on object 'Object Repository/create_new_expense_account/input_name'

2024-01-07 16:24:01 - [MESSAGE][PASSED] - Text 'test desc' is set on object 'Object Repository/create_new_expense_account/input_name'

2024-01-07 16:24:01 - [TEST_STEP][PASSED] - click(findTestObject("create_new_expense_account/button_store")): Object: 'Object Repository/create_new_expense_account/button_store' is clicked on

2024-01-07 16:24:02 - [MESSAGE][PASSED] - Object: 'Object Repository/create_new_expense_account/button_store' is clicked on

2024-01-07 16:24:02 - [TEST_STEP][PASSED] - verifyTextPresent(expected_result, false): Text 'Success! New account "test desc" stored!' is present on page 

2024-01-07 16:24:04 - [MESSAGE][PASSED] - Text 'Success! New account "test desc" stored!' is present on page 

2024-01-07 16:24:04 - [TEST_STEP][PASSED] - closeBrowser(): Browser is closed

2024-01-07 16:24:04 - [MESSAGE][PASSED] - Browser is closed]]></system-out>
         <system-err><![CDATA[]]></system-err>
      </testcase>
      <testcase name="Test Cases/Functional/new expense account/TC2_TC3_TC4" time="10.014" classname="Test Cases/Functional/new expense account/TC2_TC3_TC4" status="PASSED">
         <system-out><![CDATA[2024-01-07 16:24:04 - [TEST_CASE][PASSED] - Test Cases/Functional/new expense account/TC2_TC3_TC4: Test Cases/Functional/new expense account/TC2_TC3_TC4

2024-01-07 16:24:04 - [TEST_STEP][PASSED] - openBrowser(""): Browser is opened with url: ''

2024-01-07 16:24:04 - [MESSAGE][INFO] - Starting 'Chrome' driver

2024-01-07 16:24:04 - [MESSAGE][INFO] - Action delay is set to 0 milliseconds

2024-01-07 16:24:05 - [MESSAGE][PASSED] - Browser is opened with url: ''

2024-01-07 16:24:05 - [TEST_STEP][PASSED] - navigateToUrl("https://demo.firefly-iii.org/"): Navigate to 'https://demo.firefly-iii.org/' successfully

2024-01-07 16:24:07 - [MESSAGE][PASSED] - Navigate to 'https://demo.firefly-iii.org/' successfully

2024-01-07 16:24:07 - [TEST_STEP][PASSED] - maximizeWindow(): Current window maximized

2024-01-07 16:24:07 - [MESSAGE][PASSED] - Current window maximized

2024-01-07 16:24:07 - [TEST_STEP][PASSED] - click(findTestObject("Object Repository/login/button_login")): Object: 'Object Repository/login/button_login' is clicked on

2024-01-07 16:24:08 - [MESSAGE][PASSED] - Object: 'Object Repository/login/button_login' is clicked on

2024-01-07 16:24:08 - [TEST_STEP][PASSED] - click(findTestObject("Object Repository/sidebar/button_sidebar")): Object: 'Object Repository/sidebar/button_sidebar' is clicked on

2024-01-07 16:24:10 - [MESSAGE][PASSED] - Object: 'Object Repository/sidebar/button_sidebar' is clicked on

2024-01-07 16:24:10 - [TEST_STEP][PASSED] - click(findTestObject("sidebar/button_new_expense_account")): Object: 'Object Repository/sidebar/button_new_expense_account' is clicked on

2024-01-07 16:24:11 - [MESSAGE][PASSED] - Object: 'Object Repository/sidebar/button_new_expense_account' is clicked on

2024-01-07 16:24:11 - [TEST_STEP][PASSED] - setText(findTestObject("create_new_expense_account/input_name"), Name): Text '' is set on object 'Object Repository/create_new_expense_account/input_name'

2024-01-07 16:24:12 - [MESSAGE][PASSED] - Text '' is set on object 'Object Repository/create_new_expense_account/input_name'

2024-01-07 16:24:12 - [TEST_STEP][PASSED] - click(findTestObject("create_new_expense_account/button_store")): Object: 'Object Repository/create_new_expense_account/button_store' is clicked on

2024-01-07 16:24:13 - [MESSAGE][PASSED] - Object: 'Object Repository/create_new_expense_account/button_store' is clicked on

2024-01-07 16:24:13 - [TEST_STEP][PASSED] - verifyTextPresent(expected_result, false): Text 'The name field is required.' is present on page 

2024-01-07 16:24:14 - [MESSAGE][PASSED] - Text 'The name field is required.' is present on page 

2024-01-07 16:24:14 - [TEST_STEP][PASSED] - closeBrowser(): Browser is closed

2024-01-07 16:24:14 - [MESSAGE][PASSED] - Browser is closed]]></system-out>
         <system-err><![CDATA[]]></system-err>
      </testcase>
      <testcase name="Test Cases/Functional/new expense account/TC2_TC3_TC4" time="12.11" classname="Test Cases/Functional/new expense account/TC2_TC3_TC4" status="PASSED">
         <system-out><![CDATA[2024-01-07 16:24:14 - [TEST_CASE][PASSED] - Test Cases/Functional/new expense account/TC2_TC3_TC4: Test Cases/Functional/new expense account/TC2_TC3_TC4

2024-01-07 16:24:14 - [TEST_STEP][PASSED] - openBrowser(""): Browser is opened with url: ''

2024-01-07 16:24:14 - [MESSAGE][INFO] - Starting 'Chrome' driver

2024-01-07 16:24:14 - [MESSAGE][INFO] - Action delay is set to 0 milliseconds

2024-01-07 16:24:16 - [MESSAGE][PASSED] - Browser is opened with url: ''

2024-01-07 16:24:16 - [TEST_STEP][PASSED] - navigateToUrl("https://demo.firefly-iii.org/"): Navigate to 'https://demo.firefly-iii.org/' successfully

2024-01-07 16:24:17 - [MESSAGE][PASSED] - Navigate to 'https://demo.firefly-iii.org/' successfully

2024-01-07 16:24:17 - [TEST_STEP][PASSED] - maximizeWindow(): Current window maximized

2024-01-07 16:24:17 - [MESSAGE][PASSED] - Current window maximized

2024-01-07 16:24:17 - [TEST_STEP][PASSED] - click(findTestObject("Object Repository/login/button_login")): Object: 'Object Repository/login/button_login' is clicked on

2024-01-07 16:24:19 - [MESSAGE][PASSED] - Object: 'Object Repository/login/button_login' is clicked on

2024-01-07 16:24:19 - [TEST_STEP][PASSED] - click(findTestObject("Object Repository/sidebar/button_sidebar")): Object: 'Object Repository/sidebar/button_sidebar' is clicked on

2024-01-07 16:24:21 - [MESSAGE][PASSED] - Object: 'Object Repository/sidebar/button_sidebar' is clicked on

2024-01-07 16:24:21 - [TEST_STEP][PASSED] - click(findTestObject("sidebar/button_new_expense_account")): Object: 'Object Repository/sidebar/button_new_expense_account' is clicked on

2024-01-07 16:24:22 - [MESSAGE][PASSED] - Object: 'Object Repository/sidebar/button_new_expense_account' is clicked on

2024-01-07 16:24:22 - [TEST_STEP][PASSED] - setText(findTestObject("create_new_expense_account/input_name"), Name): Text 'Tet is the biggest traditional festival in Vietnam. This is an opportunity for people to enjoy a happy and relaxing period of time with their family and friends. There are some differences between Tet in the North and the South of Vietnam. In the North, the traditional food of Tet is Chung cake – a rectangular sticky rice cake with meat, which is wrapped in phrynium. People usually buy the cakes with some cherry blossom branches as a symbol of Tet to decorate their houses. In the South, people consider apricots and Tet cakes are the symbols of Tet. Tet cake is also made from sticky rice, and the inside can be sweet beans, bananas, or even meat. On New Year’s Eve, most families gather together to have a warm dinner and a traditional ritual in order to commemorate our ancestors. On the first day of New Year, youngsters will give their best greetings to oldsters and receive lucky money. In the rest time of Tet, people can go to pagodas to pray for good things, peace, and health. Tet is an important occasion for families and friends to be together after a year of hard work, and it can motivate people to try harder in the next year.' is set on object 'Object Repository/create_new_expense_account/input_name'

2024-01-07 16:24:24 - [MESSAGE][PASSED] - Text 'Tet is the biggest traditional festival in Vietnam. This is an opportunity for people to enjoy a happy and relaxing period of time with their family and friends. There are some differences between Tet in the North and the South of Vietnam. In the North, the traditional food of Tet is Chung cake – a rectangular sticky rice cake with meat, which is wrapped in phrynium. People usually buy the cakes with some cherry blossom branches as a symbol of Tet to decorate their houses. In the South, people consider apricots and Tet cakes are the symbols of Tet. Tet cake is also made from sticky rice, and the inside can be sweet beans, bananas, or even meat. On New Year’s Eve, most families gather together to have a warm dinner and a traditional ritual in order to commemorate our ancestors. On the first day of New Year, youngsters will give their best greetings to oldsters and receive lucky money. In the rest time of Tet, people can go to pagodas to pray for good things, peace, and health. Tet is an important occasion for families and friends to be together after a year of hard work, and it can motivate people to try harder in the next year.' is set on object 'Object Repository/create_new_expense_account/input_name'

2024-01-07 16:24:24 - [TEST_STEP][PASSED] - click(findTestObject("create_new_expense_account/button_store")): Object: 'Object Repository/create_new_expense_account/button_store' is clicked on

2024-01-07 16:24:25 - [MESSAGE][PASSED] - Object: 'Object Repository/create_new_expense_account/button_store' is clicked on

2024-01-07 16:24:25 - [TEST_STEP][PASSED] - verifyTextPresent(expected_result, false): Text 'The name may not be greater than 1024 characters.' is present on page 

2024-01-07 16:24:26 - [MESSAGE][PASSED] - Text 'The name may not be greater than 1024 characters.' is present on page 

2024-01-07 16:24:26 - [TEST_STEP][PASSED] - closeBrowser(): Browser is closed

2024-01-07 16:24:26 - [MESSAGE][PASSED] - Browser is closed]]></system-out>
         <system-err><![CDATA[]]></system-err>
      </testcase>
      <testcase name="Test Cases/Functional/new expense account/TC2_TC3_TC4" time="10.005" classname="Test Cases/Functional/new expense account/TC2_TC3_TC4" status="PASSED">
         <system-out><![CDATA[2024-01-07 16:24:26 - [TEST_CASE][PASSED] - Test Cases/Functional/new expense account/TC2_TC3_TC4: Test Cases/Functional/new expense account/TC2_TC3_TC4

2024-01-07 16:24:26 - [TEST_STEP][PASSED] - openBrowser(""): Browser is opened with url: ''

2024-01-07 16:24:26 - [MESSAGE][INFO] - Starting 'Chrome' driver

2024-01-07 16:24:26 - [MESSAGE][INFO] - Action delay is set to 0 milliseconds

2024-01-07 16:24:28 - [MESSAGE][PASSED] - Browser is opened with url: ''

2024-01-07 16:24:28 - [TEST_STEP][PASSED] - navigateToUrl("https://demo.firefly-iii.org/"): Navigate to 'https://demo.firefly-iii.org/' successfully

2024-01-07 16:24:29 - [MESSAGE][PASSED] - Navigate to 'https://demo.firefly-iii.org/' successfully

2024-01-07 16:24:29 - [TEST_STEP][PASSED] - maximizeWindow(): Current window maximized

2024-01-07 16:24:29 - [MESSAGE][PASSED] - Current window maximized

2024-01-07 16:24:29 - [TEST_STEP][PASSED] - click(findTestObject("Object Repository/login/button_login")): Object: 'Object Repository/login/button_login' is clicked on

2024-01-07 16:24:31 - [MESSAGE][PASSED] - Object: 'Object Repository/login/button_login' is clicked on

2024-01-07 16:24:31 - [TEST_STEP][PASSED] - click(findTestObject("Object Repository/sidebar/button_sidebar")): Object: 'Object Repository/sidebar/button_sidebar' is clicked on

2024-01-07 16:24:32 - [MESSAGE][PASSED] - Object: 'Object Repository/sidebar/button_sidebar' is clicked on

2024-01-07 16:24:32 - [TEST_STEP][PASSED] - click(findTestObject("sidebar/button_new_expense_account")): Object: 'Object Repository/sidebar/button_new_expense_account' is clicked on

2024-01-07 16:24:33 - [MESSAGE][PASSED] - Object: 'Object Repository/sidebar/button_new_expense_account' is clicked on

2024-01-07 16:24:33 - [TEST_STEP][PASSED] - setText(findTestObject("create_new_expense_account/input_name"), Name): Text 'Adobe' is set on object 'Object Repository/create_new_expense_account/input_name'

2024-01-07 16:24:34 - [MESSAGE][PASSED] - Text 'Adobe' is set on object 'Object Repository/create_new_expense_account/input_name'

2024-01-07 16:24:34 - [TEST_STEP][PASSED] - click(findTestObject("create_new_expense_account/button_store")): Object: 'Object Repository/create_new_expense_account/button_store' is clicked on

2024-01-07 16:24:35 - [MESSAGE][PASSED] - Object: 'Object Repository/create_new_expense_account/button_store' is clicked on

2024-01-07 16:24:35 - [TEST_STEP][PASSED] - verifyTextPresent(expected_result, false): Text 'This account name is already in use.' is present on page 

2024-01-07 16:24:36 - [MESSAGE][PASSED] - Text 'This account name is already in use.' is present on page 

2024-01-07 16:24:36 - [TEST_STEP][PASSED] - closeBrowser(): Browser is closed

2024-01-07 16:24:36 - [MESSAGE][PASSED] - Browser is closed]]></system-out>
         <system-err><![CDATA[]]></system-err>
      </testcase>
      <testcase name="Test Cases/Functional/new expense account/TC5_TC6_TC7_TC7_TC8_TC9_TC10" time="14.332" classname="Test Cases/Functional/new expense account/TC5_TC6_TC7_TC7_TC8_TC9_TC10" status="PASSED">
         <system-out><![CDATA[2024-01-07 16:24:37 - [TEST_CASE][PASSED] - Test Cases/Functional/new expense account/TC5_TC6_TC7_TC7_TC8_TC9_TC10: Test Cases/Functional/new expense account/TC5_TC6_TC7_TC7_TC8_TC9_TC10

2024-01-07 16:24:37 - [TEST_STEP][PASSED] - openBrowser(""): Browser is opened with url: ''

2024-01-07 16:24:37 - [MESSAGE][INFO] - Starting 'Chrome' driver

2024-01-07 16:24:37 - [MESSAGE][INFO] - Action delay is set to 0 milliseconds

2024-01-07 16:24:38 - [MESSAGE][PASSED] - Browser is opened with url: ''

2024-01-07 16:24:38 - [TEST_STEP][PASSED] - navigateToUrl("https://demo.firefly-iii.org/"): Navigate to 'https://demo.firefly-iii.org/' successfully

2024-01-07 16:24:40 - [MESSAGE][PASSED] - Navigate to 'https://demo.firefly-iii.org/' successfully

2024-01-07 16:24:40 - [TEST_STEP][PASSED] - maximizeWindow(): Current window maximized

2024-01-07 16:24:40 - [MESSAGE][PASSED] - Current window maximized

2024-01-07 16:24:40 - [TEST_STEP][PASSED] - click(findTestObject("Object Repository/login/button_login")): Object: 'Object Repository/login/button_login' is clicked on

2024-01-07 16:24:42 - [MESSAGE][PASSED] - Object: 'Object Repository/login/button_login' is clicked on

2024-01-07 16:24:42 - [TEST_STEP][PASSED] - click(findTestObject("Object Repository/sidebar/button_sidebar")): Object: 'Object Repository/sidebar/button_sidebar' is clicked on

2024-01-07 16:24:43 - [MESSAGE][PASSED] - Object: 'Object Repository/sidebar/button_sidebar' is clicked on

2024-01-07 16:24:43 - [TEST_STEP][PASSED] - click(findTestObject("sidebar/button_new_expense_account")): Object: 'Object Repository/sidebar/button_new_expense_account' is clicked on

2024-01-07 16:24:44 - [MESSAGE][PASSED] - Object: 'Object Repository/sidebar/button_new_expense_account' is clicked on

2024-01-07 16:24:44 - [TEST_STEP][PASSED] - setText(findTestObject("create_new_expense_account/input_name"), Name): Text 'test 1' is set on object 'Object Repository/create_new_expense_account/input_name'

2024-01-07 16:24:45 - [MESSAGE][PASSED] - Text 'test 1' is set on object 'Object Repository/create_new_expense_account/input_name'

2024-01-07 16:24:45 - [TEST_STEP][PASSED] - setText(findTestObject("create_new_expense_account/input_iban"), IBAN): Text 'NL23SNSB0637723916' is set on object 'Object Repository/create_new_expense_account/input_iban'

2024-01-07 16:24:46 - [MESSAGE][PASSED] - Text 'NL23SNSB0637723916' is set on object 'Object Repository/create_new_expense_account/input_iban'

2024-01-07 16:24:46 - [TEST_STEP][PASSED] - setText(findTestObject("create_new_expense_account/input_BIC"), BIC): Text '' is set on object 'Object Repository/create_new_expense_account/input_BIC'

2024-01-07 16:24:46 - [MESSAGE][PASSED] - Text '' is set on object 'Object Repository/create_new_expense_account/input_BIC'

2024-01-07 16:24:46 - [TEST_STEP][PASSED] - setText(findTestObject("create_new_expense_account/input_account_number"), account_number): Text '' is set on object 'Object Repository/create_new_expense_account/input_account_number'

2024-01-07 16:24:47 - [MESSAGE][PASSED] - Text '' is set on object 'Object Repository/create_new_expense_account/input_account_number'

2024-01-07 16:24:47 - [TEST_STEP][PASSED] - setText(findTestObject("create_new_expense_account/textarea_notes"), note): Text '' is set on object 'Object Repository/create_new_expense_account/textarea_notes'

2024-01-07 16:24:48 - [MESSAGE][PASSED] - Text '' is set on object 'Object Repository/create_new_expense_account/textarea_notes'

2024-01-07 16:24:48 - [TEST_STEP][PASSED] - click(findTestObject("create_new_expense_account/button_store")): Object: 'Object Repository/create_new_expense_account/button_store' is clicked on

2024-01-07 16:24:49 - [MESSAGE][PASSED] - Object: 'Object Repository/create_new_expense_account/button_store' is clicked on

2024-01-07 16:24:49 - [TEST_STEP][PASSED] - verifyTextPresent(expected_result, false): Text 'Success! New account "test 1" stored!' is present on page 

2024-01-07 16:24:50 - [MESSAGE][PASSED] - Text 'Success! New account "test 1" stored!' is present on page 

2024-01-07 16:24:50 - [TEST_STEP][PASSED] - closeBrowser(): Browser is closed

2024-01-07 16:24:51 - [MESSAGE][PASSED] - Browser is closed]]></system-out>
         <system-err><![CDATA[]]></system-err>
      </testcase>
      <testcase name="Test Cases/Functional/new expense account/TC5_TC6_TC7_TC7_TC8_TC9_TC10" time="13.182" classname="Test Cases/Functional/new expense account/TC5_TC6_TC7_TC7_TC8_TC9_TC10" status="PASSED">
         <system-out><![CDATA[2024-01-07 16:24:51 - [TEST_CASE][PASSED] - Test Cases/Functional/new expense account/TC5_TC6_TC7_TC7_TC8_TC9_TC10: Test Cases/Functional/new expense account/TC5_TC6_TC7_TC7_TC8_TC9_TC10

2024-01-07 16:24:51 - [TEST_STEP][PASSED] - openBrowser(""): Browser is opened with url: ''

2024-01-07 16:24:51 - [MESSAGE][INFO] - Starting 'Chrome' driver

2024-01-07 16:24:51 - [MESSAGE][INFO] - Action delay is set to 0 milliseconds

2024-01-07 16:24:52 - [MESSAGE][PASSED] - Browser is opened with url: ''

2024-01-07 16:24:52 - [TEST_STEP][PASSED] - navigateToUrl("https://demo.firefly-iii.org/"): Navigate to 'https://demo.firefly-iii.org/' successfully

2024-01-07 16:24:54 - [MESSAGE][PASSED] - Navigate to 'https://demo.firefly-iii.org/' successfully

2024-01-07 16:24:54 - [TEST_STEP][PASSED] - maximizeWindow(): Current window maximized

2024-01-07 16:24:54 - [MESSAGE][PASSED] - Current window maximized

2024-01-07 16:24:54 - [TEST_STEP][PASSED] - click(findTestObject("Object Repository/login/button_login")): Object: 'Object Repository/login/button_login' is clicked on

2024-01-07 16:24:56 - [MESSAGE][PASSED] - Object: 'Object Repository/login/button_login' is clicked on

2024-01-07 16:24:56 - [TEST_STEP][PASSED] - click(findTestObject("Object Repository/sidebar/button_sidebar")): Object: 'Object Repository/sidebar/button_sidebar' is clicked on

2024-01-07 16:24:57 - [MESSAGE][PASSED] - Object: 'Object Repository/sidebar/button_sidebar' is clicked on

2024-01-07 16:24:57 - [TEST_STEP][PASSED] - click(findTestObject("sidebar/button_new_expense_account")): Object: 'Object Repository/sidebar/button_new_expense_account' is clicked on

2024-01-07 16:24:58 - [MESSAGE][PASSED] - Object: 'Object Repository/sidebar/button_new_expense_account' is clicked on

2024-01-07 16:24:58 - [TEST_STEP][PASSED] - setText(findTestObject("create_new_expense_account/input_name"), Name): Text 'test 2' is set on object 'Object Repository/create_new_expense_account/input_name'

2024-01-07 16:24:59 - [MESSAGE][PASSED] - Text 'test 2' is set on object 'Object Repository/create_new_expense_account/input_name'

2024-01-07 16:24:59 - [TEST_STEP][PASSED] - setText(findTestObject("create_new_expense_account/input_iban"), IBAN): Text '123' is set on object 'Object Repository/create_new_expense_account/input_iban'

2024-01-07 16:25:00 - [MESSAGE][PASSED] - Text '123' is set on object 'Object Repository/create_new_expense_account/input_iban'

2024-01-07 16:25:00 - [TEST_STEP][PASSED] - setText(findTestObject("create_new_expense_account/input_BIC"), BIC): Text '' is set on object 'Object Repository/create_new_expense_account/input_BIC'

2024-01-07 16:25:00 - [MESSAGE][PASSED] - Text '' is set on object 'Object Repository/create_new_expense_account/input_BIC'

2024-01-07 16:25:00 - [TEST_STEP][PASSED] - setText(findTestObject("create_new_expense_account/input_account_number"), account_number): Text '' is set on object 'Object Repository/create_new_expense_account/input_account_number'

2024-01-07 16:25:01 - [MESSAGE][PASSED] - Text '' is set on object 'Object Repository/create_new_expense_account/input_account_number'

2024-01-07 16:25:01 - [TEST_STEP][PASSED] - setText(findTestObject("create_new_expense_account/textarea_notes"), note): Text '' is set on object 'Object Repository/create_new_expense_account/textarea_notes'

2024-01-07 16:25:02 - [MESSAGE][PASSED] - Text '' is set on object 'Object Repository/create_new_expense_account/textarea_notes'

2024-01-07 16:25:02 - [TEST_STEP][PASSED] - click(findTestObject("create_new_expense_account/button_store")): Object: 'Object Repository/create_new_expense_account/button_store' is clicked on

2024-01-07 16:25:03 - [MESSAGE][PASSED] - Object: 'Object Repository/create_new_expense_account/button_store' is clicked on

2024-01-07 16:25:03 - [TEST_STEP][PASSED] - verifyTextPresent(expected_result, false): Text 'This is not a valid IBAN.' is present on page 

2024-01-07 16:25:03 - [MESSAGE][PASSED] - Text 'This is not a valid IBAN.' is present on page 

2024-01-07 16:25:03 - [TEST_STEP][PASSED] - closeBrowser(): Browser is closed

2024-01-07 16:25:04 - [MESSAGE][PASSED] - Browser is closed]]></system-out>
         <system-err><![CDATA[]]></system-err>
      </testcase>
      <testcase name="Test Cases/Functional/new expense account/TC5_TC6_TC7_TC7_TC8_TC9_TC10" time="14.002" classname="Test Cases/Functional/new expense account/TC5_TC6_TC7_TC7_TC8_TC9_TC10" status="PASSED">
         <system-out><![CDATA[2024-01-07 16:25:04 - [TEST_CASE][PASSED] - Test Cases/Functional/new expense account/TC5_TC6_TC7_TC7_TC8_TC9_TC10: Test Cases/Functional/new expense account/TC5_TC6_TC7_TC7_TC8_TC9_TC10

2024-01-07 16:25:04 - [TEST_STEP][PASSED] - openBrowser(""): Browser is opened with url: ''

2024-01-07 16:25:04 - [MESSAGE][INFO] - Starting 'Chrome' driver

2024-01-07 16:25:04 - [MESSAGE][INFO] - Action delay is set to 0 milliseconds

2024-01-07 16:25:05 - [MESSAGE][PASSED] - Browser is opened with url: ''

2024-01-07 16:25:05 - [TEST_STEP][PASSED] - navigateToUrl("https://demo.firefly-iii.org/"): Navigate to 'https://demo.firefly-iii.org/' successfully

2024-01-07 16:25:07 - [MESSAGE][PASSED] - Navigate to 'https://demo.firefly-iii.org/' successfully

2024-01-07 16:25:07 - [TEST_STEP][PASSED] - maximizeWindow(): Current window maximized

2024-01-07 16:25:07 - [MESSAGE][PASSED] - Current window maximized

2024-01-07 16:25:07 - [TEST_STEP][PASSED] - click(findTestObject("Object Repository/login/button_login")): Object: 'Object Repository/login/button_login' is clicked on

2024-01-07 16:25:09 - [MESSAGE][PASSED] - Object: 'Object Repository/login/button_login' is clicked on

2024-01-07 16:25:09 - [TEST_STEP][PASSED] - click(findTestObject("Object Repository/sidebar/button_sidebar")): Object: 'Object Repository/sidebar/button_sidebar' is clicked on

2024-01-07 16:25:10 - [MESSAGE][PASSED] - Object: 'Object Repository/sidebar/button_sidebar' is clicked on

2024-01-07 16:25:10 - [TEST_STEP][PASSED] - click(findTestObject("sidebar/button_new_expense_account")): Object: 'Object Repository/sidebar/button_new_expense_account' is clicked on

2024-01-07 16:25:11 - [MESSAGE][PASSED] - Object: 'Object Repository/sidebar/button_new_expense_account' is clicked on

2024-01-07 16:25:11 - [TEST_STEP][PASSED] - setText(findTestObject("create_new_expense_account/input_name"), Name): Text 'test 3' is set on object 'Object Repository/create_new_expense_account/input_name'

2024-01-07 16:25:12 - [MESSAGE][PASSED] - Text 'test 3' is set on object 'Object Repository/create_new_expense_account/input_name'

2024-01-07 16:25:12 - [TEST_STEP][PASSED] - setText(findTestObject("create_new_expense_account/input_iban"), IBAN): Text '' is set on object 'Object Repository/create_new_expense_account/input_iban'

2024-01-07 16:25:13 - [MESSAGE][PASSED] - Text '' is set on object 'Object Repository/create_new_expense_account/input_iban'

2024-01-07 16:25:13 - [TEST_STEP][PASSED] - setText(findTestObject("create_new_expense_account/input_BIC"), BIC): Text 'ASCBVNVX' is set on object 'Object Repository/create_new_expense_account/input_BIC'

2024-01-07 16:25:14 - [MESSAGE][PASSED] - Text 'ASCBVNVX' is set on object 'Object Repository/create_new_expense_account/input_BIC'

2024-01-07 16:25:14 - [TEST_STEP][PASSED] - setText(findTestObject("create_new_expense_account/input_account_number"), account_number): Text '' is set on object 'Object Repository/create_new_expense_account/input_account_number'

2024-01-07 16:25:14 - [MESSAGE][PASSED] - Text '' is set on object 'Object Repository/create_new_expense_account/input_account_number'

2024-01-07 16:25:14 - [TEST_STEP][PASSED] - setText(findTestObject("create_new_expense_account/textarea_notes"), note): Text '' is set on object 'Object Repository/create_new_expense_account/textarea_notes'

2024-01-07 16:25:15 - [MESSAGE][PASSED] - Text '' is set on object 'Object Repository/create_new_expense_account/textarea_notes'

2024-01-07 16:25:15 - [TEST_STEP][PASSED] - click(findTestObject("create_new_expense_account/button_store")): Object: 'Object Repository/create_new_expense_account/button_store' is clicked on

2024-01-07 16:25:16 - [MESSAGE][PASSED] - Object: 'Object Repository/create_new_expense_account/button_store' is clicked on

2024-01-07 16:25:16 - [TEST_STEP][PASSED] - verifyTextPresent(expected_result, false): Text 'Success! New account "test 3" stored!' is present on page 

2024-01-07 16:25:17 - [MESSAGE][PASSED] - Text 'Success! New account "test 3" stored!' is present on page 

2024-01-07 16:25:17 - [TEST_STEP][PASSED] - closeBrowser(): Browser is closed

2024-01-07 16:25:18 - [MESSAGE][PASSED] - Browser is closed]]></system-out>
         <system-err><![CDATA[]]></system-err>
      </testcase>
      <testcase name="Test Cases/Functional/new expense account/TC5_TC6_TC7_TC7_TC8_TC9_TC10" time="12.806" classname="Test Cases/Functional/new expense account/TC5_TC6_TC7_TC7_TC8_TC9_TC10" status="PASSED">
         <system-out><![CDATA[2024-01-07 16:25:18 - [TEST_CASE][PASSED] - Test Cases/Functional/new expense account/TC5_TC6_TC7_TC7_TC8_TC9_TC10: Test Cases/Functional/new expense account/TC5_TC6_TC7_TC7_TC8_TC9_TC10

2024-01-07 16:25:18 - [TEST_STEP][PASSED] - openBrowser(""): Browser is opened with url: ''

2024-01-07 16:25:18 - [MESSAGE][INFO] - Starting 'Chrome' driver

2024-01-07 16:25:18 - [MESSAGE][INFO] - Action delay is set to 0 milliseconds

2024-01-07 16:25:19 - [MESSAGE][PASSED] - Browser is opened with url: ''

2024-01-07 16:25:19 - [TEST_STEP][PASSED] - navigateToUrl("https://demo.firefly-iii.org/"): Navigate to 'https://demo.firefly-iii.org/' successfully

2024-01-07 16:25:21 - [MESSAGE][PASSED] - Navigate to 'https://demo.firefly-iii.org/' successfully

2024-01-07 16:25:21 - [TEST_STEP][PASSED] - maximizeWindow(): Current window maximized

2024-01-07 16:25:21 - [MESSAGE][PASSED] - Current window maximized

2024-01-07 16:25:21 - [TEST_STEP][PASSED] - click(findTestObject("Object Repository/login/button_login")): Object: 'Object Repository/login/button_login' is clicked on

2024-01-07 16:25:22 - [MESSAGE][PASSED] - Object: 'Object Repository/login/button_login' is clicked on

2024-01-07 16:25:22 - [TEST_STEP][PASSED] - click(findTestObject("Object Repository/sidebar/button_sidebar")): Object: 'Object Repository/sidebar/button_sidebar' is clicked on

2024-01-07 16:25:24 - [MESSAGE][PASSED] - Object: 'Object Repository/sidebar/button_sidebar' is clicked on

2024-01-07 16:25:24 - [TEST_STEP][PASSED] - click(findTestObject("sidebar/button_new_expense_account")): Object: 'Object Repository/sidebar/button_new_expense_account' is clicked on

2024-01-07 16:25:25 - [MESSAGE][PASSED] - Object: 'Object Repository/sidebar/button_new_expense_account' is clicked on

2024-01-07 16:25:25 - [TEST_STEP][PASSED] - setText(findTestObject("create_new_expense_account/input_name"), Name): Text 'test 4' is set on object 'Object Repository/create_new_expense_account/input_name'

2024-01-07 16:25:26 - [MESSAGE][PASSED] - Text 'test 4' is set on object 'Object Repository/create_new_expense_account/input_name'

2024-01-07 16:25:26 - [TEST_STEP][PASSED] - setText(findTestObject("create_new_expense_account/input_iban"), IBAN): Text '' is set on object 'Object Repository/create_new_expense_account/input_iban'

2024-01-07 16:25:26 - [MESSAGE][PASSED] - Text '' is set on object 'Object Repository/create_new_expense_account/input_iban'

2024-01-07 16:25:26 - [TEST_STEP][PASSED] - setText(findTestObject("create_new_expense_account/input_BIC"), BIC): Text 'test BIC' is set on object 'Object Repository/create_new_expense_account/input_BIC'

2024-01-07 16:25:27 - [MESSAGE][PASSED] - Text 'test BIC' is set on object 'Object Repository/create_new_expense_account/input_BIC'

2024-01-07 16:25:27 - [TEST_STEP][PASSED] - setText(findTestObject("create_new_expense_account/input_account_number"), account_number): Text '' is set on object 'Object Repository/create_new_expense_account/input_account_number'

2024-01-07 16:25:28 - [MESSAGE][PASSED] - Text '' is set on object 'Object Repository/create_new_expense_account/input_account_number'

2024-01-07 16:25:28 - [TEST_STEP][PASSED] - setText(findTestObject("create_new_expense_account/textarea_notes"), note): Text '' is set on object 'Object Repository/create_new_expense_account/textarea_notes'

2024-01-07 16:25:29 - [MESSAGE][PASSED] - Text '' is set on object 'Object Repository/create_new_expense_account/textarea_notes'

2024-01-07 16:25:29 - [TEST_STEP][PASSED] - click(findTestObject("create_new_expense_account/button_store")): Object: 'Object Repository/create_new_expense_account/button_store' is clicked on

2024-01-07 16:25:30 - [MESSAGE][PASSED] - Object: 'Object Repository/create_new_expense_account/button_store' is clicked on

2024-01-07 16:25:30 - [TEST_STEP][PASSED] - verifyTextPresent(expected_result, false): Text 'This is not a valid BIC.' is present on page 

2024-01-07 16:25:30 - [MESSAGE][PASSED] - Text 'This is not a valid BIC.' is present on page 

2024-01-07 16:25:30 - [TEST_STEP][PASSED] - closeBrowser(): Browser is closed

2024-01-07 16:25:31 - [MESSAGE][PASSED] - Browser is closed]]></system-out>
         <system-err><![CDATA[]]></system-err>
      </testcase>
      <testcase name="Test Cases/Functional/new expense account/TC5_TC6_TC7_TC7_TC8_TC9_TC10" time="13.128" classname="Test Cases/Functional/new expense account/TC5_TC6_TC7_TC7_TC8_TC9_TC10" status="PASSED">
         <system-out><![CDATA[2024-01-07 16:25:31 - [TEST_CASE][PASSED] - Test Cases/Functional/new expense account/TC5_TC6_TC7_TC7_TC8_TC9_TC10: Test Cases/Functional/new expense account/TC5_TC6_TC7_TC7_TC8_TC9_TC10

2024-01-07 16:25:31 - [TEST_STEP][PASSED] - openBrowser(""): Browser is opened with url: ''

2024-01-07 16:25:31 - [MESSAGE][INFO] - Starting 'Chrome' driver

2024-01-07 16:25:31 - [MESSAGE][INFO] - Action delay is set to 0 milliseconds

2024-01-07 16:25:32 - [MESSAGE][PASSED] - Browser is opened with url: ''

2024-01-07 16:25:32 - [TEST_STEP][PASSED] - navigateToUrl("https://demo.firefly-iii.org/"): Navigate to 'https://demo.firefly-iii.org/' successfully

2024-01-07 16:25:34 - [MESSAGE][PASSED] - Navigate to 'https://demo.firefly-iii.org/' successfully

2024-01-07 16:25:34 - [TEST_STEP][PASSED] - maximizeWindow(): Current window maximized

2024-01-07 16:25:34 - [MESSAGE][PASSED] - Current window maximized

2024-01-07 16:25:34 - [TEST_STEP][PASSED] - click(findTestObject("Object Repository/login/button_login")): Object: 'Object Repository/login/button_login' is clicked on

2024-01-07 16:25:35 - [MESSAGE][PASSED] - Object: 'Object Repository/login/button_login' is clicked on

2024-01-07 16:25:35 - [TEST_STEP][PASSED] - click(findTestObject("Object Repository/sidebar/button_sidebar")): Object: 'Object Repository/sidebar/button_sidebar' is clicked on

2024-01-07 16:25:36 - [MESSAGE][PASSED] - Object: 'Object Repository/sidebar/button_sidebar' is clicked on

2024-01-07 16:25:36 - [TEST_STEP][PASSED] - click(findTestObject("sidebar/button_new_expense_account")): Object: 'Object Repository/sidebar/button_new_expense_account' is clicked on

2024-01-07 16:25:37 - [MESSAGE][PASSED] - Object: 'Object Repository/sidebar/button_new_expense_account' is clicked on

2024-01-07 16:25:37 - [TEST_STEP][PASSED] - setText(findTestObject("create_new_expense_account/input_name"), Name): Text 'test 5' is set on object 'Object Repository/create_new_expense_account/input_name'

2024-01-07 16:25:38 - [MESSAGE][PASSED] - Text 'test 5' is set on object 'Object Repository/create_new_expense_account/input_name'

2024-01-07 16:25:38 - [TEST_STEP][PASSED] - setText(findTestObject("create_new_expense_account/input_iban"), IBAN): Text '' is set on object 'Object Repository/create_new_expense_account/input_iban'

2024-01-07 16:25:39 - [MESSAGE][PASSED] - Text '' is set on object 'Object Repository/create_new_expense_account/input_iban'

2024-01-07 16:25:39 - [TEST_STEP][PASSED] - setText(findTestObject("create_new_expense_account/input_BIC"), BIC): Text '' is set on object 'Object Repository/create_new_expense_account/input_BIC'

2024-01-07 16:25:40 - [MESSAGE][PASSED] - Text '' is set on object 'Object Repository/create_new_expense_account/input_BIC'

2024-01-07 16:25:40 - [TEST_STEP][PASSED] - setText(findTestObject("create_new_expense_account/input_account_number"), account_number): Text '123456' is set on object 'Object Repository/create_new_expense_account/input_account_number'

2024-01-07 16:25:40 - [MESSAGE][PASSED] - Text '123456' is set on object 'Object Repository/create_new_expense_account/input_account_number'

2024-01-07 16:25:40 - [TEST_STEP][PASSED] - setText(findTestObject("create_new_expense_account/textarea_notes"), note): Text '' is set on object 'Object Repository/create_new_expense_account/textarea_notes'

2024-01-07 16:25:41 - [MESSAGE][PASSED] - Text '' is set on object 'Object Repository/create_new_expense_account/textarea_notes'

2024-01-07 16:25:41 - [TEST_STEP][PASSED] - click(findTestObject("create_new_expense_account/button_store")): Object: 'Object Repository/create_new_expense_account/button_store' is clicked on

2024-01-07 16:25:42 - [MESSAGE][PASSED] - Object: 'Object Repository/create_new_expense_account/button_store' is clicked on

2024-01-07 16:25:42 - [TEST_STEP][PASSED] - verifyTextPresent(expected_result, false): Text 'Success! New account "test 5" stored!' is present on page 

2024-01-07 16:25:43 - [MESSAGE][PASSED] - Text 'Success! New account "test 5" stored!' is present on page 

2024-01-07 16:25:43 - [TEST_STEP][PASSED] - closeBrowser(): Browser is closed

2024-01-07 16:25:44 - [MESSAGE][PASSED] - Browser is closed]]></system-out>
         <system-err><![CDATA[]]></system-err>
      </testcase>
      <testcase name="Test Cases/Functional/new expense account/TC5_TC6_TC7_TC7_TC8_TC9_TC10" time="14.23" classname="Test Cases/Functional/new expense account/TC5_TC6_TC7_TC7_TC8_TC9_TC10" status="PASSED">
         <system-out><![CDATA[2024-01-07 16:25:44 - [TEST_CASE][PASSED] - Test Cases/Functional/new expense account/TC5_TC6_TC7_TC7_TC8_TC9_TC10: Test Cases/Functional/new expense account/TC5_TC6_TC7_TC7_TC8_TC9_TC10

2024-01-07 16:25:44 - [TEST_STEP][PASSED] - openBrowser(""): Browser is opened with url: ''

2024-01-07 16:25:44 - [MESSAGE][INFO] - Starting 'Chrome' driver

2024-01-07 16:25:44 - [MESSAGE][INFO] - Action delay is set to 0 milliseconds

2024-01-07 16:25:45 - [MESSAGE][PASSED] - Browser is opened with url: ''

2024-01-07 16:25:45 - [TEST_STEP][PASSED] - navigateToUrl("https://demo.firefly-iii.org/"): Navigate to 'https://demo.firefly-iii.org/' successfully

2024-01-07 16:25:47 - [MESSAGE][PASSED] - Navigate to 'https://demo.firefly-iii.org/' successfully

2024-01-07 16:25:47 - [TEST_STEP][PASSED] - maximizeWindow(): Current window maximized

2024-01-07 16:25:47 - [MESSAGE][PASSED] - Current window maximized

2024-01-07 16:25:47 - [TEST_STEP][PASSED] - click(findTestObject("Object Repository/login/button_login")): Object: 'Object Repository/login/button_login' is clicked on

2024-01-07 16:25:49 - [MESSAGE][PASSED] - Object: 'Object Repository/login/button_login' is clicked on

2024-01-07 16:25:49 - [TEST_STEP][PASSED] - click(findTestObject("Object Repository/sidebar/button_sidebar")): Object: 'Object Repository/sidebar/button_sidebar' is clicked on

2024-01-07 16:25:50 - [MESSAGE][PASSED] - Object: 'Object Repository/sidebar/button_sidebar' is clicked on

2024-01-07 16:25:50 - [TEST_STEP][PASSED] - click(findTestObject("sidebar/button_new_expense_account")): Object: 'Object Repository/sidebar/button_new_expense_account' is clicked on

2024-01-07 16:25:51 - [MESSAGE][PASSED] - Object: 'Object Repository/sidebar/button_new_expense_account' is clicked on

2024-01-07 16:25:51 - [TEST_STEP][PASSED] - setText(findTestObject("create_new_expense_account/input_name"), Name): Text 'test 6' is set on object 'Object Repository/create_new_expense_account/input_name'

2024-01-07 16:25:52 - [MESSAGE][PASSED] - Text 'test 6' is set on object 'Object Repository/create_new_expense_account/input_name'

2024-01-07 16:25:52 - [TEST_STEP][PASSED] - setText(findTestObject("create_new_expense_account/input_iban"), IBAN): Text '' is set on object 'Object Repository/create_new_expense_account/input_iban'

2024-01-07 16:25:53 - [MESSAGE][PASSED] - Text '' is set on object 'Object Repository/create_new_expense_account/input_iban'

2024-01-07 16:25:53 - [TEST_STEP][PASSED] - setText(findTestObject("create_new_expense_account/input_BIC"), BIC): Text '' is set on object 'Object Repository/create_new_expense_account/input_BIC'

2024-01-07 16:25:53 - [MESSAGE][PASSED] - Text '' is set on object 'Object Repository/create_new_expense_account/input_BIC'

2024-01-07 16:25:53 - [TEST_STEP][PASSED] - setText(findTestObject("create_new_expense_account/input_account_number"), account_number): Text 'abcd' is set on object 'Object Repository/create_new_expense_account/input_account_number'

2024-01-07 16:25:54 - [MESSAGE][PASSED] - Text 'abcd' is set on object 'Object Repository/create_new_expense_account/input_account_number'

2024-01-07 16:25:54 - [TEST_STEP][PASSED] - setText(findTestObject("create_new_expense_account/textarea_notes"), note): Text '' is set on object 'Object Repository/create_new_expense_account/textarea_notes'

2024-01-07 16:25:55 - [MESSAGE][PASSED] - Text '' is set on object 'Object Repository/create_new_expense_account/textarea_notes'

2024-01-07 16:25:55 - [TEST_STEP][PASSED] - click(findTestObject("create_new_expense_account/button_store")): Object: 'Object Repository/create_new_expense_account/button_store' is clicked on

2024-01-07 16:25:56 - [MESSAGE][PASSED] - Object: 'Object Repository/create_new_expense_account/button_store' is clicked on

2024-01-07 16:25:56 - [TEST_STEP][PASSED] - verifyTextPresent(expected_result, false): Text 'Success! New account "test 6" stored!' is present on page 

2024-01-07 16:25:58 - [MESSAGE][PASSED] - Text 'Success! New account "test 6" stored!' is present on page 

2024-01-07 16:25:58 - [TEST_STEP][PASSED] - closeBrowser(): Browser is closed

2024-01-07 16:25:58 - [MESSAGE][PASSED] - Browser is closed]]></system-out>
         <system-err><![CDATA[]]></system-err>
      </testcase>
      <testcase name="Test Cases/Functional/new expense account/TC5_TC6_TC7_TC7_TC8_TC9_TC10" time="12.72" classname="Test Cases/Functional/new expense account/TC5_TC6_TC7_TC7_TC8_TC9_TC10" status="PASSED">
         <system-out><![CDATA[2024-01-07 16:25:58 - [TEST_CASE][PASSED] - Test Cases/Functional/new expense account/TC5_TC6_TC7_TC7_TC8_TC9_TC10: Test Cases/Functional/new expense account/TC5_TC6_TC7_TC7_TC8_TC9_TC10

2024-01-07 16:25:59 - [TEST_STEP][PASSED] - openBrowser(""): Browser is opened with url: ''

2024-01-07 16:25:59 - [MESSAGE][INFO] - Starting 'Chrome' driver

2024-01-07 16:25:59 - [MESSAGE][INFO] - Action delay is set to 0 milliseconds

2024-01-07 16:26:00 - [MESSAGE][PASSED] - Browser is opened with url: ''

2024-01-07 16:26:00 - [TEST_STEP][PASSED] - navigateToUrl("https://demo.firefly-iii.org/"): Navigate to 'https://demo.firefly-iii.org/' successfully

2024-01-07 16:26:01 - [MESSAGE][PASSED] - Navigate to 'https://demo.firefly-iii.org/' successfully

2024-01-07 16:26:01 - [TEST_STEP][PASSED] - maximizeWindow(): Current window maximized

2024-01-07 16:26:01 - [MESSAGE][PASSED] - Current window maximized

2024-01-07 16:26:01 - [TEST_STEP][PASSED] - click(findTestObject("Object Repository/login/button_login")): Object: 'Object Repository/login/button_login' is clicked on

2024-01-07 16:26:02 - [MESSAGE][PASSED] - Object: 'Object Repository/login/button_login' is clicked on

2024-01-07 16:26:02 - [TEST_STEP][PASSED] - click(findTestObject("Object Repository/sidebar/button_sidebar")): Object: 'Object Repository/sidebar/button_sidebar' is clicked on

2024-01-07 16:26:03 - [MESSAGE][PASSED] - Object: 'Object Repository/sidebar/button_sidebar' is clicked on

2024-01-07 16:26:03 - [TEST_STEP][PASSED] - click(findTestObject("sidebar/button_new_expense_account")): Object: 'Object Repository/sidebar/button_new_expense_account' is clicked on

2024-01-07 16:26:04 - [MESSAGE][PASSED] - Object: 'Object Repository/sidebar/button_new_expense_account' is clicked on

2024-01-07 16:26:04 - [TEST_STEP][PASSED] - setText(findTestObject("create_new_expense_account/input_name"), Name): Text 'test 7' is set on object 'Object Repository/create_new_expense_account/input_name'

2024-01-07 16:26:05 - [MESSAGE][PASSED] - Text 'test 7' is set on object 'Object Repository/create_new_expense_account/input_name'

2024-01-07 16:26:05 - [TEST_STEP][PASSED] - setText(findTestObject("create_new_expense_account/input_iban"), IBAN): Text '' is set on object 'Object Repository/create_new_expense_account/input_iban'

2024-01-07 16:26:06 - [MESSAGE][PASSED] - Text '' is set on object 'Object Repository/create_new_expense_account/input_iban'

2024-01-07 16:26:06 - [TEST_STEP][PASSED] - setText(findTestObject("create_new_expense_account/input_BIC"), BIC): Text '' is set on object 'Object Repository/create_new_expense_account/input_BIC'

2024-01-07 16:26:07 - [MESSAGE][PASSED] - Text '' is set on object 'Object Repository/create_new_expense_account/input_BIC'

2024-01-07 16:26:07 - [TEST_STEP][PASSED] - setText(findTestObject("create_new_expense_account/input_account_number"), account_number): Text '' is set on object 'Object Repository/create_new_expense_account/input_account_number'

2024-01-07 16:26:07 - [MESSAGE][PASSED] - Text '' is set on object 'Object Repository/create_new_expense_account/input_account_number'

2024-01-07 16:26:07 - [TEST_STEP][PASSED] - setText(findTestObject("create_new_expense_account/textarea_notes"), note): Text '' is set on object 'Object Repository/create_new_expense_account/textarea_notes'

2024-01-07 16:26:08 - [MESSAGE][PASSED] - Text '' is set on object 'Object Repository/create_new_expense_account/textarea_notes'

2024-01-07 16:26:08 - [TEST_STEP][PASSED] - click(findTestObject("create_new_expense_account/button_store")): Object: 'Object Repository/create_new_expense_account/button_store' is clicked on

2024-01-07 16:26:09 - [MESSAGE][PASSED] - Object: 'Object Repository/create_new_expense_account/button_store' is clicked on

2024-01-07 16:26:09 - [TEST_STEP][PASSED] - verifyTextPresent(expected_result, false): Text 'Success! New account "test 7" stored!' is present on page 

2024-01-07 16:26:10 - [MESSAGE][PASSED] - Text 'Success! New account "test 7" stored!' is present on page 

2024-01-07 16:26:10 - [TEST_STEP][PASSED] - closeBrowser(): Browser is closed

2024-01-07 16:26:11 - [MESSAGE][PASSED] - Browser is closed]]></system-out>
         <system-err><![CDATA[]]></system-err>
      </testcase>
      <testcase name="Test Cases/Functional/new expense account/TC5_TC6_TC7_TC7_TC8_TC9_TC10" time="15.447" classname="Test Cases/Functional/new expense account/TC5_TC6_TC7_TC7_TC8_TC9_TC10" status="PASSED">
         <system-out><![CDATA[2024-01-07 16:26:11 - [TEST_CASE][PASSED] - Test Cases/Functional/new expense account/TC5_TC6_TC7_TC7_TC8_TC9_TC10: Test Cases/Functional/new expense account/TC5_TC6_TC7_TC7_TC8_TC9_TC10

2024-01-07 16:26:11 - [TEST_STEP][PASSED] - openBrowser(""): Browser is opened with url: ''

2024-01-07 16:26:11 - [MESSAGE][INFO] - Starting 'Chrome' driver

2024-01-07 16:26:11 - [MESSAGE][INFO] - Action delay is set to 0 milliseconds

2024-01-07 16:26:12 - [MESSAGE][PASSED] - Browser is opened with url: ''

2024-01-07 16:26:12 - [TEST_STEP][PASSED] - navigateToUrl("https://demo.firefly-iii.org/"): Navigate to 'https://demo.firefly-iii.org/' successfully

2024-01-07 16:26:14 - [MESSAGE][PASSED] - Navigate to 'https://demo.firefly-iii.org/' successfully

2024-01-07 16:26:14 - [TEST_STEP][PASSED] - maximizeWindow(): Current window maximized

2024-01-07 16:26:14 - [MESSAGE][PASSED] - Current window maximized

2024-01-07 16:26:14 - [TEST_STEP][PASSED] - click(findTestObject("Object Repository/login/button_login")): Object: 'Object Repository/login/button_login' is clicked on

2024-01-07 16:26:16 - [MESSAGE][PASSED] - Object: 'Object Repository/login/button_login' is clicked on

2024-01-07 16:26:16 - [TEST_STEP][PASSED] - click(findTestObject("Object Repository/sidebar/button_sidebar")): Object: 'Object Repository/sidebar/button_sidebar' is clicked on

2024-01-07 16:26:17 - [MESSAGE][PASSED] - Object: 'Object Repository/sidebar/button_sidebar' is clicked on

2024-01-07 16:26:17 - [TEST_STEP][PASSED] - click(findTestObject("sidebar/button_new_expense_account")): Object: 'Object Repository/sidebar/button_new_expense_account' is clicked on

2024-01-07 16:26:18 - [MESSAGE][PASSED] - Object: 'Object Repository/sidebar/button_new_expense_account' is clicked on

2024-01-07 16:26:18 - [TEST_STEP][PASSED] - setText(findTestObject("create_new_expense_account/input_name"), Name): Text 'test 8' is set on object 'Object Repository/create_new_expense_account/input_name'

2024-01-07 16:26:19 - [MESSAGE][PASSED] - Text 'test 8' is set on object 'Object Repository/create_new_expense_account/input_name'

2024-01-07 16:26:19 - [TEST_STEP][PASSED] - setText(findTestObject("create_new_expense_account/input_iban"), IBAN): Text '' is set on object 'Object Repository/create_new_expense_account/input_iban'

2024-01-07 16:26:20 - [MESSAGE][PASSED] - Text '' is set on object 'Object Repository/create_new_expense_account/input_iban'

2024-01-07 16:26:20 - [TEST_STEP][PASSED] - setText(findTestObject("create_new_expense_account/input_BIC"), BIC): Text '' is set on object 'Object Repository/create_new_expense_account/input_BIC'

2024-01-07 16:26:20 - [MESSAGE][PASSED] - Text '' is set on object 'Object Repository/create_new_expense_account/input_BIC'

2024-01-07 16:26:20 - [TEST_STEP][PASSED] - setText(findTestObject("create_new_expense_account/input_account_number"), account_number): Text '' is set on object 'Object Repository/create_new_expense_account/input_account_number'

2024-01-07 16:26:21 - [MESSAGE][PASSED] - Text '' is set on object 'Object Repository/create_new_expense_account/input_account_number'

2024-01-07 16:26:21 - [TEST_STEP][PASSED] - setText(findTestObject("create_new_expense_account/textarea_notes"), note): Text 'Tet is the biggest traditional festival in Vietnam. This is an opportunity for people to enjoy a happy and relaxing period of time with their family and friends. There are some differences between Tet in the North and the South of Vietnam. In the North, the traditional food of Tet is Chung cake – a rectangular sticky rice cake with meat, which is wrapped in phrynium. People usually buy the cakes with some cherry blossom branches as a symbol of Tet to decorate their houses. In the South, people consider apricots and Tet cakes are the symbols of Tet. Tet cake is also made from sticky rice, and the inside can be sweet beans, bananas, or even meat. On New Year’s Eve, most families gather together to have a warm dinner and a traditional ritual in order to commemorate our ancestors. On the first day of New Year, youngsters will give their best greetings to oldsters and receive lucky money. In the rest time of Tet, people can go to pagodas to pray for good things, peace, and health. Tet is an important occasion for families and friends to be together after a year of hard work, and it can motivate people to try harder in the next year.' is set on object 'Object Repository/create_new_expense_account/textarea_notes'

2024-01-07 16:26:23 - [MESSAGE][PASSED] - Text 'Tet is the biggest traditional festival in Vietnam. This is an opportunity for people to enjoy a happy and relaxing period of time with their family and friends. There are some differences between Tet in the North and the South of Vietnam. In the North, the traditional food of Tet is Chung cake – a rectangular sticky rice cake with meat, which is wrapped in phrynium. People usually buy the cakes with some cherry blossom branches as a symbol of Tet to decorate their houses. In the South, people consider apricots and Tet cakes are the symbols of Tet. Tet cake is also made from sticky rice, and the inside can be sweet beans, bananas, or even meat. On New Year’s Eve, most families gather together to have a warm dinner and a traditional ritual in order to commemorate our ancestors. On the first day of New Year, youngsters will give their best greetings to oldsters and receive lucky money. In the rest time of Tet, people can go to pagodas to pray for good things, peace, and health. Tet is an important occasion for families and friends to be together after a year of hard work, and it can motivate people to try harder in the next year.' is set on object 'Object Repository/create_new_expense_account/textarea_notes'

2024-01-07 16:26:23 - [TEST_STEP][PASSED] - click(findTestObject("create_new_expense_account/button_store")): Object: 'Object Repository/create_new_expense_account/button_store' is clicked on

2024-01-07 16:26:24 - [MESSAGE][PASSED] - Object: 'Object Repository/create_new_expense_account/button_store' is clicked on

2024-01-07 16:26:24 - [TEST_STEP][PASSED] - verifyTextPresent(expected_result, false): Text 'Success! New account "test 8" stored!' is present on page 

2024-01-07 16:26:26 - [MESSAGE][PASSED] - Text 'Success! New account "test 8" stored!' is present on page 

2024-01-07 16:26:26 - [TEST_STEP][PASSED] - closeBrowser(): Browser is closed

2024-01-07 16:26:27 - [MESSAGE][PASSED] - Browser is closed]]></system-out>
         <system-err><![CDATA[]]></system-err>
      </testcase>
      <testcase name="Test Cases/Functional/new expense account/TC11_TC12" time="12.163" classname="Test Cases/Functional/new expense account/TC11_TC12" status="PASSED">
         <system-out><![CDATA[2024-01-07 16:26:27 - [TEST_CASE][PASSED] - Test Cases/Functional/new expense account/TC11_TC12: Test Cases/Functional/new expense account/TC11_TC12

2024-01-07 16:26:27 - [TEST_STEP][PASSED] - openBrowser(""): Browser is opened with url: ''

2024-01-07 16:26:27 - [MESSAGE][INFO] - Starting 'Chrome' driver

2024-01-07 16:26:27 - [MESSAGE][INFO] - Action delay is set to 0 milliseconds

2024-01-07 16:26:28 - [MESSAGE][PASSED] - Browser is opened with url: ''

2024-01-07 16:26:28 - [TEST_STEP][PASSED] - navigateToUrl("https://demo.firefly-iii.org/"): Navigate to 'https://demo.firefly-iii.org/' successfully

2024-01-07 16:26:30 - [MESSAGE][PASSED] - Navigate to 'https://demo.firefly-iii.org/' successfully

2024-01-07 16:26:30 - [TEST_STEP][PASSED] - maximizeWindow(): Current window maximized

2024-01-07 16:26:30 - [MESSAGE][PASSED] - Current window maximized

2024-01-07 16:26:30 - [TEST_STEP][PASSED] - click(findTestObject("Object Repository/login/button_login")): Object: 'Object Repository/login/button_login' is clicked on

2024-01-07 16:26:31 - [MESSAGE][PASSED] - Object: 'Object Repository/login/button_login' is clicked on

2024-01-07 16:26:31 - [TEST_STEP][PASSED] - click(findTestObject("Object Repository/sidebar/button_sidebar")): Object: 'Object Repository/sidebar/button_sidebar' is clicked on

2024-01-07 16:26:33 - [MESSAGE][PASSED] - Object: 'Object Repository/sidebar/button_sidebar' is clicked on

2024-01-07 16:26:33 - [TEST_STEP][PASSED] - click(findTestObject("sidebar/button_new_expense_account")): Object: 'Object Repository/sidebar/button_new_expense_account' is clicked on

2024-01-07 16:26:34 - [MESSAGE][PASSED] - Object: 'Object Repository/sidebar/button_new_expense_account' is clicked on

2024-01-07 16:26:34 - [TEST_STEP][PASSED] - setText(findTestObject("create_new_expense_account/input_name"), Name): Text 'test 20' is set on object 'Object Repository/create_new_expense_account/input_name'

2024-01-07 16:26:35 - [MESSAGE][PASSED] - Text 'test 20' is set on object 'Object Repository/create_new_expense_account/input_name'

2024-01-07 16:26:35 - [TEST_STEP][PASSED] - uploadFile(findTestObject("create_new_expense_account/input_attachment"), file): File 'C:\Users\Thuan\Desktop\Workspace\software_testing_katalon\Data Sources\attachment_file_lt2mb.pdf' sent to object: 'Object Repository/create_new_expense_account/input_attachment'

2024-01-07 16:26:35 - [MESSAGE][PASSED] - File 'C:\Users\Thuan\Desktop\Workspace\software_testing_katalon\Data Sources\attachment_file_lt2mb.pdf' sent to object: 'Object Repository/create_new_expense_account/input_attachment'

2024-01-07 16:26:35 - [TEST_STEP][PASSED] - click(findTestObject("create_new_expense_account/button_store")): Object: 'Object Repository/create_new_expense_account/button_store' is clicked on

2024-01-07 16:26:37 - [MESSAGE][PASSED] - Object: 'Object Repository/create_new_expense_account/button_store' is clicked on

2024-01-07 16:26:37 - [TEST_STEP][PASSED] - verifyTextPresent(expected_message, false): Text 'Success! New account "test 20" stored!' is present on page 

2024-01-07 16:26:38 - [MESSAGE][PASSED] - Text 'Success! New account "test 20" stored!' is present on page 

2024-01-07 16:26:38 - [TEST_STEP][PASSED] - closeBrowser(): Browser is closed

2024-01-07 16:26:39 - [MESSAGE][PASSED] - Browser is closed]]></system-out>
         <system-err><![CDATA[]]></system-err>
      </testcase>
      <testcase name="Test Cases/Functional/new expense account/TC11_TC12" time="11.871" classname="Test Cases/Functional/new expense account/TC11_TC12" status="PASSED">
         <system-out><![CDATA[2024-01-07 16:26:39 - [TEST_CASE][PASSED] - Test Cases/Functional/new expense account/TC11_TC12: Test Cases/Functional/new expense account/TC11_TC12

2024-01-07 16:26:39 - [TEST_STEP][PASSED] - openBrowser(""): Browser is opened with url: ''

2024-01-07 16:26:39 - [MESSAGE][INFO] - Starting 'Chrome' driver

2024-01-07 16:26:39 - [MESSAGE][INFO] - Action delay is set to 0 milliseconds

2024-01-07 16:26:40 - [MESSAGE][PASSED] - Browser is opened with url: ''

2024-01-07 16:26:40 - [TEST_STEP][PASSED] - navigateToUrl("https://demo.firefly-iii.org/"): Navigate to 'https://demo.firefly-iii.org/' successfully

2024-01-07 16:26:42 - [MESSAGE][PASSED] - Navigate to 'https://demo.firefly-iii.org/' successfully

2024-01-07 16:26:42 - [TEST_STEP][PASSED] - maximizeWindow(): Current window maximized

2024-01-07 16:26:42 - [MESSAGE][PASSED] - Current window maximized

2024-01-07 16:26:42 - [TEST_STEP][PASSED] - click(findTestObject("Object Repository/login/button_login")): Object: 'Object Repository/login/button_login' is clicked on

2024-01-07 16:26:44 - [MESSAGE][PASSED] - Object: 'Object Repository/login/button_login' is clicked on

2024-01-07 16:26:44 - [TEST_STEP][PASSED] - click(findTestObject("Object Repository/sidebar/button_sidebar")): Object: 'Object Repository/sidebar/button_sidebar' is clicked on

2024-01-07 16:26:45 - [MESSAGE][PASSED] - Object: 'Object Repository/sidebar/button_sidebar' is clicked on

2024-01-07 16:26:45 - [TEST_STEP][PASSED] - click(findTestObject("sidebar/button_new_expense_account")): Object: 'Object Repository/sidebar/button_new_expense_account' is clicked on

2024-01-07 16:26:46 - [MESSAGE][PASSED] - Object: 'Object Repository/sidebar/button_new_expense_account' is clicked on

2024-01-07 16:26:46 - [TEST_STEP][PASSED] - setText(findTestObject("create_new_expense_account/input_name"), Name): Text 'test 21' is set on object 'Object Repository/create_new_expense_account/input_name'

2024-01-07 16:26:47 - [MESSAGE][PASSED] - Text 'test 21' is set on object 'Object Repository/create_new_expense_account/input_name'

2024-01-07 16:26:47 - [TEST_STEP][PASSED] - uploadFile(findTestObject("create_new_expense_account/input_attachment"), file): File 'C:\Users\Thuan\Desktop\Workspace\software_testing_katalon\Data Sources\attachment_file_gt2mb.pdf' sent to object: 'Object Repository/create_new_expense_account/input_attachment'

2024-01-07 16:26:47 - [MESSAGE][PASSED] - File 'C:\Users\Thuan\Desktop\Workspace\software_testing_katalon\Data Sources\attachment_file_gt2mb.pdf' sent to object: 'Object Repository/create_new_expense_account/input_attachment'

2024-01-07 16:26:47 - [TEST_STEP][PASSED] - click(findTestObject("create_new_expense_account/button_store")): Object: 'Object Repository/create_new_expense_account/button_store' is clicked on

2024-01-07 16:26:50 - [MESSAGE][PASSED] - Object: 'Object Repository/create_new_expense_account/button_store' is clicked on

2024-01-07 16:26:50 - [TEST_STEP][PASSED] - verifyTextPresent(expected_message, false): Text '413 Request Entity Too Large' is present on page 

2024-01-07 16:26:50 - [MESSAGE][PASSED] - Text '413 Request Entity Too Large' is present on page 

2024-01-07 16:26:50 - [TEST_STEP][PASSED] - closeBrowser(): Browser is closed

2024-01-07 16:26:51 - [MESSAGE][PASSED] - Browser is closed]]></system-out>
         <system-err><![CDATA[]]></system-err>
      </testcase>
      <system-out><![CDATA[2024-01-07 16:23:41 - [TEST_SUITE][PASSED] - new expense account: Test Cases/Functional/new expense account/TC11_TC12]]></system-out>
      <system-err><![CDATA[]]></system-err>
   </testsuite>
</testsuites>
