<?xml version="1.0" encoding="UTF-8"?>
<testsuites name="create new transaction - withdrawal" time="279.466" tests="29" failures="0" errors="0">
   <testsuite name="create new transaction - withdrawal" tests="29" failures="0" errors="0" time="279.466" skipped="0" timestamp="2024-01-07 22:04:56" hostname="Thuan - Revision-PC.mshome.net" id="Test Suites/GUI/create new transaction - withdrawal">
      <properties>
         <property name="deviceName" value=""/>
         <property name="devicePlatform" value=""/>
         <property name="logFolder" value="C:\\Users\\Thuan\\Desktop\\Workspace\\software_testing_katalon\\Reports\\20240107_220444\\GUI\\create new transaction - withdrawal\\20240107_220445"/>
         <property name="logFiles" value="C:\\Users\\Thuan\\Desktop\\Workspace\\software_testing_katalon\\Reports\\20240107_220444\\GUI\\create new transaction - withdrawal\\20240107_220445\\execution0.log"/>
         <property name="attachments" value=""/>
         <property name="hostName" value="Thuan - Revision-PC.mshome.net"/>
         <property name="os" value="Windows 10 64bit"/>
         <property name="katalonVersion" value="8.6.8.208"/>
         <property name="browser" value="Chrome 120.0.0.0"/>
         <property name="hostAddress" value="172.31.80.1"/>
         <property name="sessionId" value="3ceaf73a40442de036a0cdbd36ae4c97"/>
         <property name="seleniumVersion" value="3.141.59"/>
         <property name="proxyInformation" value="ProxyInformation { proxyOption=NO_PROXY, proxyServerType=HTTP, username=, password=********, proxyServerAddress=, proxyServerPort=0, executionList=&quot;&quot;, isApplyToDesiredCapabilities=true }"/>
         <property name="platform" value="Windows 10"/>
      </properties>
      <testcase name="Test Cases/GUI/create new transaction - withdrawal/TC1" time="11.853" classname="Test Cases/GUI/create new transaction - withdrawal/TC1" status="PASSED">
         <system-out><![CDATA[2024-01-07 22:04:56 - [TEST_CASE][PASSED] - Test Cases/GUI/create new transaction - withdrawal/TC1: Test Cases/GUI/create new transaction - withdrawal/TC1

2024-01-07 22:04:57 - [TEST_STEP][PASSED] - openBrowser(""): Browser is opened with url: ''

2024-01-07 22:04:57 - [MESSAGE][INFO] - Starting 'Chrome' driver

2024-01-07 22:04:57 - [MESSAGE][INFO] - Action delay is set to 0 milliseconds

2024-01-07 22:04:59 - [MESSAGE][PASSED] - Browser is opened with url: ''

2024-01-07 22:04:59 - [TEST_STEP][PASSED] - navigateToUrl("https://demo.firefly-iii.org/"): Navigate to 'https://demo.firefly-iii.org/' successfully

2024-01-07 22:05:01 - [MESSAGE][PASSED] - Navigate to 'https://demo.firefly-iii.org/' successfully

2024-01-07 22:05:01 - [TEST_STEP][PASSED] - maximizeWindow(): Current window maximized

2024-01-07 22:05:01 - [MESSAGE][PASSED] - Current window maximized

2024-01-07 22:05:01 - [TEST_STEP][PASSED] - click(findTestObject("Object Repository/login/button_login")): Object: 'Object Repository/login/button_login' is clicked on

2024-01-07 22:05:03 - [MESSAGE][PASSED] - Object: 'Object Repository/login/button_login' is clicked on

2024-01-07 22:05:03 - [TEST_STEP][PASSED] - click(findTestObject("Object Repository/sidebar/button_sidebar")): Object: 'Object Repository/sidebar/button_sidebar' is clicked on

2024-01-07 22:05:04 - [MESSAGE][PASSED] - Object: 'Object Repository/sidebar/button_sidebar' is clicked on

2024-01-07 22:05:04 - [TEST_STEP][PASSED] - click(findTestObject("sidebar/button_new_drawal")): Object: 'Object Repository/sidebar/button_new_drawal' is clicked on

2024-01-07 22:05:06 - [MESSAGE][PASSED] - Object: 'Object Repository/sidebar/button_new_drawal' is clicked on

2024-01-07 22:05:06 - [TEST_STEP][PASSED] - sendKeys(findTestObject("create_new_with_drawal/input_description"), "this is test value"): Keys 'this is test value' sent to object: 'Object Repository/create_new_with_drawal/input_description'

2024-01-07 22:05:06 - [MESSAGE][PASSED] - Keys 'this is test value' sent to object: 'Object Repository/create_new_with_drawal/input_description'

2024-01-07 22:05:06 - [TEST_STEP][PASSED] - actual_value = getAttribute(findTestObject("create_new_with_drawal/input_description"), "value"): Attribute 'value' of object 'Object Repository/create_new_with_drawal/input_description' is: 'this is test value'

2024-01-07 22:05:07 - [MESSAGE][PASSED] - Attribute 'value' of object 'Object Repository/create_new_with_drawal/input_description' is: 'this is test value'

2024-01-07 22:05:07 - [TEST_STEP][PASSED] - verifyEqual(actual_value, expected_value): Actual object 'this is test value' and expected object 'this is test value' are equal

2024-01-07 22:05:07 - [MESSAGE][PASSED] - Actual object 'this is test value' and expected object 'this is test value' are equal

2024-01-07 22:05:07 - [TEST_STEP][PASSED] - closeBrowser(): Browser is closed

2024-01-07 22:05:08 - [MESSAGE][PASSED] - Browser is closed]]></system-out>
         <system-err><![CDATA[]]></system-err>
      </testcase>
      <testcase name="Test Cases/GUI/create new transaction - withdrawal/TC2_choice_recommendation" time="9.882" classname="Test Cases/GUI/create new transaction - withdrawal/TC2_choice_recommendation" status="PASSED">
         <system-out><![CDATA[2024-01-07 22:05:08 - [TEST_CASE][PASSED] - Test Cases/GUI/create new transaction - withdrawal/TC2_choice_recommendation: Test Cases/GUI/create new transaction - withdrawal/TC2_choice_recommendation

2024-01-07 22:05:08 - [TEST_STEP][PASSED] - openBrowser("https://demo.firefly-iii.org/"): Browser is opened with url: 'https://demo.firefly-iii.org/'

2024-01-07 22:05:08 - [MESSAGE][INFO] - Starting 'Chrome' driver

2024-01-07 22:05:08 - [MESSAGE][INFO] - Action delay is set to 0 milliseconds

2024-01-07 22:05:11 - [MESSAGE][PASSED] - Browser is opened with url: 'https://demo.firefly-iii.org/'

2024-01-07 22:05:11 - [TEST_STEP][PASSED] - maximizeWindow(): Current window maximized

2024-01-07 22:05:11 - [MESSAGE][PASSED] - Current window maximized

2024-01-07 22:05:11 - [TEST_STEP][PASSED] - click(findTestObject("Object Repository/login/button_login")): Object: 'Object Repository/login/button_login' is clicked on

2024-01-07 22:05:14 - [MESSAGE][PASSED] - Object: 'Object Repository/login/button_login' is clicked on

2024-01-07 22:05:14 - [TEST_STEP][PASSED] - click(findTestObject("Object Repository/sidebar/button_sidebar")): Object: 'Object Repository/sidebar/button_sidebar' is clicked on

2024-01-07 22:05:14 - [MESSAGE][PASSED] - Object: 'Object Repository/sidebar/button_sidebar' is clicked on

2024-01-07 22:05:14 - [TEST_STEP][PASSED] - click(findTestObject("sidebar/button_new_drawal")): Object: 'Object Repository/sidebar/button_new_drawal' is clicked on

2024-01-07 22:05:15 - [MESSAGE][PASSED] - Object: 'Object Repository/sidebar/button_new_drawal' is clicked on

2024-01-07 22:05:15 - [TEST_STEP][PASSED] - sendKeys(findTestObject("create_new_with_drawal/input_account_source"), account_name): Keys 'Checking Account' sent to object: 'Object Repository/create_new_with_drawal/input_account_source'

2024-01-07 22:05:16 - [MESSAGE][PASSED] - Keys 'Checking Account' sent to object: 'Object Repository/create_new_with_drawal/input_account_source'

2024-01-07 22:05:16 - [TEST_STEP][PASSED] - verifyElementAttributeValue(findTestObject("create_new_with_drawal/dropdown_source_account"), "class", expected_value, 0): Object 'Object Repository/create_new_with_drawal/dropdown_source_account' has attribute 'class' with value 'dropdown open'

2024-01-07 22:05:16 - [MESSAGE][WARNING] - Timeout '0' is invalid. Using default page load timeout: '30'

2024-01-07 22:05:17 - [MESSAGE][PASSED] - Object 'Object Repository/create_new_with_drawal/dropdown_source_account' has attribute 'class' with value 'dropdown open'

2024-01-07 22:05:17 - [TEST_STEP][PASSED] - closeBrowser(): Browser is closed

2024-01-07 22:05:18 - [MESSAGE][PASSED] - Browser is closed]]></system-out>
         <system-err><![CDATA[]]></system-err>
      </testcase>
      <testcase name="Test Cases/GUI/create new transaction - withdrawal/TC2_choice_recommendation" time="9.799" classname="Test Cases/GUI/create new transaction - withdrawal/TC2_choice_recommendation" status="PASSED">
         <system-out><![CDATA[2024-01-07 22:05:18 - [TEST_CASE][PASSED] - Test Cases/GUI/create new transaction - withdrawal/TC2_choice_recommendation: Test Cases/GUI/create new transaction - withdrawal/TC2_choice_recommendation

2024-01-07 22:05:18 - [TEST_STEP][PASSED] - openBrowser("https://demo.firefly-iii.org/"): Browser is opened with url: 'https://demo.firefly-iii.org/'

2024-01-07 22:05:18 - [MESSAGE][INFO] - Starting 'Chrome' driver

2024-01-07 22:05:18 - [MESSAGE][INFO] - Action delay is set to 0 milliseconds

2024-01-07 22:05:21 - [MESSAGE][PASSED] - Browser is opened with url: 'https://demo.firefly-iii.org/'

2024-01-07 22:05:21 - [TEST_STEP][PASSED] - maximizeWindow(): Current window maximized

2024-01-07 22:05:21 - [MESSAGE][PASSED] - Current window maximized

2024-01-07 22:05:21 - [TEST_STEP][PASSED] - click(findTestObject("Object Repository/login/button_login")): Object: 'Object Repository/login/button_login' is clicked on

2024-01-07 22:05:23 - [MESSAGE][PASSED] - Object: 'Object Repository/login/button_login' is clicked on

2024-01-07 22:05:23 - [TEST_STEP][PASSED] - click(findTestObject("Object Repository/sidebar/button_sidebar")): Object: 'Object Repository/sidebar/button_sidebar' is clicked on

2024-01-07 22:05:24 - [MESSAGE][PASSED] - Object: 'Object Repository/sidebar/button_sidebar' is clicked on

2024-01-07 22:05:24 - [TEST_STEP][PASSED] - click(findTestObject("sidebar/button_new_drawal")): Object: 'Object Repository/sidebar/button_new_drawal' is clicked on

2024-01-07 22:05:25 - [MESSAGE][PASSED] - Object: 'Object Repository/sidebar/button_new_drawal' is clicked on

2024-01-07 22:05:25 - [TEST_STEP][PASSED] - sendKeys(findTestObject("create_new_with_drawal/input_account_source"), account_name): Keys 'The house' sent to object: 'Object Repository/create_new_with_drawal/input_account_source'

2024-01-07 22:05:26 - [MESSAGE][PASSED] - Keys 'The house' sent to object: 'Object Repository/create_new_with_drawal/input_account_source'

2024-01-07 22:05:26 - [TEST_STEP][PASSED] - verifyElementAttributeValue(findTestObject("create_new_with_drawal/dropdown_source_account"), "class", expected_value, 0): Object 'Object Repository/create_new_with_drawal/dropdown_source_account' has attribute 'class' with value 'dropdown open'

2024-01-07 22:05:26 - [MESSAGE][WARNING] - Timeout '0' is invalid. Using default page load timeout: '30'

2024-01-07 22:05:27 - [MESSAGE][PASSED] - Object 'Object Repository/create_new_with_drawal/dropdown_source_account' has attribute 'class' with value 'dropdown open'

2024-01-07 22:05:27 - [TEST_STEP][PASSED] - closeBrowser(): Browser is closed

2024-01-07 22:05:28 - [MESSAGE][PASSED] - Browser is closed]]></system-out>
         <system-err><![CDATA[]]></system-err>
      </testcase>
      <testcase name="Test Cases/GUI/create new transaction - withdrawal/TC2_choice_recommendation" time="10.374" classname="Test Cases/GUI/create new transaction - withdrawal/TC2_choice_recommendation" status="PASSED">
         <system-out><![CDATA[2024-01-07 22:05:28 - [TEST_CASE][PASSED] - Test Cases/GUI/create new transaction - withdrawal/TC2_choice_recommendation: Test Cases/GUI/create new transaction - withdrawal/TC2_choice_recommendation

2024-01-07 22:05:28 - [TEST_STEP][PASSED] - openBrowser("https://demo.firefly-iii.org/"): Browser is opened with url: 'https://demo.firefly-iii.org/'

2024-01-07 22:05:28 - [MESSAGE][INFO] - Starting 'Chrome' driver

2024-01-07 22:05:28 - [MESSAGE][INFO] - Action delay is set to 0 milliseconds

2024-01-07 22:05:30 - [MESSAGE][PASSED] - Browser is opened with url: 'https://demo.firefly-iii.org/'

2024-01-07 22:05:30 - [TEST_STEP][PASSED] - maximizeWindow(): Current window maximized

2024-01-07 22:05:31 - [MESSAGE][PASSED] - Current window maximized

2024-01-07 22:05:31 - [TEST_STEP][PASSED] - click(findTestObject("Object Repository/login/button_login")): Object: 'Object Repository/login/button_login' is clicked on

2024-01-07 22:05:34 - [MESSAGE][PASSED] - Object: 'Object Repository/login/button_login' is clicked on

2024-01-07 22:05:34 - [TEST_STEP][PASSED] - click(findTestObject("Object Repository/sidebar/button_sidebar")): Object: 'Object Repository/sidebar/button_sidebar' is clicked on

2024-01-07 22:05:34 - [MESSAGE][PASSED] - Object: 'Object Repository/sidebar/button_sidebar' is clicked on

2024-01-07 22:05:34 - [TEST_STEP][PASSED] - click(findTestObject("sidebar/button_new_drawal")): Object: 'Object Repository/sidebar/button_new_drawal' is clicked on

2024-01-07 22:05:36 - [MESSAGE][PASSED] - Object: 'Object Repository/sidebar/button_new_drawal' is clicked on

2024-01-07 22:05:36 - [TEST_STEP][PASSED] - sendKeys(findTestObject("create_new_with_drawal/input_account_source"), account_name): Keys 'asdsadasdsadasdasdcasdasd' sent to object: 'Object Repository/create_new_with_drawal/input_account_source'

2024-01-07 22:05:36 - [MESSAGE][PASSED] - Keys 'asdsadasdsadasdasdcasdasd' sent to object: 'Object Repository/create_new_with_drawal/input_account_source'

2024-01-07 22:05:36 - [TEST_STEP][PASSED] - verifyElementAttributeValue(findTestObject("create_new_with_drawal/dropdown_source_account"), "class", expected_value, 0): Object 'Object Repository/create_new_with_drawal/dropdown_source_account' has attribute 'class' with value 'dropdown'

2024-01-07 22:05:37 - [MESSAGE][WARNING] - Timeout '0' is invalid. Using default page load timeout: '30'

2024-01-07 22:05:37 - [MESSAGE][PASSED] - Object 'Object Repository/create_new_with_drawal/dropdown_source_account' has attribute 'class' with value 'dropdown'

2024-01-07 22:05:37 - [TEST_STEP][PASSED] - closeBrowser(): Browser is closed

2024-01-07 22:05:38 - [MESSAGE][PASSED] - Browser is closed]]></system-out>
         <system-err><![CDATA[]]></system-err>
      </testcase>
      <testcase name="Test Cases/GUI/create new transaction - withdrawal/TC2_choice_recommendation" time="9.986" classname="Test Cases/GUI/create new transaction - withdrawal/TC2_choice_recommendation" status="PASSED">
         <system-out><![CDATA[2024-01-07 22:05:38 - [TEST_CASE][PASSED] - Test Cases/GUI/create new transaction - withdrawal/TC2_choice_recommendation: Test Cases/GUI/create new transaction - withdrawal/TC2_choice_recommendation

2024-01-07 22:05:38 - [TEST_STEP][PASSED] - openBrowser("https://demo.firefly-iii.org/"): Browser is opened with url: 'https://demo.firefly-iii.org/'

2024-01-07 22:05:38 - [MESSAGE][INFO] - Starting 'Chrome' driver

2024-01-07 22:05:38 - [MESSAGE][INFO] - Action delay is set to 0 milliseconds

2024-01-07 22:05:41 - [MESSAGE][PASSED] - Browser is opened with url: 'https://demo.firefly-iii.org/'

2024-01-07 22:05:41 - [TEST_STEP][PASSED] - maximizeWindow(): Current window maximized

2024-01-07 22:05:41 - [MESSAGE][PASSED] - Current window maximized

2024-01-07 22:05:41 - [TEST_STEP][PASSED] - click(findTestObject("Object Repository/login/button_login")): Object: 'Object Repository/login/button_login' is clicked on

2024-01-07 22:05:44 - [MESSAGE][PASSED] - Object: 'Object Repository/login/button_login' is clicked on

2024-01-07 22:05:44 - [TEST_STEP][PASSED] - click(findTestObject("Object Repository/sidebar/button_sidebar")): Object: 'Object Repository/sidebar/button_sidebar' is clicked on

2024-01-07 22:05:45 - [MESSAGE][PASSED] - Object: 'Object Repository/sidebar/button_sidebar' is clicked on

2024-01-07 22:05:45 - [TEST_STEP][PASSED] - click(findTestObject("sidebar/button_new_drawal")): Object: 'Object Repository/sidebar/button_new_drawal' is clicked on

2024-01-07 22:05:46 - [MESSAGE][PASSED] - Object: 'Object Repository/sidebar/button_new_drawal' is clicked on

2024-01-07 22:05:46 - [TEST_STEP][PASSED] - sendKeys(findTestObject("create_new_with_drawal/input_account_source"), account_name): Keys ' ' sent to object: 'Object Repository/create_new_with_drawal/input_account_source'

2024-01-07 22:05:47 - [MESSAGE][PASSED] - Keys ' ' sent to object: 'Object Repository/create_new_with_drawal/input_account_source'

2024-01-07 22:05:47 - [TEST_STEP][PASSED] - verifyElementAttributeValue(findTestObject("create_new_with_drawal/dropdown_source_account"), "class", expected_value, 0): Object 'Object Repository/create_new_with_drawal/dropdown_source_account' has attribute 'class' with value 'dropdown open'

2024-01-07 22:05:47 - [MESSAGE][WARNING] - Timeout '0' is invalid. Using default page load timeout: '30'

2024-01-07 22:05:47 - [MESSAGE][PASSED] - Object 'Object Repository/create_new_with_drawal/dropdown_source_account' has attribute 'class' with value 'dropdown open'

2024-01-07 22:05:47 - [TEST_STEP][PASSED] - closeBrowser(): Browser is closed

2024-01-07 22:05:48 - [MESSAGE][PASSED] - Browser is closed]]></system-out>
         <system-err><![CDATA[]]></system-err>
      </testcase>
      <testcase name="Test Cases/GUI/create new transaction - withdrawal/TC2_choice_recommendation" time="8.933" classname="Test Cases/GUI/create new transaction - withdrawal/TC2_choice_recommendation" status="PASSED">
         <system-out><![CDATA[2024-01-07 22:05:48 - [TEST_CASE][PASSED] - Test Cases/GUI/create new transaction - withdrawal/TC2_choice_recommendation: Test Cases/GUI/create new transaction - withdrawal/TC2_choice_recommendation

2024-01-07 22:05:48 - [TEST_STEP][PASSED] - openBrowser("https://demo.firefly-iii.org/"): Browser is opened with url: 'https://demo.firefly-iii.org/'

2024-01-07 22:05:48 - [MESSAGE][INFO] - Starting 'Chrome' driver

2024-01-07 22:05:48 - [MESSAGE][INFO] - Action delay is set to 0 milliseconds

2024-01-07 22:05:51 - [MESSAGE][PASSED] - Browser is opened with url: 'https://demo.firefly-iii.org/'

2024-01-07 22:05:51 - [TEST_STEP][PASSED] - maximizeWindow(): Current window maximized

2024-01-07 22:05:51 - [MESSAGE][PASSED] - Current window maximized

2024-01-07 22:05:51 - [TEST_STEP][PASSED] - click(findTestObject("Object Repository/login/button_login")): Object: 'Object Repository/login/button_login' is clicked on

2024-01-07 22:05:53 - [MESSAGE][PASSED] - Object: 'Object Repository/login/button_login' is clicked on

2024-01-07 22:05:53 - [TEST_STEP][PASSED] - click(findTestObject("Object Repository/sidebar/button_sidebar")): Object: 'Object Repository/sidebar/button_sidebar' is clicked on

2024-01-07 22:05:54 - [MESSAGE][PASSED] - Object: 'Object Repository/sidebar/button_sidebar' is clicked on

2024-01-07 22:05:54 - [TEST_STEP][PASSED] - click(findTestObject("sidebar/button_new_drawal")): Object: 'Object Repository/sidebar/button_new_drawal' is clicked on

2024-01-07 22:05:55 - [MESSAGE][PASSED] - Object: 'Object Repository/sidebar/button_new_drawal' is clicked on

2024-01-07 22:05:55 - [TEST_STEP][PASSED] - sendKeys(findTestObject("create_new_with_drawal/input_account_source"), account_name): Keys '' sent to object: 'Object Repository/create_new_with_drawal/input_account_source'

2024-01-07 22:05:56 - [MESSAGE][PASSED] - Keys '' sent to object: 'Object Repository/create_new_with_drawal/input_account_source'

2024-01-07 22:05:56 - [TEST_STEP][PASSED] - verifyElementAttributeValue(findTestObject("create_new_with_drawal/dropdown_source_account"), "class", expected_value, 0): Object 'Object Repository/create_new_with_drawal/dropdown_source_account' has attribute 'class' with value 'dropdown open'

2024-01-07 22:05:56 - [MESSAGE][WARNING] - Timeout '0' is invalid. Using default page load timeout: '30'

2024-01-07 22:05:56 - [MESSAGE][PASSED] - Object 'Object Repository/create_new_with_drawal/dropdown_source_account' has attribute 'class' with value 'dropdown open'

2024-01-07 22:05:56 - [TEST_STEP][PASSED] - closeBrowser(): Browser is closed

2024-01-07 22:05:57 - [MESSAGE][PASSED] - Browser is closed]]></system-out>
         <system-err><![CDATA[]]></system-err>
      </testcase>
      <testcase name="Test Cases/GUI/create new transaction - withdrawal/TC2_only_input" time="10.089" classname="Test Cases/GUI/create new transaction - withdrawal/TC2_only_input" status="PASSED">
         <system-out><![CDATA[2024-01-07 22:05:57 - [TEST_CASE][PASSED] - Test Cases/GUI/create new transaction - withdrawal/TC2_only_input: Test Cases/GUI/create new transaction - withdrawal/TC2_only_input

2024-01-07 22:05:57 - [TEST_STEP][PASSED] - openBrowser("https://demo.firefly-iii.org/"): Browser is opened with url: 'https://demo.firefly-iii.org/'

2024-01-07 22:05:57 - [MESSAGE][INFO] - Starting 'Chrome' driver

2024-01-07 22:05:57 - [MESSAGE][INFO] - Action delay is set to 0 milliseconds

2024-01-07 22:06:00 - [MESSAGE][PASSED] - Browser is opened with url: 'https://demo.firefly-iii.org/'

2024-01-07 22:06:00 - [TEST_STEP][PASSED] - maximizeWindow(): Current window maximized

2024-01-07 22:06:00 - [MESSAGE][PASSED] - Current window maximized

2024-01-07 22:06:00 - [TEST_STEP][PASSED] - click(findTestObject("Object Repository/login/button_login")): Object: 'Object Repository/login/button_login' is clicked on

2024-01-07 22:06:03 - [MESSAGE][PASSED] - Object: 'Object Repository/login/button_login' is clicked on

2024-01-07 22:06:03 - [TEST_STEP][PASSED] - click(findTestObject("Object Repository/sidebar/button_sidebar")): Object: 'Object Repository/sidebar/button_sidebar' is clicked on

2024-01-07 22:06:04 - [MESSAGE][PASSED] - Object: 'Object Repository/sidebar/button_sidebar' is clicked on

2024-01-07 22:06:04 - [TEST_STEP][PASSED] - click(findTestObject("sidebar/button_new_drawal")): Object: 'Object Repository/sidebar/button_new_drawal' is clicked on

2024-01-07 22:06:05 - [MESSAGE][PASSED] - Object: 'Object Repository/sidebar/button_new_drawal' is clicked on

2024-01-07 22:06:05 - [TEST_STEP][PASSED] - sendKeys(findTestObject("create_new_with_drawal/input_account_source"), "this is test text"): Keys 'this is test text' sent to object: 'Object Repository/create_new_with_drawal/input_account_source'

2024-01-07 22:06:06 - [MESSAGE][PASSED] - Keys 'this is test text' sent to object: 'Object Repository/create_new_with_drawal/input_account_source'

2024-01-07 22:06:06 - [TEST_STEP][PASSED] - verifyElementAttributeValue(findTestObject("create_new_with_drawal/input_account_source"), "value", expected_value, 0): Object 'Object Repository/create_new_with_drawal/input_account_source' has attribute 'value' with value 'this is test text'

2024-01-07 22:06:06 - [MESSAGE][WARNING] - Timeout '0' is invalid. Using default page load timeout: '30'

2024-01-07 22:06:06 - [MESSAGE][PASSED] - Object 'Object Repository/create_new_with_drawal/input_account_source' has attribute 'value' with value 'this is test text'

2024-01-07 22:06:06 - [TEST_STEP][PASSED] - closeBrowser(): Browser is closed

2024-01-07 22:06:07 - [MESSAGE][PASSED] - Browser is closed]]></system-out>
         <system-err><![CDATA[]]></system-err>
      </testcase>
      <testcase name="Test Cases/GUI/create new transaction - withdrawal/TC3_choice_recommendation" time="9.538" classname="Test Cases/GUI/create new transaction - withdrawal/TC3_choice_recommendation" status="PASSED">
         <system-out><![CDATA[2024-01-07 22:06:07 - [TEST_CASE][PASSED] - Test Cases/GUI/create new transaction - withdrawal/TC3_choice_recommendation: Test Cases/GUI/create new transaction - withdrawal/TC3_choice_recommendation

2024-01-07 22:06:08 - [TEST_STEP][PASSED] - openBrowser("https://demo.firefly-iii.org/"): Browser is opened with url: 'https://demo.firefly-iii.org/'

2024-01-07 22:06:08 - [MESSAGE][INFO] - Starting 'Chrome' driver

2024-01-07 22:06:08 - [MESSAGE][INFO] - Action delay is set to 0 milliseconds

2024-01-07 22:06:10 - [MESSAGE][PASSED] - Browser is opened with url: 'https://demo.firefly-iii.org/'

2024-01-07 22:06:10 - [TEST_STEP][PASSED] - maximizeWindow(): Current window maximized

2024-01-07 22:06:10 - [MESSAGE][PASSED] - Current window maximized

2024-01-07 22:06:10 - [TEST_STEP][PASSED] - click(findTestObject("Object Repository/login/button_login")): Object: 'Object Repository/login/button_login' is clicked on

2024-01-07 22:06:12 - [MESSAGE][PASSED] - Object: 'Object Repository/login/button_login' is clicked on

2024-01-07 22:06:12 - [TEST_STEP][PASSED] - click(findTestObject("Object Repository/sidebar/button_sidebar")): Object: 'Object Repository/sidebar/button_sidebar' is clicked on

2024-01-07 22:06:13 - [MESSAGE][PASSED] - Object: 'Object Repository/sidebar/button_sidebar' is clicked on

2024-01-07 22:06:13 - [TEST_STEP][PASSED] - click(findTestObject("sidebar/button_new_drawal")): Object: 'Object Repository/sidebar/button_new_drawal' is clicked on

2024-01-07 22:06:14 - [MESSAGE][PASSED] - Object: 'Object Repository/sidebar/button_new_drawal' is clicked on

2024-01-07 22:06:14 - [TEST_STEP][PASSED] - sendKeys(findTestObject("create_new_with_drawal/input_account_destination"), account_name): Keys 'Checking Account' sent to object: 'Object Repository/create_new_with_drawal/input_account_destination'

2024-01-07 22:06:15 - [MESSAGE][PASSED] - Keys 'Checking Account' sent to object: 'Object Repository/create_new_with_drawal/input_account_destination'

2024-01-07 22:06:15 - [TEST_STEP][PASSED] - verifyElementAttributeValue(findTestObject("create_new_with_drawal/dropdown_destination_account"), "class", expected_value, 0): Object 'Object Repository/create_new_with_drawal/dropdown_destination_account' has attribute 'class' with value 'dropdown open'

2024-01-07 22:06:15 - [MESSAGE][WARNING] - Timeout '0' is invalid. Using default page load timeout: '30'

2024-01-07 22:06:16 - [MESSAGE][PASSED] - Object 'Object Repository/create_new_with_drawal/dropdown_destination_account' has attribute 'class' with value 'dropdown open'

2024-01-07 22:06:16 - [TEST_STEP][PASSED] - closeBrowser(): Browser is closed

2024-01-07 22:06:17 - [MESSAGE][PASSED] - Browser is closed]]></system-out>
         <system-err><![CDATA[]]></system-err>
      </testcase>
      <testcase name="Test Cases/GUI/create new transaction - withdrawal/TC3_choice_recommendation" time="10.171" classname="Test Cases/GUI/create new transaction - withdrawal/TC3_choice_recommendation" status="PASSED">
         <system-out><![CDATA[2024-01-07 22:06:17 - [TEST_CASE][PASSED] - Test Cases/GUI/create new transaction - withdrawal/TC3_choice_recommendation: Test Cases/GUI/create new transaction - withdrawal/TC3_choice_recommendation

2024-01-07 22:06:17 - [TEST_STEP][PASSED] - openBrowser("https://demo.firefly-iii.org/"): Browser is opened with url: 'https://demo.firefly-iii.org/'

2024-01-07 22:06:17 - [MESSAGE][INFO] - Starting 'Chrome' driver

2024-01-07 22:06:17 - [MESSAGE][INFO] - Action delay is set to 0 milliseconds

2024-01-07 22:06:20 - [MESSAGE][PASSED] - Browser is opened with url: 'https://demo.firefly-iii.org/'

2024-01-07 22:06:20 - [TEST_STEP][PASSED] - maximizeWindow(): Current window maximized

2024-01-07 22:06:20 - [MESSAGE][PASSED] - Current window maximized

2024-01-07 22:06:20 - [TEST_STEP][PASSED] - click(findTestObject("Object Repository/login/button_login")): Object: 'Object Repository/login/button_login' is clicked on

2024-01-07 22:06:22 - [MESSAGE][PASSED] - Object: 'Object Repository/login/button_login' is clicked on

2024-01-07 22:06:22 - [TEST_STEP][PASSED] - click(findTestObject("Object Repository/sidebar/button_sidebar")): Object: 'Object Repository/sidebar/button_sidebar' is clicked on

2024-01-07 22:06:23 - [MESSAGE][PASSED] - Object: 'Object Repository/sidebar/button_sidebar' is clicked on

2024-01-07 22:06:23 - [TEST_STEP][PASSED] - click(findTestObject("sidebar/button_new_drawal")): Object: 'Object Repository/sidebar/button_new_drawal' is clicked on

2024-01-07 22:06:24 - [MESSAGE][PASSED] - Object: 'Object Repository/sidebar/button_new_drawal' is clicked on

2024-01-07 22:06:24 - [TEST_STEP][PASSED] - sendKeys(findTestObject("create_new_with_drawal/input_account_destination"), account_name): Keys 'The house' sent to object: 'Object Repository/create_new_with_drawal/input_account_destination'

2024-01-07 22:06:25 - [MESSAGE][PASSED] - Keys 'The house' sent to object: 'Object Repository/create_new_with_drawal/input_account_destination'

2024-01-07 22:06:25 - [TEST_STEP][PASSED] - verifyElementAttributeValue(findTestObject("create_new_with_drawal/dropdown_destination_account"), "class", expected_value, 0): Object 'Object Repository/create_new_with_drawal/dropdown_destination_account' has attribute 'class' with value 'dropdown open'

2024-01-07 22:06:25 - [MESSAGE][WARNING] - Timeout '0' is invalid. Using default page load timeout: '30'

2024-01-07 22:06:26 - [MESSAGE][PASSED] - Object 'Object Repository/create_new_with_drawal/dropdown_destination_account' has attribute 'class' with value 'dropdown open'

2024-01-07 22:06:26 - [TEST_STEP][PASSED] - closeBrowser(): Browser is closed

2024-01-07 22:06:27 - [MESSAGE][PASSED] - Browser is closed]]></system-out>
         <system-err><![CDATA[]]></system-err>
      </testcase>
      <testcase name="Test Cases/GUI/create new transaction - withdrawal/TC3_choice_recommendation" time="9.427" classname="Test Cases/GUI/create new transaction - withdrawal/TC3_choice_recommendation" status="PASSED">
         <system-out><![CDATA[2024-01-07 22:06:27 - [TEST_CASE][PASSED] - Test Cases/GUI/create new transaction - withdrawal/TC3_choice_recommendation: Test Cases/GUI/create new transaction - withdrawal/TC3_choice_recommendation

2024-01-07 22:06:27 - [TEST_STEP][PASSED] - openBrowser("https://demo.firefly-iii.org/"): Browser is opened with url: 'https://demo.firefly-iii.org/'

2024-01-07 22:06:27 - [MESSAGE][INFO] - Starting 'Chrome' driver

2024-01-07 22:06:27 - [MESSAGE][INFO] - Action delay is set to 0 milliseconds

2024-01-07 22:06:29 - [MESSAGE][PASSED] - Browser is opened with url: 'https://demo.firefly-iii.org/'

2024-01-07 22:06:29 - [TEST_STEP][PASSED] - maximizeWindow(): Current window maximized

2024-01-07 22:06:30 - [MESSAGE][PASSED] - Current window maximized

2024-01-07 22:06:30 - [TEST_STEP][PASSED] - click(findTestObject("Object Repository/login/button_login")): Object: 'Object Repository/login/button_login' is clicked on

2024-01-07 22:06:32 - [MESSAGE][PASSED] - Object: 'Object Repository/login/button_login' is clicked on

2024-01-07 22:06:32 - [TEST_STEP][PASSED] - click(findTestObject("Object Repository/sidebar/button_sidebar")): Object: 'Object Repository/sidebar/button_sidebar' is clicked on

2024-01-07 22:06:33 - [MESSAGE][PASSED] - Object: 'Object Repository/sidebar/button_sidebar' is clicked on

2024-01-07 22:06:33 - [TEST_STEP][PASSED] - click(findTestObject("sidebar/button_new_drawal")): Object: 'Object Repository/sidebar/button_new_drawal' is clicked on

2024-01-07 22:06:34 - [MESSAGE][PASSED] - Object: 'Object Repository/sidebar/button_new_drawal' is clicked on

2024-01-07 22:06:34 - [TEST_STEP][PASSED] - sendKeys(findTestObject("create_new_with_drawal/input_account_destination"), account_name): Keys 'asdsadasdsadasdasdcasdasd' sent to object: 'Object Repository/create_new_with_drawal/input_account_destination'

2024-01-07 22:06:35 - [MESSAGE][PASSED] - Keys 'asdsadasdsadasdasdcasdasd' sent to object: 'Object Repository/create_new_with_drawal/input_account_destination'

2024-01-07 22:06:35 - [TEST_STEP][PASSED] - verifyElementAttributeValue(findTestObject("create_new_with_drawal/dropdown_destination_account"), "class", expected_value, 0): Object 'Object Repository/create_new_with_drawal/dropdown_destination_account' has attribute 'class' with value 'dropdown'

2024-01-07 22:06:35 - [MESSAGE][WARNING] - Timeout '0' is invalid. Using default page load timeout: '30'

2024-01-07 22:06:36 - [MESSAGE][PASSED] - Object 'Object Repository/create_new_with_drawal/dropdown_destination_account' has attribute 'class' with value 'dropdown'

2024-01-07 22:06:36 - [TEST_STEP][PASSED] - closeBrowser(): Browser is closed

2024-01-07 22:06:36 - [MESSAGE][PASSED] - Browser is closed]]></system-out>
         <system-err><![CDATA[]]></system-err>
      </testcase>
      <testcase name="Test Cases/GUI/create new transaction - withdrawal/TC3_choice_recommendation" time="9.187" classname="Test Cases/GUI/create new transaction - withdrawal/TC3_choice_recommendation" status="PASSED">
         <system-out><![CDATA[2024-01-07 22:06:36 - [TEST_CASE][PASSED] - Test Cases/GUI/create new transaction - withdrawal/TC3_choice_recommendation: Test Cases/GUI/create new transaction - withdrawal/TC3_choice_recommendation

2024-01-07 22:06:36 - [TEST_STEP][PASSED] - openBrowser("https://demo.firefly-iii.org/"): Browser is opened with url: 'https://demo.firefly-iii.org/'

2024-01-07 22:06:36 - [MESSAGE][INFO] - Starting 'Chrome' driver

2024-01-07 22:06:36 - [MESSAGE][INFO] - Action delay is set to 0 milliseconds

2024-01-07 22:06:39 - [MESSAGE][PASSED] - Browser is opened with url: 'https://demo.firefly-iii.org/'

2024-01-07 22:06:39 - [TEST_STEP][PASSED] - maximizeWindow(): Current window maximized

2024-01-07 22:06:39 - [MESSAGE][PASSED] - Current window maximized

2024-01-07 22:06:39 - [TEST_STEP][PASSED] - click(findTestObject("Object Repository/login/button_login")): Object: 'Object Repository/login/button_login' is clicked on

2024-01-07 22:06:41 - [MESSAGE][PASSED] - Object: 'Object Repository/login/button_login' is clicked on

2024-01-07 22:06:41 - [TEST_STEP][PASSED] - click(findTestObject("Object Repository/sidebar/button_sidebar")): Object: 'Object Repository/sidebar/button_sidebar' is clicked on

2024-01-07 22:06:42 - [MESSAGE][PASSED] - Object: 'Object Repository/sidebar/button_sidebar' is clicked on

2024-01-07 22:06:42 - [TEST_STEP][PASSED] - click(findTestObject("sidebar/button_new_drawal")): Object: 'Object Repository/sidebar/button_new_drawal' is clicked on

2024-01-07 22:06:43 - [MESSAGE][PASSED] - Object: 'Object Repository/sidebar/button_new_drawal' is clicked on

2024-01-07 22:06:43 - [TEST_STEP][PASSED] - sendKeys(findTestObject("create_new_with_drawal/input_account_destination"), account_name): Keys ' ' sent to object: 'Object Repository/create_new_with_drawal/input_account_destination'

2024-01-07 22:06:44 - [MESSAGE][PASSED] - Keys ' ' sent to object: 'Object Repository/create_new_with_drawal/input_account_destination'

2024-01-07 22:06:44 - [TEST_STEP][PASSED] - verifyElementAttributeValue(findTestObject("create_new_with_drawal/dropdown_destination_account"), "class", expected_value, 0): Object 'Object Repository/create_new_with_drawal/dropdown_destination_account' has attribute 'class' with value 'dropdown open'

2024-01-07 22:06:44 - [MESSAGE][WARNING] - Timeout '0' is invalid. Using default page load timeout: '30'

2024-01-07 22:06:45 - [MESSAGE][PASSED] - Object 'Object Repository/create_new_with_drawal/dropdown_destination_account' has attribute 'class' with value 'dropdown open'

2024-01-07 22:06:45 - [TEST_STEP][PASSED] - closeBrowser(): Browser is closed

2024-01-07 22:06:46 - [MESSAGE][PASSED] - Browser is closed]]></system-out>
         <system-err><![CDATA[]]></system-err>
      </testcase>
      <testcase name="Test Cases/GUI/create new transaction - withdrawal/TC3_choice_recommendation" time="9.922" classname="Test Cases/GUI/create new transaction - withdrawal/TC3_choice_recommendation" status="PASSED">
         <system-out><![CDATA[2024-01-07 22:06:46 - [TEST_CASE][PASSED] - Test Cases/GUI/create new transaction - withdrawal/TC3_choice_recommendation: Test Cases/GUI/create new transaction - withdrawal/TC3_choice_recommendation

2024-01-07 22:06:46 - [TEST_STEP][PASSED] - openBrowser("https://demo.firefly-iii.org/"): Browser is opened with url: 'https://demo.firefly-iii.org/'

2024-01-07 22:06:46 - [MESSAGE][INFO] - Starting 'Chrome' driver

2024-01-07 22:06:46 - [MESSAGE][INFO] - Action delay is set to 0 milliseconds

2024-01-07 22:06:49 - [MESSAGE][PASSED] - Browser is opened with url: 'https://demo.firefly-iii.org/'

2024-01-07 22:06:49 - [TEST_STEP][PASSED] - maximizeWindow(): Current window maximized

2024-01-07 22:06:49 - [MESSAGE][PASSED] - Current window maximized

2024-01-07 22:06:49 - [TEST_STEP][PASSED] - click(findTestObject("Object Repository/login/button_login")): Object: 'Object Repository/login/button_login' is clicked on

2024-01-07 22:06:51 - [MESSAGE][PASSED] - Object: 'Object Repository/login/button_login' is clicked on

2024-01-07 22:06:51 - [TEST_STEP][PASSED] - click(findTestObject("Object Repository/sidebar/button_sidebar")): Object: 'Object Repository/sidebar/button_sidebar' is clicked on

2024-01-07 22:06:52 - [MESSAGE][PASSED] - Object: 'Object Repository/sidebar/button_sidebar' is clicked on

2024-01-07 22:06:52 - [TEST_STEP][PASSED] - click(findTestObject("sidebar/button_new_drawal")): Object: 'Object Repository/sidebar/button_new_drawal' is clicked on

2024-01-07 22:06:53 - [MESSAGE][PASSED] - Object: 'Object Repository/sidebar/button_new_drawal' is clicked on

2024-01-07 22:06:53 - [TEST_STEP][PASSED] - sendKeys(findTestObject("create_new_with_drawal/input_account_destination"), account_name): Keys '' sent to object: 'Object Repository/create_new_with_drawal/input_account_destination'

2024-01-07 22:06:54 - [MESSAGE][PASSED] - Keys '' sent to object: 'Object Repository/create_new_with_drawal/input_account_destination'

2024-01-07 22:06:54 - [TEST_STEP][PASSED] - verifyElementAttributeValue(findTestObject("create_new_with_drawal/dropdown_destination_account"), "class", expected_value, 0): Object 'Object Repository/create_new_with_drawal/dropdown_destination_account' has attribute 'class' with value 'dropdown open'

2024-01-07 22:06:54 - [MESSAGE][WARNING] - Timeout '0' is invalid. Using default page load timeout: '30'

2024-01-07 22:06:55 - [MESSAGE][PASSED] - Object 'Object Repository/create_new_with_drawal/dropdown_destination_account' has attribute 'class' with value 'dropdown open'

2024-01-07 22:06:55 - [TEST_STEP][PASSED] - closeBrowser(): Browser is closed

2024-01-07 22:06:56 - [MESSAGE][PASSED] - Browser is closed]]></system-out>
         <system-err><![CDATA[]]></system-err>
      </testcase>
      <testcase name="Test Cases/GUI/create new transaction - withdrawal/TC3_only_input" time="10.481" classname="Test Cases/GUI/create new transaction - withdrawal/TC3_only_input" status="PASSED">
         <system-out><![CDATA[2024-01-07 22:06:56 - [TEST_CASE][PASSED] - Test Cases/GUI/create new transaction - withdrawal/TC3_only_input: Test Cases/GUI/create new transaction - withdrawal/TC3_only_input

2024-01-07 22:06:56 - [TEST_STEP][PASSED] - openBrowser("https://demo.firefly-iii.org/"): Browser is opened with url: 'https://demo.firefly-iii.org/'

2024-01-07 22:06:56 - [MESSAGE][INFO] - Starting 'Chrome' driver

2024-01-07 22:06:56 - [MESSAGE][INFO] - Action delay is set to 0 milliseconds

2024-01-07 22:06:59 - [MESSAGE][PASSED] - Browser is opened with url: 'https://demo.firefly-iii.org/'

2024-01-07 22:06:59 - [TEST_STEP][PASSED] - maximizeWindow(): Current window maximized

2024-01-07 22:06:59 - [MESSAGE][PASSED] - Current window maximized

2024-01-07 22:06:59 - [TEST_STEP][PASSED] - click(findTestObject("Object Repository/login/button_login")): Object: 'Object Repository/login/button_login' is clicked on

2024-01-07 22:07:01 - [MESSAGE][PASSED] - Object: 'Object Repository/login/button_login' is clicked on

2024-01-07 22:07:01 - [TEST_STEP][PASSED] - click(findTestObject("Object Repository/sidebar/button_sidebar")): Object: 'Object Repository/sidebar/button_sidebar' is clicked on

2024-01-07 22:07:02 - [MESSAGE][PASSED] - Object: 'Object Repository/sidebar/button_sidebar' is clicked on

2024-01-07 22:07:02 - [TEST_STEP][PASSED] - click(findTestObject("sidebar/button_new_drawal")): Object: 'Object Repository/sidebar/button_new_drawal' is clicked on

2024-01-07 22:07:04 - [MESSAGE][PASSED] - Object: 'Object Repository/sidebar/button_new_drawal' is clicked on

2024-01-07 22:07:04 - [TEST_STEP][PASSED] - sendKeys(findTestObject("create_new_with_drawal/input_account_destination"), "this is test text"): Keys 'this is test text' sent to object: 'Object Repository/create_new_with_drawal/input_account_destination'

2024-01-07 22:07:04 - [MESSAGE][PASSED] - Keys 'this is test text' sent to object: 'Object Repository/create_new_with_drawal/input_account_destination'

2024-01-07 22:07:04 - [TEST_STEP][PASSED] - verifyElementAttributeValue(findTestObject("create_new_with_drawal/input_account_destination"), "value", expected_value, 0): Object 'Object Repository/create_new_with_drawal/input_account_destination' has attribute 'value' with value 'this is test text'

2024-01-07 22:07:05 - [MESSAGE][WARNING] - Timeout '0' is invalid. Using default page load timeout: '30'

2024-01-07 22:07:05 - [MESSAGE][PASSED] - Object 'Object Repository/create_new_with_drawal/input_account_destination' has attribute 'value' with value 'this is test text'

2024-01-07 22:07:05 - [TEST_STEP][PASSED] - closeBrowser(): Browser is closed

2024-01-07 22:07:06 - [MESSAGE][PASSED] - Browser is closed]]></system-out>
         <system-err><![CDATA[]]></system-err>
      </testcase>
      <testcase name="Test Cases/GUI/create new transaction - withdrawal/TC4" time="8.314" classname="Test Cases/GUI/create new transaction - withdrawal/TC4" status="PASSED">
         <system-out><![CDATA[2024-01-07 22:07:06 - [TEST_CASE][PASSED] - Test Cases/GUI/create new transaction - withdrawal/TC4: Test Cases/GUI/create new transaction - withdrawal/TC4

2024-01-07 22:07:06 - [TEST_STEP][PASSED] - openBrowser(""): Browser is opened with url: ''

2024-01-07 22:07:06 - [MESSAGE][INFO] - Starting 'Chrome' driver

2024-01-07 22:07:06 - [MESSAGE][INFO] - Action delay is set to 0 milliseconds

2024-01-07 22:07:08 - [MESSAGE][PASSED] - Browser is opened with url: ''

2024-01-07 22:07:08 - [TEST_STEP][PASSED] - navigateToUrl("https://demo.firefly-iii.org/"): Navigate to 'https://demo.firefly-iii.org/' successfully

2024-01-07 22:07:09 - [MESSAGE][PASSED] - Navigate to 'https://demo.firefly-iii.org/' successfully

2024-01-07 22:07:09 - [TEST_STEP][PASSED] - maximizeWindow(): Current window maximized

2024-01-07 22:07:09 - [MESSAGE][PASSED] - Current window maximized

2024-01-07 22:07:09 - [TEST_STEP][PASSED] - click(findTestObject("Object Repository/login/button_login")): Object: 'Object Repository/login/button_login' is clicked on

2024-01-07 22:07:11 - [MESSAGE][PASSED] - Object: 'Object Repository/login/button_login' is clicked on

2024-01-07 22:07:11 - [TEST_STEP][PASSED] - click(findTestObject("Object Repository/sidebar/button_sidebar")): Object: 'Object Repository/sidebar/button_sidebar' is clicked on

2024-01-07 22:07:11 - [MESSAGE][PASSED] - Object: 'Object Repository/sidebar/button_sidebar' is clicked on

2024-01-07 22:07:11 - [TEST_STEP][PASSED] - click(findTestObject("sidebar/button_new_drawal")): Object: 'Object Repository/sidebar/button_new_drawal' is clicked on

2024-01-07 22:07:12 - [MESSAGE][PASSED] - Object: 'Object Repository/sidebar/button_new_drawal' is clicked on

2024-01-07 22:07:12 - [TEST_STEP][PASSED] - sendKeys(findTestObject("create_new_with_drawal/input_amount"), test_value): Keys '100' sent to object: 'Object Repository/create_new_with_drawal/input_amount'

2024-01-07 22:07:13 - [MESSAGE][PASSED] - Keys '100' sent to object: 'Object Repository/create_new_with_drawal/input_amount'

2024-01-07 22:07:13 - [TEST_STEP][PASSED] - verifyElementAttributeValue(findTestObject("create_new_with_drawal/input_amount"), "value", expected_value, 0): Object 'Object Repository/create_new_with_drawal/input_amount' has attribute 'value' with value '100'

2024-01-07 22:07:13 - [MESSAGE][WARNING] - Timeout '0' is invalid. Using default page load timeout: '30'

2024-01-07 22:07:14 - [MESSAGE][PASSED] - Object 'Object Repository/create_new_with_drawal/input_amount' has attribute 'value' with value '100'

2024-01-07 22:07:14 - [TEST_STEP][PASSED] - closeBrowser(): Browser is closed

2024-01-07 22:07:14 - [MESSAGE][PASSED] - Browser is closed]]></system-out>
         <system-err><![CDATA[]]></system-err>
      </testcase>
      <testcase name="Test Cases/GUI/create new transaction - withdrawal/TC4" time="8.61" classname="Test Cases/GUI/create new transaction - withdrawal/TC4" status="PASSED">
         <system-out><![CDATA[2024-01-07 22:07:14 - [TEST_CASE][PASSED] - Test Cases/GUI/create new transaction - withdrawal/TC4: Test Cases/GUI/create new transaction - withdrawal/TC4

2024-01-07 22:07:14 - [TEST_STEP][PASSED] - openBrowser(""): Browser is opened with url: ''

2024-01-07 22:07:14 - [MESSAGE][INFO] - Starting 'Chrome' driver

2024-01-07 22:07:14 - [MESSAGE][INFO] - Action delay is set to 0 milliseconds

2024-01-07 22:07:16 - [MESSAGE][PASSED] - Browser is opened with url: ''

2024-01-07 22:07:16 - [TEST_STEP][PASSED] - navigateToUrl("https://demo.firefly-iii.org/"): Navigate to 'https://demo.firefly-iii.org/' successfully

2024-01-07 22:07:17 - [MESSAGE][PASSED] - Navigate to 'https://demo.firefly-iii.org/' successfully

2024-01-07 22:07:17 - [TEST_STEP][PASSED] - maximizeWindow(): Current window maximized

2024-01-07 22:07:17 - [MESSAGE][PASSED] - Current window maximized

2024-01-07 22:07:17 - [TEST_STEP][PASSED] - click(findTestObject("Object Repository/login/button_login")): Object: 'Object Repository/login/button_login' is clicked on

2024-01-07 22:07:19 - [MESSAGE][PASSED] - Object: 'Object Repository/login/button_login' is clicked on

2024-01-07 22:07:19 - [TEST_STEP][PASSED] - click(findTestObject("Object Repository/sidebar/button_sidebar")): Object: 'Object Repository/sidebar/button_sidebar' is clicked on

2024-01-07 22:07:20 - [MESSAGE][PASSED] - Object: 'Object Repository/sidebar/button_sidebar' is clicked on

2024-01-07 22:07:20 - [TEST_STEP][PASSED] - click(findTestObject("sidebar/button_new_drawal")): Object: 'Object Repository/sidebar/button_new_drawal' is clicked on

2024-01-07 22:07:21 - [MESSAGE][PASSED] - Object: 'Object Repository/sidebar/button_new_drawal' is clicked on

2024-01-07 22:07:21 - [TEST_STEP][PASSED] - sendKeys(findTestObject("create_new_with_drawal/input_amount"), test_value): Keys '0' sent to object: 'Object Repository/create_new_with_drawal/input_amount'

2024-01-07 22:07:22 - [MESSAGE][PASSED] - Keys '0' sent to object: 'Object Repository/create_new_with_drawal/input_amount'

2024-01-07 22:07:22 - [TEST_STEP][PASSED] - verifyElementAttributeValue(findTestObject("create_new_with_drawal/input_amount"), "value", expected_value, 0): Object 'Object Repository/create_new_with_drawal/input_amount' has attribute 'value' with value '0'

2024-01-07 22:07:22 - [MESSAGE][WARNING] - Timeout '0' is invalid. Using default page load timeout: '30'

2024-01-07 22:07:22 - [MESSAGE][PASSED] - Object 'Object Repository/create_new_with_drawal/input_amount' has attribute 'value' with value '0'

2024-01-07 22:07:22 - [TEST_STEP][PASSED] - closeBrowser(): Browser is closed

2024-01-07 22:07:23 - [MESSAGE][PASSED] - Browser is closed]]></system-out>
         <system-err><![CDATA[]]></system-err>
      </testcase>
      <testcase name="Test Cases/GUI/create new transaction - withdrawal/TC4" time="8.889" classname="Test Cases/GUI/create new transaction - withdrawal/TC4" status="PASSED">
         <system-out><![CDATA[2024-01-07 22:07:23 - [TEST_CASE][PASSED] - Test Cases/GUI/create new transaction - withdrawal/TC4: Test Cases/GUI/create new transaction - withdrawal/TC4

2024-01-07 22:07:23 - [TEST_STEP][PASSED] - openBrowser(""): Browser is opened with url: ''

2024-01-07 22:07:23 - [MESSAGE][INFO] - Starting 'Chrome' driver

2024-01-07 22:07:23 - [MESSAGE][INFO] - Action delay is set to 0 milliseconds

2024-01-07 22:07:24 - [MESSAGE][PASSED] - Browser is opened with url: ''

2024-01-07 22:07:24 - [TEST_STEP][PASSED] - navigateToUrl("https://demo.firefly-iii.org/"): Navigate to 'https://demo.firefly-iii.org/' successfully

2024-01-07 22:07:26 - [MESSAGE][PASSED] - Navigate to 'https://demo.firefly-iii.org/' successfully

2024-01-07 22:07:26 - [TEST_STEP][PASSED] - maximizeWindow(): Current window maximized

2024-01-07 22:07:26 - [MESSAGE][PASSED] - Current window maximized

2024-01-07 22:07:26 - [TEST_STEP][PASSED] - click(findTestObject("Object Repository/login/button_login")): Object: 'Object Repository/login/button_login' is clicked on

2024-01-07 22:07:28 - [MESSAGE][PASSED] - Object: 'Object Repository/login/button_login' is clicked on

2024-01-07 22:07:28 - [TEST_STEP][PASSED] - click(findTestObject("Object Repository/sidebar/button_sidebar")): Object: 'Object Repository/sidebar/button_sidebar' is clicked on

2024-01-07 22:07:29 - [MESSAGE][PASSED] - Object: 'Object Repository/sidebar/button_sidebar' is clicked on

2024-01-07 22:07:29 - [TEST_STEP][PASSED] - click(findTestObject("sidebar/button_new_drawal")): Object: 'Object Repository/sidebar/button_new_drawal' is clicked on

2024-01-07 22:07:30 - [MESSAGE][PASSED] - Object: 'Object Repository/sidebar/button_new_drawal' is clicked on

2024-01-07 22:07:30 - [TEST_STEP][PASSED] - sendKeys(findTestObject("create_new_with_drawal/input_amount"), test_value): Keys '-150' sent to object: 'Object Repository/create_new_with_drawal/input_amount'

2024-01-07 22:07:31 - [MESSAGE][PASSED] - Keys '-150' sent to object: 'Object Repository/create_new_with_drawal/input_amount'

2024-01-07 22:07:31 - [TEST_STEP][PASSED] - verifyElementAttributeValue(findTestObject("create_new_with_drawal/input_amount"), "value", expected_value, 0): Object 'Object Repository/create_new_with_drawal/input_amount' has attribute 'value' with value '-150'

2024-01-07 22:07:31 - [MESSAGE][WARNING] - Timeout '0' is invalid. Using default page load timeout: '30'

2024-01-07 22:07:31 - [MESSAGE][PASSED] - Object 'Object Repository/create_new_with_drawal/input_amount' has attribute 'value' with value '-150'

2024-01-07 22:07:31 - [TEST_STEP][PASSED] - closeBrowser(): Browser is closed

2024-01-07 22:07:32 - [MESSAGE][PASSED] - Browser is closed]]></system-out>
         <system-err><![CDATA[]]></system-err>
      </testcase>
      <testcase name="Test Cases/GUI/create new transaction - withdrawal/TC4" time="8.91" classname="Test Cases/GUI/create new transaction - withdrawal/TC4" status="PASSED">
         <system-out><![CDATA[2024-01-07 22:07:32 - [TEST_CASE][PASSED] - Test Cases/GUI/create new transaction - withdrawal/TC4: Test Cases/GUI/create new transaction - withdrawal/TC4

2024-01-07 22:07:32 - [TEST_STEP][PASSED] - openBrowser(""): Browser is opened with url: ''

2024-01-07 22:07:32 - [MESSAGE][INFO] - Starting 'Chrome' driver

2024-01-07 22:07:32 - [MESSAGE][INFO] - Action delay is set to 0 milliseconds

2024-01-07 22:07:33 - [MESSAGE][PASSED] - Browser is opened with url: ''

2024-01-07 22:07:33 - [TEST_STEP][PASSED] - navigateToUrl("https://demo.firefly-iii.org/"): Navigate to 'https://demo.firefly-iii.org/' successfully

2024-01-07 22:07:35 - [MESSAGE][PASSED] - Navigate to 'https://demo.firefly-iii.org/' successfully

2024-01-07 22:07:35 - [TEST_STEP][PASSED] - maximizeWindow(): Current window maximized

2024-01-07 22:07:35 - [MESSAGE][PASSED] - Current window maximized

2024-01-07 22:07:35 - [TEST_STEP][PASSED] - click(findTestObject("Object Repository/login/button_login")): Object: 'Object Repository/login/button_login' is clicked on

2024-01-07 22:07:37 - [MESSAGE][PASSED] - Object: 'Object Repository/login/button_login' is clicked on

2024-01-07 22:07:37 - [TEST_STEP][PASSED] - click(findTestObject("Object Repository/sidebar/button_sidebar")): Object: 'Object Repository/sidebar/button_sidebar' is clicked on

2024-01-07 22:07:38 - [MESSAGE][PASSED] - Object: 'Object Repository/sidebar/button_sidebar' is clicked on

2024-01-07 22:07:38 - [TEST_STEP][PASSED] - click(findTestObject("sidebar/button_new_drawal")): Object: 'Object Repository/sidebar/button_new_drawal' is clicked on

2024-01-07 22:07:39 - [MESSAGE][PASSED] - Object: 'Object Repository/sidebar/button_new_drawal' is clicked on

2024-01-07 22:07:39 - [TEST_STEP][PASSED] - sendKeys(findTestObject("create_new_with_drawal/input_amount"), test_value): Keys '' sent to object: 'Object Repository/create_new_with_drawal/input_amount'

2024-01-07 22:07:40 - [MESSAGE][PASSED] - Keys '' sent to object: 'Object Repository/create_new_with_drawal/input_amount'

2024-01-07 22:07:40 - [TEST_STEP][PASSED] - verifyElementAttributeValue(findTestObject("create_new_with_drawal/input_amount"), "value", expected_value, 0): Object 'Object Repository/create_new_with_drawal/input_amount' has attribute 'value' with value ''

2024-01-07 22:07:40 - [MESSAGE][WARNING] - Timeout '0' is invalid. Using default page load timeout: '30'

2024-01-07 22:07:40 - [MESSAGE][PASSED] - Object 'Object Repository/create_new_with_drawal/input_amount' has attribute 'value' with value ''

2024-01-07 22:07:40 - [TEST_STEP][PASSED] - closeBrowser(): Browser is closed

2024-01-07 22:07:41 - [MESSAGE][PASSED] - Browser is closed]]></system-out>
         <system-err><![CDATA[]]></system-err>
      </testcase>
      <testcase name="Test Cases/GUI/create new transaction - withdrawal/TC4" time="9.01" classname="Test Cases/GUI/create new transaction - withdrawal/TC4" status="PASSED">
         <system-out><![CDATA[2024-01-07 22:07:41 - [TEST_CASE][PASSED] - Test Cases/GUI/create new transaction - withdrawal/TC4: Test Cases/GUI/create new transaction - withdrawal/TC4

2024-01-07 22:07:41 - [TEST_STEP][PASSED] - openBrowser(""): Browser is opened with url: ''

2024-01-07 22:07:41 - [MESSAGE][INFO] - Starting 'Chrome' driver

2024-01-07 22:07:41 - [MESSAGE][INFO] - Action delay is set to 0 milliseconds

2024-01-07 22:07:42 - [MESSAGE][PASSED] - Browser is opened with url: ''

2024-01-07 22:07:42 - [TEST_STEP][PASSED] - navigateToUrl("https://demo.firefly-iii.org/"): Navigate to 'https://demo.firefly-iii.org/' successfully

2024-01-07 22:07:43 - [MESSAGE][PASSED] - Navigate to 'https://demo.firefly-iii.org/' successfully

2024-01-07 22:07:43 - [TEST_STEP][PASSED] - maximizeWindow(): Current window maximized

2024-01-07 22:07:44 - [MESSAGE][PASSED] - Current window maximized

2024-01-07 22:07:44 - [TEST_STEP][PASSED] - click(findTestObject("Object Repository/login/button_login")): Object: 'Object Repository/login/button_login' is clicked on

2024-01-07 22:07:46 - [MESSAGE][PASSED] - Object: 'Object Repository/login/button_login' is clicked on

2024-01-07 22:07:46 - [TEST_STEP][PASSED] - click(findTestObject("Object Repository/sidebar/button_sidebar")): Object: 'Object Repository/sidebar/button_sidebar' is clicked on

2024-01-07 22:07:47 - [MESSAGE][PASSED] - Object: 'Object Repository/sidebar/button_sidebar' is clicked on

2024-01-07 22:07:47 - [TEST_STEP][PASSED] - click(findTestObject("sidebar/button_new_drawal")): Object: 'Object Repository/sidebar/button_new_drawal' is clicked on

2024-01-07 22:07:48 - [MESSAGE][PASSED] - Object: 'Object Repository/sidebar/button_new_drawal' is clicked on

2024-01-07 22:07:48 - [TEST_STEP][PASSED] - sendKeys(findTestObject("create_new_with_drawal/input_amount"), test_value): Keys ' ' sent to object: 'Object Repository/create_new_with_drawal/input_amount'

2024-01-07 22:07:49 - [MESSAGE][PASSED] - Keys ' ' sent to object: 'Object Repository/create_new_with_drawal/input_amount'

2024-01-07 22:07:49 - [TEST_STEP][PASSED] - verifyElementAttributeValue(findTestObject("create_new_with_drawal/input_amount"), "value", expected_value, 0): Object 'Object Repository/create_new_with_drawal/input_amount' has attribute 'value' with value ''

2024-01-07 22:07:49 - [MESSAGE][WARNING] - Timeout '0' is invalid. Using default page load timeout: '30'

2024-01-07 22:07:49 - [MESSAGE][PASSED] - Object 'Object Repository/create_new_with_drawal/input_amount' has attribute 'value' with value ''

2024-01-07 22:07:49 - [TEST_STEP][PASSED] - closeBrowser(): Browser is closed

2024-01-07 22:07:50 - [MESSAGE][PASSED] - Browser is closed]]></system-out>
         <system-err><![CDATA[]]></system-err>
      </testcase>
      <testcase name="Test Cases/GUI/create new transaction - withdrawal/TC4" time="8.681" classname="Test Cases/GUI/create new transaction - withdrawal/TC4" status="PASSED">
         <system-out><![CDATA[2024-01-07 22:07:50 - [TEST_CASE][PASSED] - Test Cases/GUI/create new transaction - withdrawal/TC4: Test Cases/GUI/create new transaction - withdrawal/TC4

2024-01-07 22:07:50 - [TEST_STEP][PASSED] - openBrowser(""): Browser is opened with url: ''

2024-01-07 22:07:50 - [MESSAGE][INFO] - Starting 'Chrome' driver

2024-01-07 22:07:50 - [MESSAGE][INFO] - Action delay is set to 0 milliseconds

2024-01-07 22:07:51 - [MESSAGE][PASSED] - Browser is opened with url: ''

2024-01-07 22:07:51 - [TEST_STEP][PASSED] - navigateToUrl("https://demo.firefly-iii.org/"): Navigate to 'https://demo.firefly-iii.org/' successfully

2024-01-07 22:07:53 - [MESSAGE][PASSED] - Navigate to 'https://demo.firefly-iii.org/' successfully

2024-01-07 22:07:53 - [TEST_STEP][PASSED] - maximizeWindow(): Current window maximized

2024-01-07 22:07:53 - [MESSAGE][PASSED] - Current window maximized

2024-01-07 22:07:53 - [TEST_STEP][PASSED] - click(findTestObject("Object Repository/login/button_login")): Object: 'Object Repository/login/button_login' is clicked on

2024-01-07 22:07:55 - [MESSAGE][PASSED] - Object: 'Object Repository/login/button_login' is clicked on

2024-01-07 22:07:55 - [TEST_STEP][PASSED] - click(findTestObject("Object Repository/sidebar/button_sidebar")): Object: 'Object Repository/sidebar/button_sidebar' is clicked on

2024-01-07 22:07:56 - [MESSAGE][PASSED] - Object: 'Object Repository/sidebar/button_sidebar' is clicked on

2024-01-07 22:07:56 - [TEST_STEP][PASSED] - click(findTestObject("sidebar/button_new_drawal")): Object: 'Object Repository/sidebar/button_new_drawal' is clicked on

2024-01-07 22:07:57 - [MESSAGE][PASSED] - Object: 'Object Repository/sidebar/button_new_drawal' is clicked on

2024-01-07 22:07:57 - [TEST_STEP][PASSED] - sendKeys(findTestObject("create_new_with_drawal/input_amount"), test_value): Keys 'abc' sent to object: 'Object Repository/create_new_with_drawal/input_amount'

2024-01-07 22:07:58 - [MESSAGE][PASSED] - Keys 'abc' sent to object: 'Object Repository/create_new_with_drawal/input_amount'

2024-01-07 22:07:58 - [TEST_STEP][PASSED] - verifyElementAttributeValue(findTestObject("create_new_with_drawal/input_amount"), "value", expected_value, 0): Object 'Object Repository/create_new_with_drawal/input_amount' has attribute 'value' with value ''

2024-01-07 22:07:58 - [MESSAGE][WARNING] - Timeout '0' is invalid. Using default page load timeout: '30'

2024-01-07 22:07:58 - [MESSAGE][PASSED] - Object 'Object Repository/create_new_with_drawal/input_amount' has attribute 'value' with value ''

2024-01-07 22:07:58 - [TEST_STEP][PASSED] - closeBrowser(): Browser is closed

2024-01-07 22:07:59 - [MESSAGE][PASSED] - Browser is closed]]></system-out>
         <system-err><![CDATA[]]></system-err>
      </testcase>
      <testcase name="Test Cases/GUI/create new transaction - withdrawal/TC5" time="10.278" classname="Test Cases/GUI/create new transaction - withdrawal/TC5" status="PASSED">
         <system-out><![CDATA[2024-01-07 22:07:59 - [TEST_CASE][PASSED] - Test Cases/GUI/create new transaction - withdrawal/TC5: Test Cases/GUI/create new transaction - withdrawal/TC5

2024-01-07 22:07:59 - [TEST_STEP][PASSED] - openBrowser(""): Browser is opened with url: ''

2024-01-07 22:07:59 - [MESSAGE][INFO] - Starting 'Chrome' driver

2024-01-07 22:07:59 - [MESSAGE][INFO] - Action delay is set to 0 milliseconds

2024-01-07 22:08:00 - [MESSAGE][PASSED] - Browser is opened with url: ''

2024-01-07 22:08:00 - [TEST_STEP][PASSED] - navigateToUrl("https://demo.firefly-iii.org/"): Navigate to 'https://demo.firefly-iii.org/' successfully

2024-01-07 22:08:02 - [MESSAGE][PASSED] - Navigate to 'https://demo.firefly-iii.org/' successfully

2024-01-07 22:08:02 - [TEST_STEP][PASSED] - maximizeWindow(): Current window maximized

2024-01-07 22:08:02 - [MESSAGE][PASSED] - Current window maximized

2024-01-07 22:08:02 - [TEST_STEP][PASSED] - click(findTestObject("Object Repository/login/button_login")): Object: 'Object Repository/login/button_login' is clicked on

2024-01-07 22:08:04 - [MESSAGE][PASSED] - Object: 'Object Repository/login/button_login' is clicked on

2024-01-07 22:08:04 - [TEST_STEP][PASSED] - click(findTestObject("Object Repository/sidebar/button_sidebar")): Object: 'Object Repository/sidebar/button_sidebar' is clicked on

2024-01-07 22:08:05 - [MESSAGE][PASSED] - Object: 'Object Repository/sidebar/button_sidebar' is clicked on

2024-01-07 22:08:05 - [TEST_STEP][PASSED] - click(findTestObject("sidebar/button_new_drawal")): Object: 'Object Repository/sidebar/button_new_drawal' is clicked on

2024-01-07 22:08:06 - [MESSAGE][PASSED] - Object: 'Object Repository/sidebar/button_new_drawal' is clicked on

2024-01-07 22:08:06 - [TEST_STEP][PASSED] - selectOptionByLabel(findTestObject("create_new_with_drawal/dropdown_foreign_amount_unit"), "Euro", false): All options with label 'Euro' are selected in object 'Object Repository/create_new_with_drawal/dropdown_foreign_amount_unit' 

2024-01-07 22:08:07 - [MESSAGE][PASSED] - All options with label 'Euro' are selected in object 'Object Repository/create_new_with_drawal/dropdown_foreign_amount_unit' 

2024-01-07 22:08:07 - [TEST_STEP][PASSED] - verifyOptionSelectedByLabel(findTestObject("create_new_with_drawal/dropdown_foreign_amount_unit"), "Euro", false, 0): All options with label 'Euro' are selected in object 'Object Repository/create_new_with_drawal/dropdown_foreign_amount_unit' 

2024-01-07 22:08:07 - [MESSAGE][WARNING] - Timeout '0' is invalid. Using default page load timeout: '30'

2024-01-07 22:08:08 - [MESSAGE][PASSED] - All options with label 'Euro' are selected in object 'Object Repository/create_new_with_drawal/dropdown_foreign_amount_unit' 

2024-01-07 22:08:08 - [TEST_STEP][PASSED] - closeBrowser(): Browser is closed

2024-01-07 22:08:09 - [MESSAGE][PASSED] - Browser is closed]]></system-out>
         <system-err><![CDATA[]]></system-err>
      </testcase>
      <testcase name="Test Cases/GUI/create new transaction - withdrawal/TC6" time="9.249" classname="Test Cases/GUI/create new transaction - withdrawal/TC6" status="PASSED">
         <system-out><![CDATA[2024-01-07 22:08:09 - [TEST_CASE][PASSED] - Test Cases/GUI/create new transaction - withdrawal/TC6: Test Cases/GUI/create new transaction - withdrawal/TC6

2024-01-07 22:08:09 - [TEST_STEP][PASSED] - openBrowser(""): Browser is opened with url: ''

2024-01-07 22:08:09 - [MESSAGE][INFO] - Starting 'Chrome' driver

2024-01-07 22:08:09 - [MESSAGE][INFO] - Action delay is set to 0 milliseconds

2024-01-07 22:08:10 - [MESSAGE][PASSED] - Browser is opened with url: ''

2024-01-07 22:08:10 - [TEST_STEP][PASSED] - navigateToUrl("https://demo.firefly-iii.org/"): Navigate to 'https://demo.firefly-iii.org/' successfully

2024-01-07 22:08:12 - [MESSAGE][PASSED] - Navigate to 'https://demo.firefly-iii.org/' successfully

2024-01-07 22:08:12 - [TEST_STEP][PASSED] - maximizeWindow(): Current window maximized

2024-01-07 22:08:12 - [MESSAGE][PASSED] - Current window maximized

2024-01-07 22:08:12 - [TEST_STEP][PASSED] - click(findTestObject("Object Repository/login/button_login")): Object: 'Object Repository/login/button_login' is clicked on

2024-01-07 22:08:14 - [MESSAGE][PASSED] - Object: 'Object Repository/login/button_login' is clicked on

2024-01-07 22:08:14 - [TEST_STEP][PASSED] - click(findTestObject("Object Repository/sidebar/button_sidebar")): Object: 'Object Repository/sidebar/button_sidebar' is clicked on

2024-01-07 22:08:15 - [MESSAGE][PASSED] - Object: 'Object Repository/sidebar/button_sidebar' is clicked on

2024-01-07 22:08:15 - [TEST_STEP][PASSED] - click(findTestObject("sidebar/button_new_drawal")): Object: 'Object Repository/sidebar/button_new_drawal' is clicked on

2024-01-07 22:08:16 - [MESSAGE][PASSED] - Object: 'Object Repository/sidebar/button_new_drawal' is clicked on

2024-01-07 22:08:16 - [TEST_STEP][PASSED] - sendKeys(findTestObject("create_new_with_drawal/input_amount_foreign_amount"), test_value): Keys '100' sent to object: 'Object Repository/create_new_with_drawal/input_amount_foreign_amount'

2024-01-07 22:08:17 - [MESSAGE][PASSED] - Keys '100' sent to object: 'Object Repository/create_new_with_drawal/input_amount_foreign_amount'

2024-01-07 22:08:17 - [TEST_STEP][PASSED] - verifyElementAttributeValue(findTestObject("create_new_with_drawal/input_amount_foreign_amount"), "value", expected_value, 0): Object 'Object Repository/create_new_with_drawal/input_amount_foreign_amount' has attribute 'value' with value '100'

2024-01-07 22:08:17 - [MESSAGE][WARNING] - Timeout '0' is invalid. Using default page load timeout: '30'

2024-01-07 22:08:18 - [MESSAGE][PASSED] - Object 'Object Repository/create_new_with_drawal/input_amount_foreign_amount' has attribute 'value' with value '100'

2024-01-07 22:08:18 - [TEST_STEP][PASSED] - closeBrowser(): Browser is closed

2024-01-07 22:08:18 - [MESSAGE][PASSED] - Browser is closed]]></system-out>
         <system-err><![CDATA[]]></system-err>
      </testcase>
      <testcase name="Test Cases/GUI/create new transaction - withdrawal/TC6" time="8.886" classname="Test Cases/GUI/create new transaction - withdrawal/TC6" status="PASSED">
         <system-out><![CDATA[2024-01-07 22:08:18 - [TEST_CASE][PASSED] - Test Cases/GUI/create new transaction - withdrawal/TC6: Test Cases/GUI/create new transaction - withdrawal/TC6

2024-01-07 22:08:18 - [TEST_STEP][PASSED] - openBrowser(""): Browser is opened with url: ''

2024-01-07 22:08:18 - [MESSAGE][INFO] - Starting 'Chrome' driver

2024-01-07 22:08:18 - [MESSAGE][INFO] - Action delay is set to 0 milliseconds

2024-01-07 22:08:19 - [MESSAGE][PASSED] - Browser is opened with url: ''

2024-01-07 22:08:19 - [TEST_STEP][PASSED] - navigateToUrl("https://demo.firefly-iii.org/"): Navigate to 'https://demo.firefly-iii.org/' successfully

2024-01-07 22:08:21 - [MESSAGE][PASSED] - Navigate to 'https://demo.firefly-iii.org/' successfully

2024-01-07 22:08:21 - [TEST_STEP][PASSED] - maximizeWindow(): Current window maximized

2024-01-07 22:08:21 - [MESSAGE][PASSED] - Current window maximized

2024-01-07 22:08:21 - [TEST_STEP][PASSED] - click(findTestObject("Object Repository/login/button_login")): Object: 'Object Repository/login/button_login' is clicked on

2024-01-07 22:08:23 - [MESSAGE][PASSED] - Object: 'Object Repository/login/button_login' is clicked on

2024-01-07 22:08:23 - [TEST_STEP][PASSED] - click(findTestObject("Object Repository/sidebar/button_sidebar")): Object: 'Object Repository/sidebar/button_sidebar' is clicked on

2024-01-07 22:08:24 - [MESSAGE][PASSED] - Object: 'Object Repository/sidebar/button_sidebar' is clicked on

2024-01-07 22:08:24 - [TEST_STEP][PASSED] - click(findTestObject("sidebar/button_new_drawal")): Object: 'Object Repository/sidebar/button_new_drawal' is clicked on

2024-01-07 22:08:25 - [MESSAGE][PASSED] - Object: 'Object Repository/sidebar/button_new_drawal' is clicked on

2024-01-07 22:08:25 - [TEST_STEP][PASSED] - sendKeys(findTestObject("create_new_with_drawal/input_amount_foreign_amount"), test_value): Keys '0' sent to object: 'Object Repository/create_new_with_drawal/input_amount_foreign_amount'

2024-01-07 22:08:26 - [MESSAGE][PASSED] - Keys '0' sent to object: 'Object Repository/create_new_with_drawal/input_amount_foreign_amount'

2024-01-07 22:08:26 - [TEST_STEP][PASSED] - verifyElementAttributeValue(findTestObject("create_new_with_drawal/input_amount_foreign_amount"), "value", expected_value, 0): Object 'Object Repository/create_new_with_drawal/input_amount_foreign_amount' has attribute 'value' with value '0'

2024-01-07 22:08:26 - [MESSAGE][WARNING] - Timeout '0' is invalid. Using default page load timeout: '30'

2024-01-07 22:08:26 - [MESSAGE][PASSED] - Object 'Object Repository/create_new_with_drawal/input_amount_foreign_amount' has attribute 'value' with value '0'

2024-01-07 22:08:26 - [TEST_STEP][PASSED] - closeBrowser(): Browser is closed

2024-01-07 22:08:27 - [MESSAGE][PASSED] - Browser is closed]]></system-out>
         <system-err><![CDATA[]]></system-err>
      </testcase>
      <testcase name="Test Cases/GUI/create new transaction - withdrawal/TC6" time="8.732" classname="Test Cases/GUI/create new transaction - withdrawal/TC6" status="PASSED">
         <system-out><![CDATA[2024-01-07 22:08:27 - [TEST_CASE][PASSED] - Test Cases/GUI/create new transaction - withdrawal/TC6: Test Cases/GUI/create new transaction - withdrawal/TC6

2024-01-07 22:08:27 - [TEST_STEP][PASSED] - openBrowser(""): Browser is opened with url: ''

2024-01-07 22:08:27 - [MESSAGE][INFO] - Starting 'Chrome' driver

2024-01-07 22:08:27 - [MESSAGE][INFO] - Action delay is set to 0 milliseconds

2024-01-07 22:08:28 - [MESSAGE][PASSED] - Browser is opened with url: ''

2024-01-07 22:08:28 - [TEST_STEP][PASSED] - navigateToUrl("https://demo.firefly-iii.org/"): Navigate to 'https://demo.firefly-iii.org/' successfully

2024-01-07 22:08:30 - [MESSAGE][PASSED] - Navigate to 'https://demo.firefly-iii.org/' successfully

2024-01-07 22:08:30 - [TEST_STEP][PASSED] - maximizeWindow(): Current window maximized

2024-01-07 22:08:30 - [MESSAGE][PASSED] - Current window maximized

2024-01-07 22:08:30 - [TEST_STEP][PASSED] - click(findTestObject("Object Repository/login/button_login")): Object: 'Object Repository/login/button_login' is clicked on

2024-01-07 22:08:32 - [MESSAGE][PASSED] - Object: 'Object Repository/login/button_login' is clicked on

2024-01-07 22:08:32 - [TEST_STEP][PASSED] - click(findTestObject("Object Repository/sidebar/button_sidebar")): Object: 'Object Repository/sidebar/button_sidebar' is clicked on

2024-01-07 22:08:33 - [MESSAGE][PASSED] - Object: 'Object Repository/sidebar/button_sidebar' is clicked on

2024-01-07 22:08:33 - [TEST_STEP][PASSED] - click(findTestObject("sidebar/button_new_drawal")): Object: 'Object Repository/sidebar/button_new_drawal' is clicked on

2024-01-07 22:08:34 - [MESSAGE][PASSED] - Object: 'Object Repository/sidebar/button_new_drawal' is clicked on

2024-01-07 22:08:34 - [TEST_STEP][PASSED] - sendKeys(findTestObject("create_new_with_drawal/input_amount_foreign_amount"), test_value): Keys '-150' sent to object: 'Object Repository/create_new_with_drawal/input_amount_foreign_amount'

2024-01-07 22:08:35 - [MESSAGE][PASSED] - Keys '-150' sent to object: 'Object Repository/create_new_with_drawal/input_amount_foreign_amount'

2024-01-07 22:08:35 - [TEST_STEP][PASSED] - verifyElementAttributeValue(findTestObject("create_new_with_drawal/input_amount_foreign_amount"), "value", expected_value, 0): Object 'Object Repository/create_new_with_drawal/input_amount_foreign_amount' has attribute 'value' with value '-150'

2024-01-07 22:08:35 - [MESSAGE][WARNING] - Timeout '0' is invalid. Using default page load timeout: '30'

2024-01-07 22:08:35 - [MESSAGE][PASSED] - Object 'Object Repository/create_new_with_drawal/input_amount_foreign_amount' has attribute 'value' with value '-150'

2024-01-07 22:08:35 - [TEST_STEP][PASSED] - closeBrowser(): Browser is closed

2024-01-07 22:08:36 - [MESSAGE][PASSED] - Browser is closed]]></system-out>
         <system-err><![CDATA[]]></system-err>
      </testcase>
      <testcase name="Test Cases/GUI/create new transaction - withdrawal/TC6" time="8.727" classname="Test Cases/GUI/create new transaction - withdrawal/TC6" status="PASSED">
         <system-out><![CDATA[2024-01-07 22:08:36 - [TEST_CASE][PASSED] - Test Cases/GUI/create new transaction - withdrawal/TC6: Test Cases/GUI/create new transaction - withdrawal/TC6

2024-01-07 22:08:36 - [TEST_STEP][PASSED] - openBrowser(""): Browser is opened with url: ''

2024-01-07 22:08:36 - [MESSAGE][INFO] - Starting 'Chrome' driver

2024-01-07 22:08:36 - [MESSAGE][INFO] - Action delay is set to 0 milliseconds

2024-01-07 22:08:37 - [MESSAGE][PASSED] - Browser is opened with url: ''

2024-01-07 22:08:37 - [TEST_STEP][PASSED] - navigateToUrl("https://demo.firefly-iii.org/"): Navigate to 'https://demo.firefly-iii.org/' successfully

2024-01-07 22:08:39 - [MESSAGE][PASSED] - Navigate to 'https://demo.firefly-iii.org/' successfully

2024-01-07 22:08:39 - [TEST_STEP][PASSED] - maximizeWindow(): Current window maximized

2024-01-07 22:08:39 - [MESSAGE][PASSED] - Current window maximized

2024-01-07 22:08:39 - [TEST_STEP][PASSED] - click(findTestObject("Object Repository/login/button_login")): Object: 'Object Repository/login/button_login' is clicked on

2024-01-07 22:08:41 - [MESSAGE][PASSED] - Object: 'Object Repository/login/button_login' is clicked on

2024-01-07 22:08:41 - [TEST_STEP][PASSED] - click(findTestObject("Object Repository/sidebar/button_sidebar")): Object: 'Object Repository/sidebar/button_sidebar' is clicked on

2024-01-07 22:08:42 - [MESSAGE][PASSED] - Object: 'Object Repository/sidebar/button_sidebar' is clicked on

2024-01-07 22:08:42 - [TEST_STEP][PASSED] - click(findTestObject("sidebar/button_new_drawal")): Object: 'Object Repository/sidebar/button_new_drawal' is clicked on

2024-01-07 22:08:43 - [MESSAGE][PASSED] - Object: 'Object Repository/sidebar/button_new_drawal' is clicked on

2024-01-07 22:08:43 - [TEST_STEP][PASSED] - sendKeys(findTestObject("create_new_with_drawal/input_amount_foreign_amount"), test_value): Keys '' sent to object: 'Object Repository/create_new_with_drawal/input_amount_foreign_amount'

2024-01-07 22:08:44 - [MESSAGE][PASSED] - Keys '' sent to object: 'Object Repository/create_new_with_drawal/input_amount_foreign_amount'

2024-01-07 22:08:44 - [TEST_STEP][PASSED] - verifyElementAttributeValue(findTestObject("create_new_with_drawal/input_amount_foreign_amount"), "value", expected_value, 0): Object 'Object Repository/create_new_with_drawal/input_amount_foreign_amount' has attribute 'value' with value ''

2024-01-07 22:08:44 - [MESSAGE][WARNING] - Timeout '0' is invalid. Using default page load timeout: '30'

2024-01-07 22:08:44 - [MESSAGE][PASSED] - Object 'Object Repository/create_new_with_drawal/input_amount_foreign_amount' has attribute 'value' with value ''

2024-01-07 22:08:44 - [TEST_STEP][PASSED] - closeBrowser(): Browser is closed

2024-01-07 22:08:45 - [MESSAGE][PASSED] - Browser is closed]]></system-out>
         <system-err><![CDATA[]]></system-err>
      </testcase>
      <testcase name="Test Cases/GUI/create new transaction - withdrawal/TC6" time="8.3" classname="Test Cases/GUI/create new transaction - withdrawal/TC6" status="PASSED">
         <system-out><![CDATA[2024-01-07 22:08:45 - [TEST_CASE][PASSED] - Test Cases/GUI/create new transaction - withdrawal/TC6: Test Cases/GUI/create new transaction - withdrawal/TC6

2024-01-07 22:08:45 - [TEST_STEP][PASSED] - openBrowser(""): Browser is opened with url: ''

2024-01-07 22:08:45 - [MESSAGE][INFO] - Starting 'Chrome' driver

2024-01-07 22:08:45 - [MESSAGE][INFO] - Action delay is set to 0 milliseconds

2024-01-07 22:08:46 - [MESSAGE][PASSED] - Browser is opened with url: ''

2024-01-07 22:08:46 - [TEST_STEP][PASSED] - navigateToUrl("https://demo.firefly-iii.org/"): Navigate to 'https://demo.firefly-iii.org/' successfully

2024-01-07 22:08:47 - [MESSAGE][PASSED] - Navigate to 'https://demo.firefly-iii.org/' successfully

2024-01-07 22:08:47 - [TEST_STEP][PASSED] - maximizeWindow(): Current window maximized

2024-01-07 22:08:47 - [MESSAGE][PASSED] - Current window maximized

2024-01-07 22:08:47 - [TEST_STEP][PASSED] - click(findTestObject("Object Repository/login/button_login")): Object: 'Object Repository/login/button_login' is clicked on

2024-01-07 22:08:50 - [MESSAGE][PASSED] - Object: 'Object Repository/login/button_login' is clicked on

2024-01-07 22:08:50 - [TEST_STEP][PASSED] - click(findTestObject("Object Repository/sidebar/button_sidebar")): Object: 'Object Repository/sidebar/button_sidebar' is clicked on

2024-01-07 22:08:50 - [MESSAGE][PASSED] - Object: 'Object Repository/sidebar/button_sidebar' is clicked on

2024-01-07 22:08:50 - [TEST_STEP][PASSED] - click(findTestObject("sidebar/button_new_drawal")): Object: 'Object Repository/sidebar/button_new_drawal' is clicked on

2024-01-07 22:08:51 - [MESSAGE][PASSED] - Object: 'Object Repository/sidebar/button_new_drawal' is clicked on

2024-01-07 22:08:51 - [TEST_STEP][PASSED] - sendKeys(findTestObject("create_new_with_drawal/input_amount_foreign_amount"), test_value): Keys ' ' sent to object: 'Object Repository/create_new_with_drawal/input_amount_foreign_amount'

2024-01-07 22:08:52 - [MESSAGE][PASSED] - Keys ' ' sent to object: 'Object Repository/create_new_with_drawal/input_amount_foreign_amount'

2024-01-07 22:08:52 - [TEST_STEP][PASSED] - verifyElementAttributeValue(findTestObject("create_new_with_drawal/input_amount_foreign_amount"), "value", expected_value, 0): Object 'Object Repository/create_new_with_drawal/input_amount_foreign_amount' has attribute 'value' with value ''

2024-01-07 22:08:52 - [MESSAGE][WARNING] - Timeout '0' is invalid. Using default page load timeout: '30'

2024-01-07 22:08:52 - [MESSAGE][PASSED] - Object 'Object Repository/create_new_with_drawal/input_amount_foreign_amount' has attribute 'value' with value ''

2024-01-07 22:08:52 - [TEST_STEP][PASSED] - closeBrowser(): Browser is closed

2024-01-07 22:08:53 - [MESSAGE][PASSED] - Browser is closed]]></system-out>
         <system-err><![CDATA[]]></system-err>
      </testcase>
      <testcase name="Test Cases/GUI/create new transaction - withdrawal/TC6" time="7.962" classname="Test Cases/GUI/create new transaction - withdrawal/TC6" status="PASSED">
         <system-out><![CDATA[2024-01-07 22:08:53 - [TEST_CASE][PASSED] - Test Cases/GUI/create new transaction - withdrawal/TC6: Test Cases/GUI/create new transaction - withdrawal/TC6

2024-01-07 22:08:53 - [TEST_STEP][PASSED] - openBrowser(""): Browser is opened with url: ''

2024-01-07 22:08:53 - [MESSAGE][INFO] - Starting 'Chrome' driver

2024-01-07 22:08:53 - [MESSAGE][INFO] - Action delay is set to 0 milliseconds

2024-01-07 22:08:54 - [MESSAGE][PASSED] - Browser is opened with url: ''

2024-01-07 22:08:54 - [TEST_STEP][PASSED] - navigateToUrl("https://demo.firefly-iii.org/"): Navigate to 'https://demo.firefly-iii.org/' successfully

2024-01-07 22:08:55 - [MESSAGE][PASSED] - Navigate to 'https://demo.firefly-iii.org/' successfully

2024-01-07 22:08:55 - [TEST_STEP][PASSED] - maximizeWindow(): Current window maximized

2024-01-07 22:08:55 - [MESSAGE][PASSED] - Current window maximized

2024-01-07 22:08:55 - [TEST_STEP][PASSED] - click(findTestObject("Object Repository/login/button_login")): Object: 'Object Repository/login/button_login' is clicked on

2024-01-07 22:08:57 - [MESSAGE][PASSED] - Object: 'Object Repository/login/button_login' is clicked on

2024-01-07 22:08:57 - [TEST_STEP][PASSED] - click(findTestObject("Object Repository/sidebar/button_sidebar")): Object: 'Object Repository/sidebar/button_sidebar' is clicked on

2024-01-07 22:08:58 - [MESSAGE][PASSED] - Object: 'Object Repository/sidebar/button_sidebar' is clicked on

2024-01-07 22:08:58 - [TEST_STEP][PASSED] - click(findTestObject("sidebar/button_new_drawal")): Object: 'Object Repository/sidebar/button_new_drawal' is clicked on

2024-01-07 22:08:59 - [MESSAGE][PASSED] - Object: 'Object Repository/sidebar/button_new_drawal' is clicked on

2024-01-07 22:08:59 - [TEST_STEP][PASSED] - sendKeys(findTestObject("create_new_with_drawal/input_amount_foreign_amount"), test_value): Keys 'abc' sent to object: 'Object Repository/create_new_with_drawal/input_amount_foreign_amount'

2024-01-07 22:09:00 - [MESSAGE][PASSED] - Keys 'abc' sent to object: 'Object Repository/create_new_with_drawal/input_amount_foreign_amount'

2024-01-07 22:09:00 - [TEST_STEP][PASSED] - verifyElementAttributeValue(findTestObject("create_new_with_drawal/input_amount_foreign_amount"), "value", expected_value, 0): Object 'Object Repository/create_new_with_drawal/input_amount_foreign_amount' has attribute 'value' with value ''

2024-01-07 22:09:00 - [MESSAGE][WARNING] - Timeout '0' is invalid. Using default page load timeout: '30'

2024-01-07 22:09:00 - [MESSAGE][PASSED] - Object 'Object Repository/create_new_with_drawal/input_amount_foreign_amount' has attribute 'value' with value ''

2024-01-07 22:09:00 - [TEST_STEP][PASSED] - closeBrowser(): Browser is closed

2024-01-07 22:09:01 - [MESSAGE][PASSED] - Browser is closed]]></system-out>
         <system-err><![CDATA[]]></system-err>
      </testcase>
      <testcase name="Test Cases/GUI/create new transaction - withdrawal/TC7" time="12.0" classname="Test Cases/GUI/create new transaction - withdrawal/TC7" status="PASSED">
         <system-out><![CDATA[2024-01-07 22:09:01 - [TEST_CASE][PASSED] - Test Cases/GUI/create new transaction - withdrawal/TC7: Test Cases/GUI/create new transaction - withdrawal/TC7

2024-01-07 22:09:01 - [TEST_STEP][PASSED] - openBrowser("https://demo.firefly-iii.org/"): Browser is opened with url: 'https://demo.firefly-iii.org/'

2024-01-07 22:09:01 - [MESSAGE][INFO] - Starting 'Chrome' driver

2024-01-07 22:09:01 - [MESSAGE][INFO] - Action delay is set to 0 milliseconds

2024-01-07 22:09:04 - [MESSAGE][PASSED] - Browser is opened with url: 'https://demo.firefly-iii.org/'

2024-01-07 22:09:04 - [TEST_STEP][PASSED] - maximizeWindow(): Current window maximized

2024-01-07 22:09:04 - [MESSAGE][PASSED] - Current window maximized

2024-01-07 22:09:04 - [TEST_STEP][PASSED] - click(findTestObject("Object Repository/login/button_login")): Object: 'Object Repository/login/button_login' is clicked on

2024-01-07 22:09:06 - [MESSAGE][PASSED] - Object: 'Object Repository/login/button_login' is clicked on

2024-01-07 22:09:06 - [TEST_STEP][PASSED] - click(findTestObject("Object Repository/sidebar/button_sidebar")): Object: 'Object Repository/sidebar/button_sidebar' is clicked on

2024-01-07 22:09:07 - [MESSAGE][PASSED] - Object: 'Object Repository/sidebar/button_sidebar' is clicked on

2024-01-07 22:09:07 - [TEST_STEP][PASSED] - click(findTestObject("sidebar/button_new_drawal")): Object: 'Object Repository/sidebar/button_new_drawal' is clicked on

2024-01-07 22:09:08 - [MESSAGE][PASSED] - Object: 'Object Repository/sidebar/button_new_drawal' is clicked on

2024-01-07 22:09:08 - [TEST_STEP][PASSED] - click(findTestObject("create_new_with_drawal/input_date")): Object: 'Object Repository/create_new_with_drawal/input_date' is clicked on

2024-01-07 22:09:09 - [MESSAGE][PASSED] - Object: 'Object Repository/create_new_with_drawal/input_date' is clicked on

2024-01-07 22:09:09 - [TEST_STEP][PASSED] - sendKeys(findTestObject("create_new_with_drawal/input_date"), month): Keys '12' sent to object: 'Object Repository/create_new_with_drawal/input_date'

2024-01-07 22:09:10 - [MESSAGE][PASSED] - Keys '12' sent to object: 'Object Repository/create_new_with_drawal/input_date'

2024-01-07 22:09:10 - [TEST_STEP][PASSED] - sendKeys(findTestObject("create_new_with_drawal/input_date"), day): Keys '15' sent to object: 'Object Repository/create_new_with_drawal/input_date'

2024-01-07 22:09:10 - [MESSAGE][PASSED] - Keys '15' sent to object: 'Object Repository/create_new_with_drawal/input_date'

2024-01-07 22:09:10 - [TEST_STEP][PASSED] - sendKeys(findTestObject("create_new_with_drawal/input_date"), year): Keys '2023' sent to object: 'Object Repository/create_new_with_drawal/input_date'

2024-01-07 22:09:10 - [MESSAGE][PASSED] - Keys '2023' sent to object: 'Object Repository/create_new_with_drawal/input_date'

2024-01-07 22:09:10 - [TEST_STEP][PASSED] - sendKeys(findTestObject("create_new_with_drawal/input_date"), Keys.chord(RIGHT)): Keys 'RIGHT + ' sent to object: 'Object Repository/create_new_with_drawal/input_date'

2024-01-07 22:09:11 - [MESSAGE][PASSED] - Keys 'RIGHT + ' sent to object: 'Object Repository/create_new_with_drawal/input_date'

2024-01-07 22:09:11 - [TEST_STEP][PASSED] - sendKeys(findTestObject("create_new_with_drawal/input_date"), hour): Keys '16' sent to object: 'Object Repository/create_new_with_drawal/input_date'

2024-01-07 22:09:11 - [MESSAGE][PASSED] - Keys '16' sent to object: 'Object Repository/create_new_with_drawal/input_date'

2024-01-07 22:09:11 - [TEST_STEP][PASSED] - sendKeys(findTestObject("create_new_with_drawal/input_date"), minute): Keys '20' sent to object: 'Object Repository/create_new_with_drawal/input_date'

2024-01-07 22:09:12 - [MESSAGE][PASSED] - Keys '20' sent to object: 'Object Repository/create_new_with_drawal/input_date'

2024-01-07 22:09:12 - [TEST_STEP][PASSED] - sendKeys(findTestObject("create_new_with_drawal/input_date"), am_pm): Keys 'PM' sent to object: 'Object Repository/create_new_with_drawal/input_date'

2024-01-07 22:09:12 - [MESSAGE][PASSED] - Keys 'PM' sent to object: 'Object Repository/create_new_with_drawal/input_date'

2024-01-07 22:09:12 - [TEST_STEP][PASSED] - verifyElementAttributeValue(findTestObject("create_new_with_drawal/input_date"), "value", expected_result, 0): Object 'Object Repository/create_new_with_drawal/input_date' has attribute 'value' with value '2023-12-15T16:20'

2024-01-07 22:09:12 - [MESSAGE][WARNING] - Timeout '0' is invalid. Using default page load timeout: '30'

2024-01-07 22:09:12 - [MESSAGE][PASSED] - Object 'Object Repository/create_new_with_drawal/input_date' has attribute 'value' with value '2023-12-15T16:20'

2024-01-07 22:09:12 - [TEST_STEP][PASSED] - closeBrowser(): Browser is closed

2024-01-07 22:09:13 - [MESSAGE][PASSED] - Browser is closed]]></system-out>
         <system-err><![CDATA[]]></system-err>
      </testcase>
      <testcase name="Test Cases/GUI/create new transaction - withdrawal/TC7" time="11.515" classname="Test Cases/GUI/create new transaction - withdrawal/TC7" status="PASSED">
         <system-out><![CDATA[2024-01-07 22:09:13 - [TEST_CASE][PASSED] - Test Cases/GUI/create new transaction - withdrawal/TC7: Test Cases/GUI/create new transaction - withdrawal/TC7

2024-01-07 22:09:13 - [TEST_STEP][PASSED] - openBrowser("https://demo.firefly-iii.org/"): Browser is opened with url: 'https://demo.firefly-iii.org/'

2024-01-07 22:09:13 - [MESSAGE][INFO] - Starting 'Chrome' driver

2024-01-07 22:09:13 - [MESSAGE][INFO] - Action delay is set to 0 milliseconds

2024-01-07 22:09:16 - [MESSAGE][PASSED] - Browser is opened with url: 'https://demo.firefly-iii.org/'

2024-01-07 22:09:16 - [TEST_STEP][PASSED] - maximizeWindow(): Current window maximized

2024-01-07 22:09:16 - [MESSAGE][PASSED] - Current window maximized

2024-01-07 22:09:16 - [TEST_STEP][PASSED] - click(findTestObject("Object Repository/login/button_login")): Object: 'Object Repository/login/button_login' is clicked on

2024-01-07 22:09:18 - [MESSAGE][PASSED] - Object: 'Object Repository/login/button_login' is clicked on

2024-01-07 22:09:18 - [TEST_STEP][PASSED] - click(findTestObject("Object Repository/sidebar/button_sidebar")): Object: 'Object Repository/sidebar/button_sidebar' is clicked on

2024-01-07 22:09:19 - [MESSAGE][PASSED] - Object: 'Object Repository/sidebar/button_sidebar' is clicked on

2024-01-07 22:09:19 - [TEST_STEP][PASSED] - click(findTestObject("sidebar/button_new_drawal")): Object: 'Object Repository/sidebar/button_new_drawal' is clicked on

2024-01-07 22:09:20 - [MESSAGE][PASSED] - Object: 'Object Repository/sidebar/button_new_drawal' is clicked on

2024-01-07 22:09:20 - [TEST_STEP][PASSED] - click(findTestObject("create_new_with_drawal/input_date")): Object: 'Object Repository/create_new_with_drawal/input_date' is clicked on

2024-01-07 22:09:21 - [MESSAGE][PASSED] - Object: 'Object Repository/create_new_with_drawal/input_date' is clicked on

2024-01-07 22:09:21 - [TEST_STEP][PASSED] - sendKeys(findTestObject("create_new_with_drawal/input_date"), month): Keys '11' sent to object: 'Object Repository/create_new_with_drawal/input_date'

2024-01-07 22:09:21 - [MESSAGE][PASSED] - Keys '11' sent to object: 'Object Repository/create_new_with_drawal/input_date'

2024-01-07 22:09:21 - [TEST_STEP][PASSED] - sendKeys(findTestObject("create_new_with_drawal/input_date"), day): Keys '26' sent to object: 'Object Repository/create_new_with_drawal/input_date'

2024-01-07 22:09:22 - [MESSAGE][PASSED] - Keys '26' sent to object: 'Object Repository/create_new_with_drawal/input_date'

2024-01-07 22:09:22 - [TEST_STEP][PASSED] - sendKeys(findTestObject("create_new_with_drawal/input_date"), year): Keys '2024' sent to object: 'Object Repository/create_new_with_drawal/input_date'

2024-01-07 22:09:22 - [MESSAGE][PASSED] - Keys '2024' sent to object: 'Object Repository/create_new_with_drawal/input_date'

2024-01-07 22:09:22 - [TEST_STEP][PASSED] - sendKeys(findTestObject("create_new_with_drawal/input_date"), Keys.chord(RIGHT)): Keys 'RIGHT + ' sent to object: 'Object Repository/create_new_with_drawal/input_date'

2024-01-07 22:09:22 - [MESSAGE][PASSED] - Keys 'RIGHT + ' sent to object: 'Object Repository/create_new_with_drawal/input_date'

2024-01-07 22:09:22 - [TEST_STEP][PASSED] - sendKeys(findTestObject("create_new_with_drawal/input_date"), hour): Keys '07' sent to object: 'Object Repository/create_new_with_drawal/input_date'

2024-01-07 22:09:23 - [MESSAGE][PASSED] - Keys '07' sent to object: 'Object Repository/create_new_with_drawal/input_date'

2024-01-07 22:09:23 - [TEST_STEP][PASSED] - sendKeys(findTestObject("create_new_with_drawal/input_date"), minute): Keys '15' sent to object: 'Object Repository/create_new_with_drawal/input_date'

2024-01-07 22:09:23 - [MESSAGE][PASSED] - Keys '15' sent to object: 'Object Repository/create_new_with_drawal/input_date'

2024-01-07 22:09:23 - [TEST_STEP][PASSED] - sendKeys(findTestObject("create_new_with_drawal/input_date"), am_pm): Keys 'AM' sent to object: 'Object Repository/create_new_with_drawal/input_date'

2024-01-07 22:09:24 - [MESSAGE][PASSED] - Keys 'AM' sent to object: 'Object Repository/create_new_with_drawal/input_date'

2024-01-07 22:09:24 - [TEST_STEP][PASSED] - verifyElementAttributeValue(findTestObject("create_new_with_drawal/input_date"), "value", expected_result, 0): Object 'Object Repository/create_new_with_drawal/input_date' has attribute 'value' with value '2024-11-26T07:15'

2024-01-07 22:09:24 - [MESSAGE][WARNING] - Timeout '0' is invalid. Using default page load timeout: '30'

2024-01-07 22:09:24 - [MESSAGE][PASSED] - Object 'Object Repository/create_new_with_drawal/input_date' has attribute 'value' with value '2024-11-26T07:15'

2024-01-07 22:09:24 - [TEST_STEP][PASSED] - closeBrowser(): Browser is closed

2024-01-07 22:09:25 - [MESSAGE][PASSED] - Browser is closed]]></system-out>
         <system-err><![CDATA[]]></system-err>
      </testcase>
      <testcase name="Test Cases/GUI/create new transaction - withdrawal/TC7" time="10.471" classname="Test Cases/GUI/create new transaction - withdrawal/TC7" status="PASSED">
         <system-out><![CDATA[2024-01-07 22:09:25 - [TEST_CASE][PASSED] - Test Cases/GUI/create new transaction - withdrawal/TC7: Test Cases/GUI/create new transaction - withdrawal/TC7

2024-01-07 22:09:25 - [TEST_STEP][PASSED] - openBrowser("https://demo.firefly-iii.org/"): Browser is opened with url: 'https://demo.firefly-iii.org/'

2024-01-07 22:09:25 - [MESSAGE][INFO] - Starting 'Chrome' driver

2024-01-07 22:09:25 - [MESSAGE][INFO] - Action delay is set to 0 milliseconds

2024-01-07 22:09:27 - [MESSAGE][PASSED] - Browser is opened with url: 'https://demo.firefly-iii.org/'

2024-01-07 22:09:27 - [TEST_STEP][PASSED] - maximizeWindow(): Current window maximized

2024-01-07 22:09:27 - [MESSAGE][PASSED] - Current window maximized

2024-01-07 22:09:27 - [TEST_STEP][PASSED] - click(findTestObject("Object Repository/login/button_login")): Object: 'Object Repository/login/button_login' is clicked on

2024-01-07 22:09:29 - [MESSAGE][PASSED] - Object: 'Object Repository/login/button_login' is clicked on

2024-01-07 22:09:29 - [TEST_STEP][PASSED] - click(findTestObject("Object Repository/sidebar/button_sidebar")): Object: 'Object Repository/sidebar/button_sidebar' is clicked on

2024-01-07 22:09:30 - [MESSAGE][PASSED] - Object: 'Object Repository/sidebar/button_sidebar' is clicked on

2024-01-07 22:09:30 - [TEST_STEP][PASSED] - click(findTestObject("sidebar/button_new_drawal")): Object: 'Object Repository/sidebar/button_new_drawal' is clicked on

2024-01-07 22:09:31 - [MESSAGE][PASSED] - Object: 'Object Repository/sidebar/button_new_drawal' is clicked on

2024-01-07 22:09:31 - [TEST_STEP][PASSED] - click(findTestObject("create_new_with_drawal/input_date")): Object: 'Object Repository/create_new_with_drawal/input_date' is clicked on

2024-01-07 22:09:31 - [MESSAGE][PASSED] - Object: 'Object Repository/create_new_with_drawal/input_date' is clicked on

2024-01-07 22:09:31 - [TEST_STEP][PASSED] - sendKeys(findTestObject("create_new_with_drawal/input_date"), month): Keys '5' sent to object: 'Object Repository/create_new_with_drawal/input_date'

2024-01-07 22:09:32 - [MESSAGE][PASSED] - Keys '5' sent to object: 'Object Repository/create_new_with_drawal/input_date'

2024-01-07 22:09:32 - [TEST_STEP][PASSED] - sendKeys(findTestObject("create_new_with_drawal/input_date"), day): Keys '5' sent to object: 'Object Repository/create_new_with_drawal/input_date'

2024-01-07 22:09:32 - [MESSAGE][PASSED] - Keys '5' sent to object: 'Object Repository/create_new_with_drawal/input_date'

2024-01-07 22:09:32 - [TEST_STEP][PASSED] - sendKeys(findTestObject("create_new_with_drawal/input_date"), year): Keys '2000' sent to object: 'Object Repository/create_new_with_drawal/input_date'

2024-01-07 22:09:33 - [MESSAGE][PASSED] - Keys '2000' sent to object: 'Object Repository/create_new_with_drawal/input_date'

2024-01-07 22:09:33 - [TEST_STEP][PASSED] - sendKeys(findTestObject("create_new_with_drawal/input_date"), Keys.chord(RIGHT)): Keys 'RIGHT + ' sent to object: 'Object Repository/create_new_with_drawal/input_date'

2024-01-07 22:09:33 - [MESSAGE][PASSED] - Keys 'RIGHT + ' sent to object: 'Object Repository/create_new_with_drawal/input_date'

2024-01-07 22:09:33 - [TEST_STEP][PASSED] - sendKeys(findTestObject("create_new_with_drawal/input_date"), hour): Keys '4' sent to object: 'Object Repository/create_new_with_drawal/input_date'

2024-01-07 22:09:33 - [MESSAGE][PASSED] - Keys '4' sent to object: 'Object Repository/create_new_with_drawal/input_date'

2024-01-07 22:09:33 - [TEST_STEP][PASSED] - sendKeys(findTestObject("create_new_with_drawal/input_date"), minute): Keys '19' sent to object: 'Object Repository/create_new_with_drawal/input_date'

2024-01-07 22:09:34 - [MESSAGE][PASSED] - Keys '19' sent to object: 'Object Repository/create_new_with_drawal/input_date'

2024-01-07 22:09:34 - [TEST_STEP][PASSED] - sendKeys(findTestObject("create_new_with_drawal/input_date"), am_pm): Keys 'PM' sent to object: 'Object Repository/create_new_with_drawal/input_date'

2024-01-07 22:09:34 - [MESSAGE][PASSED] - Keys 'PM' sent to object: 'Object Repository/create_new_with_drawal/input_date'

2024-01-07 22:09:34 - [TEST_STEP][PASSED] - verifyElementAttributeValue(findTestObject("create_new_with_drawal/input_date"), "value", expected_result, 0): Object 'Object Repository/create_new_with_drawal/input_date' has attribute 'value' with value '2000-05-05T16:19'

2024-01-07 22:09:34 - [MESSAGE][WARNING] - Timeout '0' is invalid. Using default page load timeout: '30'

2024-01-07 22:09:34 - [MESSAGE][PASSED] - Object 'Object Repository/create_new_with_drawal/input_date' has attribute 'value' with value '2000-05-05T16:19'

2024-01-07 22:09:34 - [TEST_STEP][PASSED] - closeBrowser(): Browser is closed

2024-01-07 22:09:35 - [MESSAGE][PASSED] - Browser is closed]]></system-out>
         <system-err><![CDATA[]]></system-err>
      </testcase>
      <system-out><![CDATA[2024-01-07 22:04:56 - [TEST_SUITE][PASSED] - create new transaction - withdrawal: Test Cases/GUI/create new transaction - withdrawal/TC7]]></system-out>
      <system-err><![CDATA[]]></system-err>
   </testsuite>
</testsuites>
